Project Name,Package Name,Type Name,Method Name,Implementation Smell,Cause of the Smell,Method start line no
input,org.apache.maven.toolchain,DefaultToolchainManagerPrivateTest,testToolchainsForConfiguredType,Magic Number,The method contains a magic number: 2,109
input,org.apache.maven.artifact.versioning,ComparableVersion,parseVersion,Complex Method,Cyclomatic complexity of the method is 16,660
input,org.apache.maven.cli,CLIManager,CLIManager,Long Statement,"The length of the statement ""options.addOption(Option.builder(FAIL_ON_SEVERITY).longOpt(""fail-on-severity"").desc(""Configure which severity of logging should cause the build to fail"").hasArg().build());"" is 172.",127
input,org.apache.maven.artifact.transform,TransformationManagerTest,testTransformationManager,Magic Number,The method contains a magic number: 2,41
input,org.apache.maven.model.building,BuildModelSourceTransformerTest,testParent,Long Statement,"The length of the statement ""Model initial=new Model(org.apache.maven.api.model.Model.newBuilder().parent(org.apache.maven.api.model.Parent.newBuilder().groupId(""GROUPID"").artifactId(""ARTIFACTID"").build()).build());"" is 186.",53
input,org.apache.maven.settings,SettingsUtilsV4,convertToSettingsRepository,Long Statement,"The length of the statement ""Repository repo=Repository.newBuilder().id(modelRepo.getId()).layout(modelRepo.getLayout()).name(modelRepo.getName()).url(modelRepo.getUrl()).snapshots(modelRepo.getSnapshots() != null ? convertRepositoryPolicy(modelRepo.getSnapshots()) : null).releases(modelRepo.getReleases() != null ? convertRepositoryPolicy(modelRepo.getReleases()) : null).build();"" is 353.",280
input,org.apache.maven.cli.transfer,FileSizeFormatTest,testSizeWithSelectedScaleUnit,Magic Number,The method contains a magic number: 1000L,105
input,org.apache.maven.plugin,ReflectionValueExtractor,evaluate,Complex Conditional,The conditional expression expression == null || expression.isEmpty() || !Character.isJavaIdentifierStart(expression.charAt(0)) is complex.,137
input,org.apache.maven.building,FileSourceTest,testFileSource,Long Statement,"The length of the statement ""NullPointerException e=assertThrows(NullPointerException.class`() -> new FileSource(null)`""Should fail` since you must specify a file"");"" is 136.",32
input,org.apache.maven.repository.internal,DefaultModelResolver,resolveModel,Long Statement,"The length of the statement ""throw new UnresolvableModelException(String.format(""No versions matched the requested dependency version range '%s'""`dependency.getVersion())`dependency.getGroupId()`dependency.getArtifactId()`dependency.getVersion());"" is 218.",212
input,org.apache.maven.model.interpolation,AbstractModelInterpolatorTest,testBaseUri,Long Statement,"The length of the statement ""Model model=Model.newBuilder().version(""3.8.1"").artifactId(""foo"").repositories(Collections.singletonList(Repository.newBuilder().url(""${project.baseUri}/temp-repo"").build())).build();"" is 183.",293
input,org.apache.maven.repository,DelegatingLocalArtifactRepository,hashCode,Magic Number,The method contains a magic number: 31,147
input,org.apache.maven.model.path,DefaultModelPathTranslator,alignToBaseDirectory,Long Statement,"The length of the statement ""newBuild=Build.newBuilder(build).directory(alignToBaseDirectory(build.getDirectory()`basedir)).sourceDirectory(alignToBaseDirectory(build.getSourceDirectory()`basedir)).testSourceDirectory(alignToBaseDirectory(build.getTestSourceDirectory()`basedir)).scriptSourceDirectory(alignToBaseDirectory(build.getScriptSourceDirectory()`basedir)).resources(map(build.getResources()`r -> alignToBaseDirectory(r`basedir))).testResources(map(build.getTestResources()`r -> alignToBaseDirectory(r`basedir))).filters(map(build.getFilters()`s -> alignToBaseDirectory(s`basedir))).outputDirectory(alignToBaseDirectory(build.getOutputDirectory()`basedir)).testOutputDirectory(alignToBaseDirectory(build.getTestOutputDirectory()`basedir)).build();"" is 727.",52
input,org.apache.maven,DefaultMaven,validateRequiredProfiles,Long Statement,"The length of the statement ""final String message=MessageFormatter.format(""The requested profiles {} could not be activated or deactivated because they do not"" + "" exist.""`notFoundRequiredProfiles).getMessage();"" is 182.",524
input,org.apache.maven.model.validation,DefaultModelValidatorTest,testBadPluginVersion,Long Statement,"The length of the statement ""assertContains(result.getErrors().get(3)`""'build.plugins.plugin.version' for test:ifsc must not contain any of these characters"");"" is 130.",400
input,org.apache.maven.artifact.resolver,DefaultArtifactResolver,resolve,Long Statement,"The length of the statement ""ArtifactResolutionException are=new ArtifactResolutionException(""Unable to get dependency information for "" + rootArtifact.getId() + "": ""+ e.getMessage()`rootArtifact`metadataRequest.getRemoteRepositories()`e);"" is 210.",368
input,org.apache.maven.repository,DelegatingLocalArtifactRepository,hashCode,Magic Number,The method contains a magic number: 17,147
input,org.apache.maven.model.inheritance,MergerTest,testMergerPreserveLocations,Magic Number,The method contains a magic number: 13,36
input,org.apache.maven.project,PomConstructionTest,testPercentEncodedUrlsMustNotBeDecoded,Long Statement,"The length of the statement ""assertEquals(""scm:svn:svn+ssh://snap.apache.org/spacy%20path""`pom.getValue(""distributionManagement/snapshotRepository/url""));"" is 125.",1535
input,org.apache.maven.internal.impl,DefaultModelXmlFactory,write,Complex Conditional,The conditional expression writer == null && outputStream == null && path == null is complex.,83
input,org.apache.maven.api.services,ToolchainsBuilderRequest,build,Long Statement,"The length of the statement ""return builder().session(nonNull(session`""session cannot be null"")).globalToolchainsPath(nonNull(globalToolchainsPath`""globalToolchainsPath cannot be null"")).userToolchainsPath(nonNull(userToolchainsPath`""userToolchainsPath cannot be null"")).build();"" is 250.",77
input,org.apache.maven.artifact.resolver,DefaultArtifactResolver,resolve,Complex Method,Cyclomatic complexity of the method is 17,368
input,org.apache.maven.project.interpolation,AbstractStringBasedModelInterpolator,interpolate,Magic Number,The method contains a magic number: 1024,128
input,org.apache.maven.repository.internal,DefaultArtifactDescriptorReader,loadPom,Long Statement,"The length of the statement ""a=new RelocatedArtifact(a`relocation.getGroupId()`relocation.getArtifactId()`relocation.getVersion()`relocation.getMessage());"" is 126.",126
input,org.apache.maven.internal.xml,XmlNodeImpl,XmlNodeImpl,Long Parameter List,The method has 5 parameters. ,71
input,org.apache.maven.lifecycle,LifecycleExecutorTest,testCalculationOfBuildPlanTasksOfTheCleanLifecycleAndTheInstallLifecycle,Magic Number,The method contains a magic number: 6,155
input,org.apache.maven.internal.aether,DefaultRepositorySystemSessionFactory,setUpLocalRepositoryManager,Long Statement,"The length of the statement ""List<String> paths=Arrays.stream(localRepoTail.split(""`"")).filter(p -> p != null && !p.trim().isEmpty()).collect(toList());"" is 123.",365
input,org.apache.maven.model.inheritance,DefaultInheritanceAssembler,getChildPathAdjustment,Magic Number,The method contains a magic number: 4,66
input,org.apache.maven.repository,MetadataGraphNode,MetadataGraphNode,Magic Number,The method contains a magic number: 8,40
input,org.apache.maven.model.inheritance,MergerTest,testMergerPreserveLocations,Magic Number,The method contains a magic number: 31,36
input,org.apache.maven.plugin.internal,DefaultMavenPluginManager,setupPluginRealm,Long Parameter List,The method has 5 parameters. ,317
input,org.apache.maven.project,DefaultModelBuildingListener,buildExtensionsAssembled,Long Statement,"The length of the statement ""event.getProblems().add(new ModelProblemCollectorRequest(Severity.ERROR`Version.BASE).setMessage(""Unresolvable build extension: "" + e.getMessage()).setException(e));"" is 165.",73
input,org.apache.maven.repository.internal,DefaultVersionRangeResolver,invalidMetadata,Long Parameter List,The method has 5 parameters. ,237
input,org.apache.maven.cli,MavenCli,execute,Long Statement,"The length of the statement ""slf4jLogger.error(""For more information about the errors and possible solutions"" + ""` please read the following articles:"");"" is 124.",932
input,org.apache.maven.cli.transfer,FileSizeFormatTest,testSize,Magic Number,The method contains a magic number: 1000L,40
input,org.apache.maven.toolchain.building,ToolchainsBuildingExceptionTest,testOneProblem,Magic Number,The method contains a magic number: 3,39
input,org.apache.maven.repository.metadata,DefaultGraphConflictResolutionPolicyTest,setUp,Magic Number,The method contains a magic number: 2,37
input,org.apache.maven.artifact.resolver,AbstractArtifactResolutionException,constructMissingArtifactMessage,Long Parameter List,The method has 9 parameters. ,236
input,org.apache.maven.model.validation,DefaultModelValidator,validateEffectiveModel,Long Statement,"The length of the statement ""addViolation(problems`Severity.ERROR`Version.BASE`""modules.module["" + i + ""]""`null`""has been specified without a path to the project directory.""`m.getLocation(""modules""));"" is 171.",421
input,org.apache.maven.model.validation,DefaultModelValidator,validateEffectiveDependency,Long Statement,"The length of the statement ""addViolation(problems`Severity.ERROR`Version.BASE`prefix + ""systemPath""`d.getManagementKey()`""must be omitted. This field may only be specified for a dependency with system scope.""`d);"" is 184.",839
input,org.apache.maven.internal.aether,DefaultRepositorySystemSessionFactoryTest,connectionTimeoutFromHttpConfigurationTest,Long Statement,"The length of the statement ""int connectionTimeout=(Integer)systemSessionFactory.newRepositorySession(request).getConfigProperties().get(ConfigurationProperties.CONNECT_TIMEOUT + ""."" + server.getId());"" is 172.",232
input,org.apache.maven.lifecycle.internal,DependencyContext,getScopesToResolveForAggregatedProjects,Long Identifier,The length of the field scopesToResolveForAggregatedProjects is 36.,80
input,org.apache.maven.model.validation,DefaultModelValidatorTest,testInvalidCoordinateIds,Magic Number,The method contains a magic number: 2,152
input,org.apache.maven.model.validation,DefaultModelValidator,validate20RawDependencies,Complex Method,Cyclomatic complexity of the method is 13,588
input,org.apache.maven.plugin.prefix.internal,DefaultPluginPrefixResolver,resolve,Long Statement,"The length of the statement ""logger.debug(""Resolved plugin prefix {} to {}:{} from POM {}""`request.getPrefix()`result.getGroupId()`result.getArtifactId()`request.getPom());"" is 143.",80
input,org.apache.maven.model.path,DefaultUrlNormalizer,normalize,Magic Number,The method contains a magic number: 3,32
input,org.apache.maven.cli,CLIManager,CLIManager,Long Statement,"The length of the statement ""options.addOption(Option.builder(LOG_FILE).longOpt(""log-file"").hasArg().desc(""Log file where all build output will go (disables output color)"").build());"" is 153.",127
input,org.apache.maven.model.root,RootLocator,getNoRootMessage,Long Identifier,The length of the field UNABLE_TO_FIND_ROOT_PROJECT_MESSAGE is 35.,63
input,org.apache.maven.settings.building,DefaultSettingsBuilder,readSettings,Long Statement,"The length of the statement ""problems.add(SettingsProblem.Severity.FATAL`""Non-parseable settings "" + settingsSource.getLocation() + "": ""+ e.getMessage()`e.getLineNumber()`e.getColumnNumber()`e);"" is 165.",167
input,org.apache.maven.lifecycle.internal.builder.multithreaded,ThreadOutputMuxerTest,testSingleThreaded,Magic Number,The method contains a magic number: 2,61
input,org.apache.maven.cli,MavenCli,initialize,Complex Method,Cyclomatic complexity of the method is 11,307
input,org.apache.maven.model.merge,MavenModelMerger,mergeScm_Connection,Long Parameter List,The method has 5 parameters. ,490
input,org.apache.maven.project.artifact,MavenMetadataSource,retrieveRelocatedProject,Long Statement,"The length of the statement ""message=""Invalid POM for "" + artifact.getId() + ""` transitive dependencies (if any) will not be available""+ ""` enable verbose output (-X) for more details"";"" is 156.",510
input,org.apache.maven.plugin.internal,DefaultPluginValidationManager,reportPluginMojoValidationIssue,Long Statement,"The length of the statement ""pluginIssues.reportPluginMojoIssue(locality`pluginDeclaration(mavenSession`mojoDescriptor)`mojoInfo(mojoDescriptor`mojoClass)`issue);"" is 133.",160
input,org.apache.maven.internal.impl,DefaultArtifactCoordinate,equals,Long Statement,"The length of the statement ""return Objects.equals(this.getGroupId()`that.getGroupId()) && Objects.equals(this.getArtifactId()`that.getArtifactId()) && Objects.equals(this.getVersion()`that.getVersion())&& Objects.equals(this.getClassifier()`that.getClassifier());"" is 235.",75
input,org.apache.maven.cli,CLIReportingUtils,formatDuration,Magic Number,The method contains a magic number: 60,166
input,org.apache.maven.model.profile.activation,JdkVersionProfileActivator,isActive,Long Statement,"The length of the statement ""problems.add(new ModelProblemCollectorRequest(Severity.ERROR`Version.BASE).setMessage(""Failed to determine Java version for profile "" + profile.getId()).setLocation(activation.getLocation(""jdk"")));"" is 197.",50
input,org.apache.maven.lifecycle.internal,MojoExecutor,ensureDependenciesAreResolved,Long Statement,"The length of the statement ""lifeCycleDependencyResolver.resolveProjectDependencies(project`scopesToCollect`scopesToResolve`session`aggregating`Collections.emptySet());"" is 139.",347
input,org.apache.maven.lifecycle.internal,DependencyContext,DependencyContext,Long Identifier,The length of the field scopesToCollectForCurrentProject is 32.,55
input,org.apache.maven.cli,CLIManager,CLIManager,Long Statement,"The length of the statement ""options.addOption(Option.builder(Character.toString(CHECKSUM_WARNING_POLICY)).longOpt(""lax-checksums"").desc(""Warn if checksums don't match"").build());"" is 150.",127
input,org.apache.maven,ReactorReader,findArtifact,Long Statement,"The length of the statement ""if (packagedArtifactFile != null && packagedArtifactFile.exists() && isPackagedArtifactUpToDate(project`packagedArtifactFile)) {"" is 128.",140
input,org.apache.maven.plugin,PluginParameterExpressionEvaluator,stripTokens,Magic Number,The method contains a magic number: 2,332
input,org.apache.maven.artifact.resolver,ArtifactResolutionRequest,toString,Long Statement,"The length of the statement ""StringBuilder sb=new StringBuilder().append(""REQUEST: "").append(LS).append(""artifact: "").append(artifact).append(LS).append(artifactDependencies).append(LS).append(""localRepository: "").append(localRepository).append(LS).append(""remoteRepositories: "").append(remoteRepositories);"" is 278.",209
input,org.apache.maven.settings.validation,DefaultSettingsValidatorTest,testValidateMirror,Magic Number,The method contains a magic number: 4,86
input,org.apache.maven.internal.xml,XmlNodeImplTest,testShouldCopyRecessiveChildrenNotPresentInTarget,Magic Number,The method contains a magic number: 2,531
input,org.apache.maven.project.collector,MultiModuleCollectionStrategy,isModuleOutsideRequestScopeDependingOnPluginModule,Long Statement,"The length of the statement ""List<MavenProject> modules=requestPomProject.getCollectedProjects() != null ? requestPomProject.getCollectedProjects() : Collections.emptyList();"" is 145.",131
input,org.apache.maven.model.building,FileToRawModelMergerTest,testOverriddenMergeMethods,Magic Number,The method contains a magic number: 5,36
input,org.apache.maven.model.validation,DefaultModelValidator,validateStringNotEmpty,Long Parameter List,The method has 8 parameters. ,1345
input,org.slf4j.impl,MavenSimpleLoggerTest,includesCauseAndSuppressedExceptionsWhenWritingThrowables,Long Statement,"The length of the statement ""String testClassStackTraceLinePattern=""at "" + testClass.getName() + "".""+ testMethodName+ "" \\(""+ testClass.getSimpleName()+ "".java:\\d+\\)"";"" is 140.",35
input,org.apache.maven.lifecycle.internal,DependencyContext,isResolutionRequiredForAggregatedProjects,Long Statement,"The length of the statement ""return scopesToCollectForAggregatedProjects.addAll(scopesToCollect) || scopesToResolveForAggregatedProjects.addAll(scopesToResolve);"" is 132.",89
input,org.apache.maven.repository.internal,DefaultModelResolverTest,newModelResolver,Long Statement,"The length of the statement ""return new DefaultModelResolver(this.session`null`this.getClass().getName()`getContainer().lookup(ArtifactResolver.class)`getContainer().lookup(VersionRangeResolver.class)`getContainer().lookup(RemoteRepositoryManager.class)`Arrays.asList(newTestRepository()));"" is 261.",199
input,org.apache.maven.artifact.versioning,VersionRange,parseRestriction,Complex Conditional,The conditional expression result < 0 || (result == 0 && (!lowerBoundInclusive || !upperBoundInclusive)) is complex.,160
input,org.apache.maven.execution,MojoExecutionEvent,MojoExecutionEvent,Long Parameter List,The method has 5 parameters. ,51
input,org.apache.maven.model.building,DefaultModelBuilder,readParentLocally,Long Statement,"The length of the statement ""if (groupId == null || !groupId.equals(parent.getGroupId()) || artifactId == null || !artifactId.equals(parent.getArtifactId())) {"" is 130.",1381
input,org.apache.maven.artifact.resolver,AbstractArtifactResolutionException,AbstractArtifactResolutionException,Long Parameter List,The method has 9 parameters. ,66
input,org.apache.maven.repository.legacy.resolver,DefaultLegacyArtifactCollector,manageArtifact,Complex Conditional,The conditional expression (artifact.getVersion() != null) && (!node.isChildOfRootNode() || node.getArtifact().getVersion() == null) is complex.,565
input,org.apache.maven.model.interpolation,AbstractModelInterpolatorTest,shouldIgnorePropertiesWithPomPrefix,Long Statement,"The length of the statement ""Model model=Model.newBuilder().name(uninterpolatedName).organization(Organization.newBuilder().name(orgName).build()).build();"" is 126.",486
input,org.apache.maven.repository.legacy,DefaultWagonManager,putRemoteFile,Complex Method,Cyclomatic complexity of the method is 8,494
input,org.apache.maven.project,PomConstructionTest,testCompleteModel,Long Method,The method has 171 lines of code.,1247
input,org.apache.maven.plugin,MethodMap,isMethodInvocationConvertible,Complex Conditional,The conditional expression formal == Double.TYPE && (actual == Double.class || actual == Float.class || actual == Long.class || actual == Integer.class || actual == Short.class || actual == Byte.class) is complex.,262
input,org.apache.maven.cli.transfer,FileSizeFormatTest,testSize,Magic Number,The method contains a magic number: 1000L,40
input,org.apache.maven.project,DefaultProjectBuilder,initParent,Long Parameter List,The method has 5 parameters. ,844
input,org.apache.maven.model.validation,DefaultModelValidatorTest,testInvalidVersionInPluginManagement,Long Statement,"The length of the statement ""assertEquals(""'build.pluginManagement.plugins.plugin.(groupId:artifactId)' version of a plugin must be defined. ""`result.getFatals().get(0));"" is 141.",647
input,org.apache.maven.model.root,DefaultRootLocator,isRootDirectory,Empty catch clause,The method has an empty catch block.,35
input,org.apache.maven.cli,CLIManager,CLIManager,Long Statement,"The length of the statement ""options.addOption(Option.builder(RESUME).longOpt(""resume"").desc(""Resume reactor from the last failed project` using the resume.properties file in the build directory"").build());"" is 177.",127
input,org.apache.maven.toolchain.merge,MavenToolchainMergerTest,testMergeJdkExtra,Magic Number,The method contains a magic number: 2,60
input,org.apache.maven.lifecycle.internal,ProjectBuildList,getByTaskSegment,Long Statement,"The length of the statement ""return new ProjectBuildList(items.stream().filter(pb -> taskSegment == pb.getTaskSegment()).collect(Collectors.toList()));"" is 122.",51
input,org.apache.maven.toolchain.merge,MavenToolchainMergerTest,testMergeJdkExtend,Magic Number,The method contains a magic number: 2,87
input,org.apache.maven.project,MavenProject,getRuntimeClasspathElements,Complex Conditional,The conditional expression a.getArtifactHandler().isAddedToClasspath() && (Artifact.SCOPE_COMPILE.equals(a.getScope()) || Artifact.SCOPE_RUNTIME.equals(a.getScope())) is complex.,369
input,org.apache.maven.settings.validation,DefaultSettingsValidator,validate,Complex Method,Cyclomatic complexity of the method is 24,54
input,org.apache.maven.utils,Os,isFamily,Complex Method,Cyclomatic complexity of the method is 14,137
input,org.apache.maven.execution,DefaultMavenExecutionRequestPopulator,populateFromSettings,Complex Method,Cyclomatic complexity of the method is 10,146
input,org.apache.maven.artifact.repository.metadata,MetadataTest,mergeWithSameSnapshotWithDifferentVersionsAndNewerLastUpdated,Magic Number,The method contains a magic number: 2,115
input,org.apache.maven.model.interpolation,AbstractStringBasedModelInterpolator,createPostProcessors,Magic Number,The method contains a magic number: 2,206
input,org.apache.maven.graph,DefaultProjectDependencyGraphTest,testWithMissingTransitiveOnly,Long Statement,"The length of the statement ""final ProjectDependencyGraph graph=new DefaultProjectDependencyGraph(Arrays.asList(depender1`transitiveOnly`depender2`depender3`aProject));"" is 139.",114
input,org.apache.maven.model.validation,DefaultModelValidatorTest,testBadImportScopeClassifier,Long Statement,"The length of the statement ""assertContains(result.getErrors().get(0)`""'dependencyManagement.dependencies.dependency.classifier' for test:a:pom:cls must be empty"");"" is 135.",616
input,org.apache.maven.cli.transfer,FileSizeFormatTest,testProgressedSizeWithSize,Magic Number,The method contains a magic number: 2L,248
input,org.apache.maven.plugin,MethodMap,isMethodInvocationConvertible,Long Statement,"The length of the statement ""if (formal == Double.TYPE && (actual == Double.class || actual == Float.class || actual == Long.class || actual == Integer.class || actual == Short.class || actual == Byte.class)) {"" is 181.",262
input,org.apache.maven.lifecycle,LifecycleExecutorTest,testLifecycleQueryingUsingADefaultLifecyclePhase,Magic Number,The method contains a magic number: 7,260
input,org.apache.maven.cli.event,ExecutionEventLoggerTest,testTerminalWidth,Magic Number,The method contains a magic number: 110,132
input,org.apache.maven.lifecycle.internal,DependencyContext,isResolutionRequiredForAggregatedProjects,Long Identifier,The length of the field scopesToResolveForAggregatedProjects is 36.,89
input,org.apache.maven.model.building,DefaultModelBuilder,loadDependencyManagement,Long Statement,"The length of the statement ""DependencyManagement importMgmtV3=doLoadDependencyManagement(model`request`problems`dependency`groupId`artifactId`version`importIds);"" is 133.",1656
input,org.apache.maven.artifact.repository,LegacyLocalRepositoryManager,getPathForRemoteMetadata,Long Statement,"The length of the statement ""return delegate.pathOfLocalRepositoryMetadata(new ArtifactMetadataAdapter(metadata)`new ArtifactRepositoryAdapter(repository));"" is 127.",127
input,org.apache.maven.plugin.prefix.internal,DefaultPluginPrefixResolver,resolveFromRepository,Long Parameter List,The method has 5 parameters. ,222
input,org.apache.maven.project,PomConstructionTest,testReportingInterpolation,Long Statement,"The length of the statement ""assertEquals(createPath(Arrays.asList(System.getProperty(""user.dir"")`""src""`""test""`""resources-project-builder""`""reporting-interpolation""`""target""`""site""))`pom.getValue(""reporting/outputDirectory""));"" is 197.",479
input,org.apache.maven.lifecycle.internal,LifecycleStarter,LifecycleStarter,Long Identifier,The length of the field lifecycleTaskSegmentCalculator is 30.,63
input,org.apache.maven.plugin.internal,DeprecatedPluginValidator,doValidate,Long Statement,"The length of the statement ""pluginValidationManager.reportPluginMojoValidationIssue(PluginValidationManager.IssueLocality.INTERNAL`mavenSession`mojoDescriptor`mojoClass`logDeprecatedMojo(mojoDescriptor));"" is 176.",55
input,org.apache.maven.artifact.resolver,DefaultArtifactResolver,resolve,Long Statement,"The length of the statement ""if (result.hasMetadataResolutionExceptions() || result.hasVersionRangeViolations() || result.hasCircularDependencyExceptions()) {"" is 129.",368
input,org.apache.maven.artifact.factory,DefaultArtifactFactory,createArtifact,Long Parameter List,The method has 8 parameters. ,149
input,org.apache.maven.repository.legacy.resolver,DefaultLegacyArtifactCollector,recurse,Long Statement,"The length of the statement ""throw new ArtifactResolutionException(""Unable to get dependency information for "" + artifact.getId() + "": ""+ e.getMessage()`artifact`childRemoteRepositories`e);"" is 160.",228
input,org.apache.maven.artifact.repository.layout,FlatRepositoryLayout,pathOf,Magic Number,The method contains a magic number: 128,45
input,org.apache.maven.model.building,FileToRawModelMerger,mergePlugin_Executions,Long Parameter List,The method has 5 parameters. ,181
input,org.apache.maven.model.building,DefaultModelBuilder,doReadFileModel,Long Statement,"The length of the statement ""problems.add(new ModelProblemCollectorRequest(Severity.FATAL`Version.BASE).setMessage(""Non-parseable POM "" + modelSource.getLocation() + "": ""+ e.getMessage()).setException(e));"" is 176.",1020
input,org.apache.maven.repository.metadata,DefaultGraphConflictResolverTest,setUp,Magic Number,The method contains a magic number: 2,48
input,org.apache.maven.toolchain,DefaultToolchainManagerTest,testModelsAndFactory,Magic Number,The method contains a magic number: 2,110
input,org.apache.maven.repository.legacy.resolver,DefaultLegacyArtifactCollector,recurse,Long Parameter List,The method has 9 parameters. ,228
input,org.apache.maven.model.validation,DefaultModelValidatorTest,testIncompleteParent,Magic Number,The method contains a magic number: 2,426
input,org.apache.maven.repository.internal,DefaultModelResolver,resolveModel,Long Statement,"The length of the statement ""throw new UnresolvableModelException(e.getMessage()`dependency.getGroupId()`dependency.getArtifactId()`dependency.getVersion()`e);"" is 130.",212
input,org.apache.maven.model.building,DefaultModelBuilder,loadDependencyManagement,Complex Method,Cyclomatic complexity of the method is 9,1656
input,org.apache.maven.model,InputLocation,InputLocation,Long Statement,"The length of the statement ""this.locations=location.getLocations().isEmpty() ? null : location.getLocations().entrySet().stream().collect(Collectors.toMap(e -> e.getKey()`e -> e.getValue() == location ? this : new InputLocation(e.getValue())));"" is 216.",66
input,org.apache.maven.artifact.factory,DefaultArtifactFactory,createDependencyArtifact,Long Parameter List,The method has 7 parameters. ,65
input,org.apache.maven.repository.metadata,MetadataGraphEdge,toString,Long Statement,"The length of the statement ""return ""[ "" + ""FROM:("" + (source == null ? ""no source"" : (source.md == null ? ""no source MD"" : source.md.toString())) + "") ""+ ""TO:(""+ (target == null ? ""no target"" : (target.md == null ? ""no target MD"" : target.md.toString()))+ "") ""+ ""version=""+ version+ ""` scope=""+ (scope == null ? ""null"" : scope.getScope())+ ""` depth=""+ depth+ ""]"";"" is 335.",157
input,org.apache.maven.model.validation,DefaultModelValidator,validate20RawDependencies,Long Statement,"The length of the statement ""addViolation(problems`errOn31`Version.V20`prefix + prefix2 + ""(groupId:artifactId:type:classifier)""`null`""must be unique: "" + key + "" -> ""+ msg`dependency);"" is 156.",588
input,org.apache.maven.project,PomConstructionTest,testMultipleRepositories,Magic Number,The method contains a magic number: 2,574
input,org.apache.maven.artifact.repository.metadata,MetadataTest,mergeWithSnapshotLegacy,Magic Number,The method contains a magic number: 5000,202
input,org.apache.maven.configuration,DefaultBeanConfiguratorPathTest,toConfig,Long Statement,"The length of the statement ""return new Xpp3Dom(XmlNodeBuilder.build(new StringReader(""<configuration>"" + xml + ""</configuration>"")`(XmlNodeBuilder.InputLocationBuilderStax)null));"" is 151.",53
input,org.apache.maven.plugin,PluginParameterExpressionEvaluatorTest,testPluginArtifactIdExpressionReference,Long Statement,"The length of the statement ""assertSame(exec.getMojoDescriptor().getPluginDescriptor().getArtifactId()`result`""${plugin.artifactId} expression does not return plugin descriptor's artifactId."");"" is 164.",141
input,org.apache.maven.artifact.repository.metadata,DefaultRepositoryMetadataManager,resolve,Magic Number,The method contains a magic number: 10,73
input,org.apache.maven.project,ProjectBuilderTest,testReadErroneousMavenProjectContainsReference,Long Statement,"The length of the statement ""org.apache.maven.project.ProjectBuilder projectBuilder=getContainer().lookup(org.apache.maven.project.ProjectBuilder.class);"" is 124.",193
input,org.apache.maven,AbstractCoreMavenComponentTestCase,createMavenExecutionRequest,Long Statement,"The length of the statement ""MavenExecutionRequest request=new DefaultMavenExecutionRequest().setPom(pom).setProjectPresent(true).setShowErrors(true).setPluginGroups(Arrays.asList(""org.apache.maven.plugins"")).setLocalRepository(getLocalRepository()).setRemoteRepositories(getRemoteRepositories()).setPluginArtifactRepositories(getPluginArtifactRepositories()).setGoals(Arrays.asList(""package""));"" is 366.",84
input,org.apache.maven.artifact.resolver,ArtifactNotFoundException,ArtifactNotFoundException,Long Statement,"The length of the statement ""super(constructMissingArtifactMessage(message`""""`groupId`artifactId`version`type`classifier`downloadUrl`path)`groupId`artifactId`version`type`classifier`remoteRepositories`null`cause);"" is 184.",64
input,org.apache.maven.model.building,DefaultModelBuilder,setDependencyManagementInjector,Long Statement,"The length of the statement ""return new DefaultModelBuilder(modelProcessor`modelValidator`modelNormalizer`modelInterpolator`modelPathTranslator`modelUrlNormalizer`superPomProvider`inheritanceAssembler`profileSelector`profileInjector`pluginManagementInjector`dependencyManagementInjector`dependencyManagementImporter`lifecycleBindingsInjector`pluginConfigurationExpander`reportConfigurationExpander`profileActivationFilePathInterpolator`versionProcessor`transformer);"" is 437.",476
input,org.apache.maven.internal.impl,DefaultSession,withLocalRepository,Long Statement,"The length of the statement ""RepositorySystemSession repoSession=new DefaultRepositorySystemSession(session).setLocalRepositoryManager(localRepositoryManager);"" is 130.",214
input,org.apache.maven.artifact.repository.metadata,MetadataTest,mergeLegacyWithSnapshot,Magic Number,The method contains a magic number: 5000,184
input,org.apache.maven.model.validation,DefaultModelValidator,addViolation,Magic Number,The method contains a magic number: 256,1692
input,org.apache.maven.artifact.resolver,ArtifactNotFoundException,ArtifactNotFoundException,Long Statement,"The length of the statement ""this(message`artifact.getGroupId()`artifact.getArtifactId()`artifact.getVersion()`artifact.getType()`artifact.getClassifier()`null`artifact.getDownloadUrl()`artifact.getDependencyTrail());"" is 188.",36
input,org.apache.maven.repository.legacy,DefaultWagonManagerTest,testChecksumVerification,Long Statement,"The length of the statement ""assertThrows(ChecksumFailedException.class`() -> wagonManager.getArtifact(artifact`repo`null`false)`""Checksum verification did not fail"");"" is 138.",245
input,org.apache.maven.repository.legacy,LegacyRepositorySystem,createDependencyArtifact,Long Statement,"The length of the statement ""Artifact artifact=artifactFactory.createDependencyArtifact(d.getGroupId()`d.getArtifactId()`versionRange`d.getType()`d.getClassifier()`d.getScope()`d.isOptional());"" is 164.",133
input,org.apache.maven.repository.legacy.resolver.transform,DefaultArtifactTransformationManager,DefaultArtifactTransformationManager,Long Statement,"The length of the statement ""this.artifactTransformations=Stream.of(""release""`""latest""`""snapshot"").map(artifactTransformations::get).filter(Objects::nonNull).collect(Collectors.toList());"" is 158.",48
input,org.apache.maven.model.validation,DefaultModelValidator,validateBannedCharacters,Long Parameter List,The method has 9 parameters. ,1572
input,org.apache.maven.internal.impl,DefaultProjectManager,attachArtifact,Long Statement,"The length of the statement ""getMavenProject(project).addAttachedArtifact(RepositoryUtils.toArtifact(((DefaultProject)project).getSession().toArtifact(artifact)));"" is 134.",84
input,org.apache.maven.plugin.version.internal,DefaultPluginVersionResolver,mergeMetadata,Long Parameter List,The method has 5 parameters. ,272
input,org.apache.maven.model.interpolation,AbstractModelInterpolatorTest,testRootDirectory,Long Statement,"The length of the statement ""Model model=Model.newBuilder().version(""3.8.1"").artifactId(""foo"").repositories(Collections.singletonList(Repository.newBuilder().url(""file:${project.rootDirectory}/temp-repo"").build())).build();"" is 194.",312
input,org.apache.maven.lifecycle.internal,ProjectIndex,ProjectIndex,Magic Number,The method contains a magic number: 2,43
input,org.apache.maven.repository.legacy.resolver,DefaultArtifactCollectorTest,testOptionalNotTransitiveButVersionIsInfluential,Long Statement,"The length of the statement ""assertEquals(createSet(new Object[]{a.artifact`b.artifact`c.artifact`d.artifact`e.artifact})`res.getArtifacts()`""Check artifact list"");"" is 135.",626
input,org.apache.maven.internal.impl,TestApi,setup,Long Statement,"The length of the statement ""DefaultSession session=new DefaultSession(ms`repositorySystem`Collections.emptyList()`mavenRepositorySystem`plexusContainer`runtimeInformation);"" is 144.",95
input,org.apache.maven,ProjectDependenciesResolverTest,testSystemScopeDependencyIsPresentInTheCompileClasspathElements,Magic Number,The method contains a magic number: 2,90
input,org.apache.maven.plugin.internal,DefaultMavenPluginManager,getConfiguredMojo,Long Statement,"The length of the statement ""expressionEvaluator=new PluginParameterExpressionEvaluatorV4(session.getSession()`((DefaultSession)session.getSession()).getProject(session.getCurrentProject())`mojoExecution);"" is 176.",473
input,org.apache.maven.repository.legacy.resolver,DefaultLegacyArtifactCollector,checkScopeUpdate,Long Statement,"The length of the statement ""if (Artifact.SCOPE_RUNTIME.equals(farthestArtifact.getScope()) && (Artifact.SCOPE_TEST.equals(nearestArtifact.getScope()) || Artifact.SCOPE_PROVIDED.equals(nearestArtifact.getScope()))) {"" is 187.",595
input,org.apache.maven.cli,MavenCli,logging,Long Statement,"The length of the statement ""throw new IllegalArgumentException(""Invalid color configuration value '"" + styleColor + ""'. Supported are 'auto'` 'always'` 'never'."");"" is 135.",488
input,org.apache.maven.project.inheritance.t06,ProjectInheritanceTest,testDependencyManagement,Long Statement,"The length of the statement ""System.out.println(""Artifact: "" + artifact.getDependencyConflictId() + "" ""+ artifact.getVersion()+ "" Optional=""+ (artifact.isOptional() ? ""true"" : ""false""));"" is 157.",50
input,org.apache.maven,ReactorReader,isTestArtifact,Long Statement,"The length of the statement ""return (""test-jar"".equals(artifact.getProperty(""type""`""""))) || (""jar"".equals(artifact.getExtension()) && ""tests"".equals(artifact.getClassifier()));"" is 147.",292
input,org.apache.maven.profiles,ProfilesConversionUtils,convertFromProfileXmlProfile,Complex Method,Cyclomatic complexity of the method is 9,36
input,org.apache.maven.model.merge,MavenModelMerger,mergeModel_Name,Long Parameter List,The method has 5 parameters. ,108
input,org.apache.maven.lifecycle.internal,MojoDescriptorCreator,getMojoDescriptor,Magic Number,The method contains a magic number: 3,122
input,org.apache.maven.project,ProjectBuilderTest,testBuildFromModelSource,Long Statement,"The length of the statement ""ProjectBuildingResult result=getContainer().lookup(org.apache.maven.project.ProjectBuilder.class).build(modelSource`configuration);"" is 131.",80
input,org.apache.maven.model.io,DefaultModelReader,read,Long Statement,"The length of the statement ""throw new ModelParseException(e.getMessage()`location != null ? location.getLineNumber() : -1`location != null ? location.getColumnNumber() : -1`e);"" is 148.",103
input,org.apache.maven.model.interpolation,AbstractModelInterpolatorTest,testRecursiveExpressionCycleNPE,Magic Number,The method contains a magic number: 2,451
input,org.apache.maven.artifact.resolver,DefaultArtifactResolver,resolveTransitively,Long Parameter List,The method has 5 parameters. ,270
input,org.apache.maven.internal.aether,DefaultRepositorySystemSessionFactory,newRepositorySession,Long Method,The method has 144 lines of code.,159
input,org.apache.maven.cli.transfer,FileSizeFormatTest,testSize,Magic Number,The method contains a magic number: 999L,40
input,org.apache.maven.project.artifact,AttachedArtifact,setGroupId,Long Statement,"The length of the statement ""throw new UnsupportedOperationException(""Cannot change the groupId for an attached artifact."" + "" It is derived from the main artifact."");"" is 138.",105
input,org.apache.maven.toolchain.merge,MavenToolchainMergerTest,testMergeJdkExtend,Magic Number,The method contains a magic number: 2,87
input,org.apache.maven.api.services,ArtifactFactoryRequest,build,Long Parameter List,The method has 7 parameters. ,64
input,org.apache.maven.cli,CLIManager,CLIManager,Long Statement,"The length of the statement ""options.addOption(Option.builder(Character.toString(ALTERNATE_POM_FILE)).longOpt(""file"").hasArg().desc(""Force the use of an alternate POM file (or directory with pom.xml)"").build());"" is 182.",127
input,org.apache.maven.cli.logging,Slf4jConfigurationFactory,getConfiguration,Empty catch clause,The method has an empty catch block.,40
input,org.apache.maven.artifact.resolver,DefaultArtifactResolver,resolve,Long Statement,"The length of the statement ""result=artifactCollector.collect(artifacts`rootArtifact`managedVersions`collectionRequest`source`collectionFilter`listeners`null);"" is 130.",368
input,org.apache.maven.internal.impl,DefaultArtifactResolver,resolve,Long Statement,"The length of the statement ""DefaultSession session=cast(DefaultSession.class`request.getSession()`""request.session should be a "" + DefaultSession.class);"" is 125.",57
input,org.apache.maven.internal.aether,DefaultRepositorySystemSessionFactory,newRepositorySession,Long Statement,"The length of the statement ""session.setRepositoryListener(new ChainedRepositoryListener(session.getRepositoryListener()`new ReverseTreeRepositoryListener()));"" is 130.",159
input,org.apache.maven,ReactorReader,cleanProjectLocalRepository,Long Statement,"The length of the statement ""Path artifactPath=getProjectLocalRepo().resolve(project.getGroupId()).resolve(project.getArtifactId()).resolve(project.getVersion());"" is 133.",360
input,org.apache.maven.model.validation,DefaultModelValidator,validate20EffectivePluginDependencies,Long Statement,"The length of the statement ""validateEnum(prefix`""scope""`problems`errOn30`Version.BASE`d.getScope()`d.getManagementKey()`d`""compile""`""runtime""`""system"");"" is 124.",808
input,org.apache.maven.internal.transformation,ConsumerPomArtifactTransformer,replacePom,Long Statement,"The length of the statement ""result.add(new DefaultArtifact(main.getGroupId()`main.getArtifactId()`BUILD_POM_CLASSIFIER`main.getExtension()`main.getVersion()`main.getProperties()`main.getFile()));"" is 167.",149
input,org.apache.maven.lifecycle.internal,ProjectBuildList,selectSegment,Long Statement,"The length of the statement ""return items.stream().filter(pb -> taskSegment == pb.getTaskSegment()).collect(Collectors.toMap(ProjectSegment::getProject`Function.identity()));"" is 145.",61
input,org.apache.maven.exception,DefaultExceptionHandler,getMessage,Complex Method,Cyclomatic complexity of the method is 9,225
input,org.apache.maven.lifecycle.internal,DefaultLifecyclePluginAnalyzer,parseGoalSpec,Magic Number,The method contains a magic number: 4,209
input,org.apache.maven.toolchain.merge,MavenToolchainMergerTest,testMergeJdk,Magic Number,The method contains a magic number: 2,47
input,org.apache.maven.plugin,PluginParameterExpressionEvaluator,evaluate,Complex Conditional,The conditional expression (value == null) && ((project != null) && (project.getProperties() != null)) is complex.,126
input,org.apache.maven.graph,ProjectSelectorTest,getOptionalProjectsBySelectorsReturnsProjectWithChildProjects,Magic Number,The method contains a magic number: 2,179
input,org.apache.maven.plugin.internal,DefaultMavenPluginManager,getConfiguredMojo,Magic Number,The method contains a magic number: 1024,473
input,org.apache.maven.project,ProjectSorter,ProjectSorter,Long Statement,"The length of the statement ""addEdge(projectMap`vertexMap`project`projectVertex`extension.getGroupId()`extension.getArtifactId()`extension.getVersion()`false`true);"" is 135.",46
input,org.apache.maven.repository.legacy.resolver,DefaultLegacyArtifactCollector,collect,Long Parameter List,The method has 8 parameters. ,720
input,org.apache.maven.artifact.resolver,AbstractArtifactResolutionException,AbstractArtifactResolutionException,Long Parameter List,The method has 8 parameters. ,53
input,org.apache.maven.toolchain.building,DefaultToolchainsBuilderTest,testBuildRequestWithBothToolchains,Magic Number,The method contains a magic number: 2,144
input,org.apache.maven.cli.transfer,FileSizeFormatTest,testSize,Magic Number,The method contains a magic number: 10L,40
input,org.apache.maven.project.inheritance.t08,ProjectInheritanceTest,testDependencyManagement,Long Statement,"The length of the statement ""System.out.println(""Artifact: "" + artifact.getDependencyConflictId() + "" ""+ artifact.getVersion()+ "" Optional=""+ (artifact.isOptional() ? ""true"" : ""false""));"" is 157.",50
input,org.apache.maven.project.artifact,PluginArtifact,PluginArtifact,Long Statement,"The length of the statement ""super(plugin.getGroupId()`plugin.getArtifactId()`plugin.getVersion()`null`""maven-plugin""`null`new PluginArtifactHandler());"" is 123.",36
input,org.apache.maven.project,ProjectBuilderTest,testReadParentAndChildWithRegularVersionSetParentFile,Long Statement,"The length of the statement ""org.apache.maven.project.ProjectBuilder projectBuilder=getContainer().lookup(org.apache.maven.project.ProjectBuilder.class);"" is 124.",252
input,org.apache.maven.lifecycle.internal,DefaultExecutionEventCatapult,fire,Missing default,The following switch statement is missing a default case: !org.eclipse.jdt.core.dom.SwitchStatement@7de51ee2,43
input,org.apache.maven.artifact.testutils,TestFileManager,createTempDir,Magic Number,The method contains a magic number: 20,77
input,org.apache.maven.repository.internal,RelocatedArtifact,RelocatedArtifact,Long Parameter List,The method has 5 parameters. ,42
input,org.apache.maven.project.interpolation,PathTranslatingPostProcessor,execute,Complex Conditional,The conditional expression projectDir != null && value != null && unprefixedPathKeys.contains(expression) is complex.,50
input,org.apache.maven.execution,DefaultMavenExecutionRequest,isUseLegacyLocalRepository,Long Identifier,The length of the field useLegacyLocalRepositoryManager is 31.,1037
input,org.apache.maven.artifact.factory,DefaultArtifactFactoryTest,testPropagationOfSystemScopeRegardlessOfInheritedScope,Long Statement,"The length of the statement ""Artifact artifact3=factory.createDependencyArtifact(""test-grp""`""test-artifact-3""`VersionRange.createFromVersion(""1.0"")`""type""`null`""system""`""runtime"");"" is 151.",36
input,org.apache.maven.project,PomConstructionTest,testValidationErrorUponNonUniquePluginRepositoryIdInProfile,Long Statement,"The length of the statement ""assertThrows(ProjectBuildingException.class`() -> buildPom(""unique-repo-id/plugin-repo-in-profile"")`""Non-unique repository ids did not cause validation error"");"" is 160.",1661
input,org.apache.maven.model.inheritance,DefaultInheritanceAssemblerTest,testInheritance,Long Statement,"The length of the statement ""File actual=new File(""target/test-classes/poms/inheritance/"" + baseName + (fromRepo ? ""-build"" : ""-repo"")+ ""-actual.xml"");"" is 122.",165
input,org.apache.maven,AbstractCoreMavenComponentTestCase,createMavenSession,Long Statement,"The length of the statement ""ProjectBuildingRequest configuration=new DefaultProjectBuildingRequest().setLocalRepository(request.getLocalRepository()).setRemoteRepositories(request.getRemoteRepositories()).setPluginArtifactRepositories(request.getPluginArtifactRepositories()).setSystemProperties(executionProperties).setUserProperties(new Properties());"" is 325.",114
input,org.apache.maven.project,InvalidProjectVersionException,formatMessage,Long Statement,"The length of the statement ""return ""Invalid version: "" + offendingVersion + "" found for: ""+ locationInPom+ "" in project: ""+ projectId+ "". Reason: ""+ cause.getMessage();"" is 140.",45
input,org.apache.maven.model.validation,DefaultModelValidatorTest,testSystemPathRefersToProjectBasedir,Long Statement,"The length of the statement ""assertContains(result.getWarnings().get(1)`""'dependencies.dependency.systemPath' for test:a:jar should not point at files within the project directory"");"" is 153.",627
input,org.apache.maven.model.plugin,DefaultLifecycleBindingsInjector,injectLifecycleBindings,Long Statement,"The length of the statement ""List<Plugin> plugins=defaultPlugins.stream().map(org.apache.maven.model.Plugin::getDelegate).collect(Collectors.toList());"" is 122.",64
input,org.apache.maven.repository.metadata,ArtifactMetadata,ArtifactMetadata,Long Parameter List,The method has 6 parameters. ,102
input,org.apache.maven.lifecycle.internal,LifecycleModuleBuilder,buildProject,Long Parameter List,The method has 5 parameters. ,80
input,org.apache.maven.plugin,ReflectionValueExtractorTest,testIllegalMappedType,Empty catch clause,The method has an empty catch block.,306
input,org.apache.maven.toolchain.merge,MavenToolchainMergerTest,testMergeJdkExtend,Magic Number,The method contains a magic number: 2,87
input,org.apache.maven.artifact.resolver,DebugResolutionListener,endProcessChildren,Magic Number,The method contains a magic number: 2,51
input,org.apache.maven.execution,DefaultBuildResumptionAnalyzer,determineBuildResumptionData,Long Statement,"The length of the statement ""List<String> remainingProjects=sortedProjects.stream().filter(project -> result.getBuildSummary(project) == null || result.getBuildSummary(project) instanceof BuildFailure).map(project -> project.getGroupId() + "":"" + project.getArtifactId()).collect(Collectors.toList());"" is 271.",40
input,org.apache.maven.api,Session,createArtifactCoordinate,Long Parameter List,The method has 6 parameters. ,211
input,org.apache.maven.internal.impl,AbstractSession,resolveArtifact,Long Statement,"The length of the statement ""return getService(ArtifactResolver.class).resolve(this`Collections.singletonList(coordinate)).getArtifacts().keySet().iterator().next();"" is 136.",308
input,org.apache.maven.cli.transfer,FileSizeFormatTest,testSize,Magic Number,The method contains a magic number: 1000L,40
input,org.apache.maven.project.artifact,AttachedArtifact,setRelease,Long Statement,"The length of the statement ""throw new UnsupportedOperationException(""Cannot change the version information for an attached artifact."" + "" It is derived from the main artifact."");"" is 150.",150
input,org.apache.maven.plugin,MethodMap,isMethodInvocationConvertible,Complex Conditional,The conditional expression formal == Float.TYPE && (actual == Float.class || actual == Long.class || actual == Integer.class || actual == Short.class || actual == Byte.class) is complex.,262
input,org.apache.maven.repository.legacy.resolver,DefaultLegacyArtifactCollector,recurse,Complex Method,Cyclomatic complexity of the method is 32,228
input,org.apache.maven.artifact.repository,DefaultArtifactRepository,DefaultArtifactRepository,Long Statement,"The length of the statement ""snapshots=new ArtifactRepositoryPolicy(true`ArtifactRepositoryPolicy.UPDATE_POLICY_ALWAYS`ArtifactRepositoryPolicy.CHECKSUM_POLICY_IGNORE);"" is 139.",78
input,org.apache.maven.repository,LegacyRepositorySystemTest,testThatASystemScopedDependencyIsNotResolvedFromRepositories,Long Statement,"The length of the statement ""ArtifactResolutionRequest request=new ArtifactResolutionRequest().setArtifact(artifact).setResolveRoot(true).setResolveTransitively(true).setRemoteRepositories(getRemoteRepositories()).setLocalRepository(getLocalRepository());"" is 226.",94
input,org.apache.maven.artifact.resolver,MultipleArtifactsNotFoundException,constructMessage,Long Statement,"The length of the statement ""buffer.append(constructMissingArtifactMessage(message`"" ""`artifact.getGroupId()`artifact.getArtifactId()`artifact.getVersion()`artifact.getType()`artifact.getClassifier()`artifact.getDownloadUrl()`artifact.getDependencyTrail()));"" is 229.",87
input,org.apache.maven.model.building,FileToRawModelMerger,mergeBuild_Extensions,Long Parameter List,The method has 5 parameters. ,47
input,org.apache.maven.api.services,DependencyCoordinateFactory,create,Long Statement,"The length of the statement ""return create(DependencyCoordinateFactoryRequest.build(session`dependency.getGroupId()`dependency.getArtifactId()`dependency.getVersion()`dependency.getClassifier()`null`dependency.getType()));"" is 193.",60
input,org.apache.maven.lifecycle.internal,LifecycleExecutionPlanCalculatorTest,createMojoDescriptorCreator,Long Statement,"The length of the statement ""return new MojoDescriptorCreator(new PluginVersionResolverStub()`new BuildPluginManagerStub()`new PluginPrefixResolverStub()`new LifecyclePluginResolver(new PluginVersionResolverStub()));"" is 187.",72
input,org.apache.maven.model.building,BuildModelSourceTransformer,resolveRelativePath,Long Statement,"The length of the statement ""Optional<RelativeProject> mappedProject=Optional.ofNullable(context.getRawModel(pomPath.normalize())).map(BuildModelSourceTransformer::toRelativeProject);"" is 154.",126
input,org.apache.maven.plugin,DefaultBuildPluginManager,executeMojo,Long Statement,"The length of the statement ""org.apache.maven.api.plugin.Mojo mojoV4=mavenPluginManager.getConfiguredMojo(org.apache.maven.api.plugin.Mojo.class`session`mojoExecution);"" is 139.",95
input,org.apache.maven.lifecycle.internal,LifecycleDependencyResolver,getDependencies,Long Statement,"The length of the statement ""logger.warn(""The following dependencies could not be resolved at this point of the build"" + "" but seem to be part of the reactor:"");"" is 132.",203
input,org.apache.maven.model.building,FileToRawModelMerger,mergeModel_Developers,Long Parameter List,The method has 5 parameters. ,112
input,org.apache.maven.model.interpolation,AbstractStringBasedModelInterpolator,createValueSources,Complex Method,Cyclomatic complexity of the method is 8,108
input,org.apache.maven.lifecycle.internal,MojoExecutor,ensureDependenciesAreResolved,Long Statement,"The length of the statement ""List<MavenProject> projectsToResolve=LifecycleDependencyResolver.getProjects(session.getCurrentProject()`session`mojoDescriptor.isAggregator());"" is 144.",347
input,org.apache.maven.artifact.repository.metadata,MetadataTest,mergeWithSnapshotLegacy,Magic Number,The method contains a magic number: 2,202
input,org.apache.maven.model.validation,DefaultModelValidator,validateBannedCharacters,Long Statement,"The length of the statement ""addViolation(problems`severity`version`prefix + fieldName`sourceHint`""must not contain any of these characters "" + banned + "" but found ""+ string.charAt(i)`tracker);"" is 165.",1572
input,org.apache.maven.internal.aether,DefaultRepositorySystemSessionFactoryTest,isSnapshotUpdatesTest,Long Statement,"The length of the statement ""assertEquals(RepositoryPolicy.UPDATE_POLICY_ALWAYS`systemSessionFactory.newRepositorySession(request).getUpdatePolicy());"" is 121.",99
input,org.apache.maven.artifact.resolver,DefaultArtifactResolver,resolveTransitively,Long Parameter List,The method has 6 parameters. ,280
input,org.apache.maven.plugin,CacheUtils,pluginHashCode,Magic Number,The method contains a magic number: 31,49
input,org.apache.maven.plugin.descriptor,PluginDescriptorBuilderTest,testBuildReader,Magic Number,The method contains a magic number: 2,49
input,org.apache.maven.model.validation,DefaultModelValidator,validateVersion,Long Statement,"The length of the statement ""return validateBannedCharacters(prefix`fieldName`problems`severity`version`string`sourceHint`tracker`ILLEGAL_VERSION_CHARS);"" is 124.",1602
input,org.apache.maven.artifact,AbstractArtifactComponentTestCase,remoteRepository,Long Statement,"The length of the statement ""return artifactRepositoryFactory.createArtifactRepository(""test""`""file://"" + f.getPath()`repoLayout`new ArtifactRepositoryPolicy()`new ArtifactRepositoryPolicy());"" is 163.",148
input,org.apache.maven.project,PomConstructionTest,testCompleteModel,Magic Number,The method contains a magic number: 3,1247
input,org.apache.maven.model.validation,DefaultModelValidatorTest,testMissingAll,Magic Number,The method contains a magic number: 4,249
input,org.apache.maven.plugin.internal,DefaultPluginValidationManager,reportSessionCollectedValidationIssues,Long Statement,"The length of the statement ""EnumSet<IssueLocality> issueLocalitiesToReport=validationReportLevel == ValidationReportLevel.SUMMARY || validationReportLevel == ValidationReportLevel.VERBOSE ? EnumSet.allOf(IssueLocality.class) : EnumSet.of(IssueLocality.EXTERNAL);"" is 234.",175
input,org.apache.maven.plugin,ReflectionValueExtractor,getIndexedValue,Long Statement,"The length of the statement ""final String message=String.format(""The token '%s' at position '%d' refers to a java.util.List or an array` but the value "" + ""seems is an instance of '%s'""`expression.subSequence(from`to)`from`value.getClass());"" is 212.",232
input,org.apache.maven.project,ProjectBuildingException,createMessage,Magic Number,The method contains a magic number: 256,91
input,org.apache.maven.model.validation,DefaultModelValidatorTest,testBadPluginVersion,Magic Number,The method contains a magic number: 4,400
input,org.apache.maven.lifecycle.internal.builder,BuilderCommon,BuilderCommon,Long Identifier,The length of the parameter lifeCycleExecutionPlanCalculator is 32.,86
input,org.apache.maven.project.inheritance.t09,ProjectInheritanceTest,testDependencyManagementExclusionDoesNotOverrideGloballyForTransitives,Magic Number,The method contains a magic number: 4,87
input,org.apache.maven.cli.transfer,FileSizeFormatTest,testSizeWithSelectedScaleUnit,Magic Number,The method contains a magic number: 1000L,105
input,org.apache.maven.artifact.repository.metadata,DefaultRepositoryMetadataManager,fixTimestamp,Complex Conditional,The conditional expression lastUpdated != null && now != null && now.compareTo(lastUpdated) < 0 is complex.,283
input,org.apache.maven.model.interpolation,AbstractModelInterpolatorTest,testRootDirectoryWithNull,Long Statement,"The length of the statement ""Model model=Model.newBuilder().version(""3.8.1"").artifactId(""foo"").repositories(Collections.singletonList(Repository.newBuilder().url(""file:///${project.rootDirectory}/temp-repo"").build())).build();"" is 197.",334
input,org.apache.maven.project,DefaultProjectDependenciesResolver,resolve,Long Statement,"The length of the statement ""if (dependency.getGroupId() == null || dependency.getGroupId().isEmpty() || dependency.getArtifactId() == null || dependency.getArtifactId().isEmpty() || dependency.getVersion() == null || dependency.getVersion().isEmpty()) {"" is 225.",71
input,$,ImmutableCollections,copy,Magic Number,The method contains a magic number: 2,81
input,org.apache.maven.repository.legacy,DefaultWagonManagerTest,testWagonTransferListenerRemovedAfterGetArtifactAndPutArtifact,Long Statement,"The length of the statement ""assertFalse(wagon.getTransferEventSupport().hasTransferListener(transferListener)`""Transfer listener still registered after getArtifact"");"" is 138.",212
input,org.apache.maven.artifact.repository.metadata,DefaultRepositoryMetadataManager,resolve,Empty catch clause,The method has an empty catch block.,73
input,org.apache.maven.model.building,DefaultModelBuilder,readParentExternally,Long Statement,"The length of the statement ""ModelBuildingRequest lenientRequest=new DefaultModelBuildingRequest(request).setValidationLevel(validationLevel).setFileModel(null).setModelSource(modelSource);"" is 160.",1524
input,org.apache.maven.model.building,DefaultModelBuilder,assembleInheritance,Magic Number,The method contains a magic number: 2,1275
input,org.apache.maven.plugin,PluginValidationManager,reportPluginMojoValidationIssue,Long Parameter List,The method has 5 parameters. ,69
input,org.apache.maven.artifact.resolver,TestFileWagon,getTransfer,Long Parameter List,The method has 5 parameters. ,38
input,org.apache.maven.internal.aether,ReverseTreeRepositoryListener,isLocalRepositoryArtifactOrMissing,Long Statement,"The length of the statement ""return artifact.getFile() == null || artifact.getFile().getPath().startsWith(session.getLocalRepository().getBasedir().getPath());"" is 130.",188
input,org.apache.maven.api.services,ArtifactCoordinateFactoryRequest,build,Long Parameter List,The method has 7 parameters. ,66
input,org.apache.maven.graph,DefaultGraphBuilderTest,testGetReactorProjects,Long Statement,"The length of the statement ""List<MavenProject> expectedReactorProjects=expectedProjectNames.stream().map(artifactIdProjectMap::get).collect(toList());"" is 122.",277
input,org.apache.maven.cli.event,ExecutionEventLogger,sessionEnded,Long Statement,"The length of the statement ""loggerFactory.getLogLevelRecorder().filter(LogLevelRecorder::metThreshold).ifPresent(recorder -> event.getSession().getResult().addException(new Exception(""Build failed due to log statements with a higher severity than allowed. "" + ""Fix the logged issues or remove flag --fail-on-severity (-fos)."")));"" is 301.",136
input,org.apache.maven.model.inheritance,DefaultInheritanceAssemblerTest,testFlatTrickyUrls,Long Statement,"The length of the statement ""AssertionError afe=assertThrows(AssertionError.class`() -> testInheritance(""tricky-flat-directory-urls""`true)`""should have failed since module reference == directory name != artifactId"");"" is 187.",112
input,org.apache.maven.lifecycle,LifecycleExecutorTest,testCalculationOfBuildPlanWithMultipleExecutionsOfModello,Magic Number,The method contains a magic number: 7,198
input,org.apache.maven.lifecycle,DefaultLifecycleExecutor,calculateExecutionPlan,Long Statement,"The length of the statement ""return lifecycleExecutionPlanCalculator.calculateExecutionPlan(session`session.getCurrentProject()`mergedSegment.getTasks()`setup);"" is 131.",115
input,org.apache.maven.repository.internal,DefaultVersionResolver,invalidMetadata,Long Parameter List,The method has 5 parameters. ,282
input,org.apache.maven.project,PomConstructionTest,testOrderOfPluginExecutionsWithoutPluginManagement,Magic Number,The method contains a magic number: 5,617
input,org.apache.maven.model.validation,DefaultModelValidator,addViolation,Long Parameter List,The method has 7 parameters. ,1692
input,org.apache.maven.lifecycle.internal,DefaultMojoExecutionConfigurator,getUnknownParameters,Long Statement,"The length of the statement ""return stream(mojoExecution.getConfiguration().getChildren()).map(Xpp3Dom::getName).filter(name -> !parameters.contains(name)).collect(Collectors.toSet());"" is 155.",175
input,org.apache.maven.lifecycle,DefaultLifecycleExecutor,DefaultLifecycleExecutor,Long Identifier,The length of the field lifecycleTaskSegmentCalculator is 30.,68
input,org.apache.maven.model.validation,DefaultModelValidatorTest,testBadRepositoryId,Magic Number,The method contains a magic number: 2,552
input,org.apache.maven.lifecycle.internal,LifecyclePluginResolver,resolveMissingPluginVersions,Long Statement,"The length of the statement ""PluginVersionRequest request=new DefaultPluginVersionRequest(plugin`session.getRepositorySession()`project.getRemotePluginRepositories());"" is 138.",51
input,org.apache.maven.model.validation,DefaultModelValidator,compareModelVersions,Long Statement,"The length of the statement ""int result=Long.valueOf(i < firstSegments.length ? firstSegments[i] : ""0"").compareTo(Long.valueOf(i < secondSegments.length ? secondSegments[i] : ""0""));"" is 152.",1550
input,org.apache.maven.cli,MavenCli,encryption,Complex Method,Cyclomatic complexity of the method is 10,869
input,org.apache.maven.model.path,DefaultModelPathTranslator,alignToBaseDirectory,Long Statement,"The length of the statement ""newReporting=Reporting.newBuilder(reporting).outputDirectory(alignToBaseDirectory(reporting.getOutputDirectory()`basedir)).build();"" is 131.",52
input,org.apache.maven.cli.transfer,FileSizeFormatTest,testSizeWithSelectedScaleUnit,Magic Number,The method contains a magic number: 49L,105
input,org.apache.maven.repository.legacy.resolver,DefaultLegacyArtifactCollector,recurse,Long Statement,"The length of the statement ""if (parentArtifact != null && parentArtifact.getDependencyFilter() != null && !parentArtifact.getDependencyFilter().include(artifact)) {"" is 136.",228
input,org.apache.maven.lifecycle.internal,LifecycleDependencyResolver,getDependencies,Long Statement,"The length of the statement ""DefaultDependencyResolutionRequest request=new DefaultDependencyResolutionRequest(project`session.getRepositorySession());"" is 122.",203
input,org.apache.maven.plugin,PluginParameterExpressionEvaluatorV4Test,testPluginArtifactsExpressionReference,Long Statement,"The length of the statement ""@SuppressWarnings(""unchecked"") List<Artifact> depResults=(List<Artifact>)new PluginParameterExpressionEvaluatorV4(session`null`exec).evaluate(""${plugin.artifacts}"");"" is 165.",98
input,org.apache.maven.repository.metadata,DefaultGraphConflictResolverTest,testRuntimeResolution,Magic Number,The method contains a magic number: 2,119
input,org.apache.maven.repository.legacy.repository,ArtifactRepositoryFactory,createArtifactRepository,Long Parameter List,The method has 5 parameters. ,51
input,org.apache.maven.lifecycle.internal,DependencyContext,DependencyContext,Long Identifier,The length of the field scopesToResolveForCurrentProject is 32.,55
input,org.apache.maven.artifact.versioning,VersionRange,restrict,Long Statement,"The length of the statement ""else if (version == null && restriction.getRecommendedVersion() != null && r.containsVersion(restriction.getRecommendedVersion())) {"" is 132.",214
input,org.apache.maven,ProjectDependenciesResolverTest,testSystemScopeDependencies,Long Statement,"The length of the statement ""new ProjectBuilder(project).addDependency(""com.mycompany""`""system-dependency""`""1.0""`Artifact.SCOPE_SYSTEM`new File(getBasedir()`""pom.xml"").getAbsolutePath());"" is 158.",72
input,org.apache.maven.repository.internal,DefaultArtifactDescriptorReader,loadPom,Complex Method,Cyclomatic complexity of the method is 13,126
input,org.apache.maven.lifecycle.internal,LifecycleStarter,execute,Long Identifier,The length of the field lifecycleTaskSegmentCalculator is 30.,81
input,org.apache.maven.cli.internal,BootstrapCoreExtensionManager,loadCoreExtensions,Long Identifier,The length of the field repositorySystemSessionFactory is 30.,91
input,org.apache.maven.model.merge,MavenModelMerger,mergeDistributionManagement_Relocation,Long Parameter List,The method has 5 parameters. ,386
input,org.apache.maven.toolchain.building,DefaultToolchainsBuilderTest,testStrictToolchainsParseException,Magic Number,The method contains a magic number: 4,196
input,org.apache.maven,RepositoryUtils,newHandler,Long Statement,"The length of the statement ""return new DefaultArtifactHandler(type`artifact.getExtension()`null`null`null`Boolean.parseBoolean(artifact.getProperty(ArtifactProperties.INCLUDES_DEPENDENCIES`""""))`artifact.getProperty(ArtifactProperties.LANGUAGE`null)`Boolean.parseBoolean(artifact.getProperty(ArtifactProperties.CONSTITUTES_BUILD_PATH`"""")));"" is 311.",247
input,org.apache.maven.api.services,SettingsBuilderRequest,build,Long Statement,"The length of the statement ""return builder().session(nonNull(session`""session cannot be null"")).globalSettingsSource(nonNull(globalSettingsSource`""globalSettingsSource cannot be null"")).projectSettingsSource(nonNull(projectSettingsSource`""projectSettingsSource cannot be null"")).userSettingsSource(nonNull(userSettingsSource`""userSettingsSource cannot be null"")).build();"" is 343.",103
input,org.apache.maven.plugin,ReflectionValueExtractor,getIndexedValue,Long Parameter List,The method has 5 parameters. ,232
input,org.apache.maven.internal.xml,XmlNodeImplTest,testCombineId,Long Statement,"The length of the statement ""String lhs=""<props>"" + ""<property combine.id='LHS-ONLY'><name>LHS-ONLY</name><value>LHS</value></property>"" + ""<property combine.id='TOOVERWRITE'><name>TOOVERWRITE</name><value>LHS</value></property>""+ ""</props>"";"" is 213.",153
input,org.apache.maven.internal.xml,XmlNodeImplTest,testShouldNotMergeValuesAtTopLevel,Magic Number,The method contains a magic number: 3,410
input,org.apache.maven.cli.transfer,FileSizeFormatTest,testSize,Magic Number,The method contains a magic number: 1000L,40
input,org.apache.maven.model.validation,DefaultModelValidator,validateEffectiveDependency,Long Statement,"The length of the statement ""validateCoordinateId(prefix`""exclusions.exclusion.artifactId""`problems`Severity.WARNING`Version.V20`exclusion.getArtifactId()`d.getManagementKey()`exclusion);"" is 158.",839
input,org.apache.maven.internal.aether,DefaultRepositorySystemSessionFactory,getPropertiesFromRequestedProfiles,Long Statement,"The length of the statement ""return request.getProfiles().stream().filter(profile -> activeProfileId.contains(profile.getId())).map(ModelBase::getProperties).flatMap(properties -> properties.entrySet().stream()).collect(Collectors.toMap(Map.Entry::getKey`Map.Entry::getValue`(k1`k2) -> k2));"" is 262.",388
input,org.apache.maven.settings,SettingsConfigurationException,SettingsConfigurationException,Long Statement,"The length of the statement ""super(message + (lineNumber > 0 ? System.lineSeparator() + "" Line: "" + lineNumber : """") + (columnNumber > 0 ? System.lineSeparator() + "" Column: "" + columnNumber : """")`cause);"" is 175.",38
input,org.apache.maven.building,UrlSourceTest,testUrlSource,Long Statement,"The length of the statement ""NullPointerException e=assertThrows(NullPointerException.class`() -> new UrlSource(null)`""Should fail` since you must specify a url"");"" is 134.",33
input,org.apache.maven.repository.metadata,ArtifactMetadata,ArtifactMetadata,Long Parameter List,The method has 10 parameters. ,123
input,org.apache.maven.plugin.internal,MavenPluginConfigurationValidator,validate,Long Parameter List,The method has 5 parameters. ,31
input,org.apache.maven.repository.internal,RemoteSnapshotMetadata,merge,Long Identifier,The length of the field DEFAULT_SNAPSHOT_TIMESTAMP_FORMAT is 33.,65
input,org.apache.maven,RepositoryUtils,toArtifact,Long Statement,"The length of the statement ""org.apache.maven.artifact.Artifact result=new org.apache.maven.artifact.DefaultArtifact(artifact.getGroupId()`artifact.getArtifactId()`artifact.getVersion()`null`artifact.getProperty(ArtifactProperties.TYPE`artifact.getExtension())`nullify(artifact.getClassifier())`handler);"" is 275.",83
input,org.apache.maven.lifecycle.internal,DefaultLifecycleExecutionPlanCalculator,setupMojoExecution,Long Statement,"The length of the statement ""mojoExecutionConfigurator(mojoExecution).configure(project`mojoExecution`MojoExecution.Source.CLI.equals(mojoExecution.getSource()));"" is 133.",191
input,org.apache.maven.project,PomConstructionTest,testExecutionConfigurationJoin,Magic Number,The method contains a magic number: 2,122
input,org.apache.maven.cli.transfer,FileSizeFormatTest,testProgressedSizeWithSize,Magic Number,The method contains a magic number: 400L,248
input,org.apache.maven.repository.legacy.resolver,DefaultArtifactCollectorTest,testResolveCorrectDependenciesWhenDifferentDependenciesOnNearest,Long Statement,"The length of the statement ""assertEquals(createSet(new Object[]{a.artifact`b.artifact`e.artifact`c1.artifact`f.artifact})`res.getArtifacts()`""Check artifact list"");"" is 136.",132
input,org.apache.maven.repository.legacy.repository,DefaultArtifactRepositoryFactory,createArtifactRepository,Long Parameter List,The method has 5 parameters. ,87
input,org.apache.maven.cli,CLIReportingUtilsTest,testFormatDuration,Magic Number,The method contains a magic number: 24,27
input,org.apache.maven.internal.aether,DefaultRepositorySystemSessionFactory,newRepositorySession,Long Identifier,The length of the field MAVEN_REPO_LOCAL_RECORD_REVERSE_TREE is 36.,159
input,org.apache.maven.model.validation,DefaultModelValidatorTest,testInvalidGroupAndArtifactIdInPluginManagement,Long Statement,"The length of the statement ""assertEquals(""'build.pluginManagement.plugins.plugin.(groupId:artifactId)' groupId of a plugin must be defined. ""`result.getFatals().get(0));"" is 141.",680
input,org.apache.maven.building,DefaultProblemCollector,add,Long Parameter List,The method has 5 parameters. ,48
input,org.apache.maven.project,DefaultProjectBuilder,resolveDependencies,Long Statement,"The length of the statement ""RepositoryUtils.toArtifacts(artifacts`resolutionResult.getDependencyGraph().getChildren()`Collections.singletonList(project.getArtifact().getId())`null);"" is 153.",206
input,org.apache.maven.repository.metadata,DefaultGraphConflictResolverTest,testCompileResolution,Long Statement,"The length of the statement ""assertEquals(""1.2""`res.getIncidentEdges(v4).get(0).getVersion()`""wrong edge v3-v4 in the resulting graph after resolver"");"" is 122.",77
input,org.apache.maven.model.building,ModelCache,put,Long Parameter List,The method has 5 parameters. ,104
input,org.apache.maven.artifact.resolver,DefaultArtifactResolver,resolve,Complex Conditional,The conditional expression result.hasMetadataResolutionExceptions() || result.hasVersionRangeViolations() || result.hasCircularDependencyExceptions() is complex.,368
input,org.apache.maven.repository.internal,MavenResolverModule,configure,Long Statement,"The length of the statement ""bind(MetadataGeneratorFactory.class).annotatedWith(Names.named(""snapshot"")).to(SnapshotMetadataGeneratorFactory.class).in(Singleton.class);"" is 139.",46
input,org.apache.maven.settings.validation,DefaultSettingsValidator,validate,Long Statement,"The length of the statement ""addViolation(problems`Severity.WARNING`""profiles.profile.id""`null`""must be unique but found duplicate profile with id "" + profile.getId());"" is 139.",54
input,org.apache.maven.plugin,PluginManagerTest,testPluginRealmCache,Long Statement,"The length of the statement ""pluginDescriptor=pluginManager.loadPlugin(plugin`session.getCurrentProject().getRemotePluginRepositories()`session.getRepositorySession());"" is 139.",227
input,org.apache.maven.model.profile.activation,JdkVersionProfileActivator,getRelationOrder,Magic Number,The method contains a magic number: 3,112
input,org.apache.maven.plugin,CacheUtils,pluginHashCode,Magic Number,The method contains a magic number: 17,49
input,org.apache.maven.lifecycle.internal,MojoDescriptorCreator,resolvePluginVersion,Long Statement,"The length of the statement ""PluginVersionRequest versionRequest=new DefaultPluginVersionRequest(plugin`session.getRepositorySession()`project.getRemotePluginRepositories());"" is 145.",248
input,org.apache.maven,DefaultMavenTest,testEnsureResolverSessionHasMavenWorkspaceReader,Long Statement,"The length of the statement ""WsrClassCatcher wsrClassCatcher=(WsrClassCatcher)getContainer().lookup(AbstractMavenLifecycleParticipant.class`""WsrClassCatcher"");"" is 130.",64
input,org.apache.maven.plugin,MethodMap,isMethodInvocationConvertible,Complex Conditional,The conditional expression formal == Short.TYPE && (actual == Short.class || actual == Byte.class) is complex.,262
input,org.apache.maven.artifact.versioning,ComparableVersionIT,test,Long Statement,"The length of the statement ""Process p=Runtime.getRuntime().exec(new String[]{Paths.get(System.getProperty(""java.home"")`""bin/java"").toString()`""-jar""`file.toAbsolutePath().toString()`""5.32""`""5.27""});"" is 170.",37
input,org.apache.maven.lifecycle.internal,LifecycleExecutionPlanCalculatorTest,testCalculateExecutionPlanWithGoalTasks,Magic Number,The method contains a magic number: 2,38
input,org.apache.maven.model.building,DefaultModelBuilder,setProfileInjector,Long Statement,"The length of the statement ""return new DefaultModelBuilder(modelProcessor`modelValidator`modelNormalizer`modelInterpolator`modelPathTranslator`modelUrlNormalizer`superPomProvider`inheritanceAssembler`profileSelector`profileInjector`pluginManagementInjector`dependencyManagementInjector`dependencyManagementImporter`lifecycleBindingsInjector`pluginConfigurationExpander`reportConfigurationExpander`profileActivationFilePathInterpolator`versionProcessor`transformer);"" is 437.",420
input,org.apache.maven.plugin,MethodMap,isStrictMethodInvocationConvertible,Complex Conditional,The conditional expression formal == Float.TYPE && (actual == Long.TYPE || actual == Integer.TYPE || actual == Short.TYPE || actual == Byte.TYPE) is complex.,338
input,org.apache.maven.artifact.versioning,DefaultArtifactVersion,parseVersion,Complex Conditional,"The conditional expression part1.contains("".."") || part1.startsWith(""."") || part1.endsWith(""."") is complex.",90
input,org.apache.maven,ReactorReader,getProjectArtifacts,Long Statement,"The length of the statement ""Stream<org.apache.maven.artifact.Artifact> artifacts=Stream.concat(Stream.concat(Stream.of(new ProjectArtifact(project))`""pom"".equals(project.getPackaging()) ? Stream.empty() : Stream.of(project.getArtifact()))`project.getAttachedArtifacts().stream());"" is 252.",385
input,org.apache.maven.plugin,DefaultExtensionRealmCache,flush,Empty catch clause,The method has an empty catch block.,132
input,org.apache.maven.toolchain.building,ToolchainsBuildingExceptionTest,testOneProblem,Long Statement,"The length of the statement ""assertEquals(""1 problem was encountered while building the effective toolchains"" + LS + ""[ERROR] MESSAGE @ line 3` column 5""+ LS`e.getMessage());"" is 145.",39
input,org.apache.maven.graph,DefaultGraphBuilder,trimResumedProjects,Long Statement,"The length of the statement ""MavenProject resumingFromProject=projects.stream().filter(project -> projectSelector.isMatchingProject(project`selector`reactorDirectory)).findFirst().orElseThrow(() -> new MavenExecutionException(""Could not find project to resume reactor build from: "" + selector + "" vs ""+ formatProjects(projects)`request.getPom()));"" is 318.",199
input,org.apache.maven.repository.legacy,DefaultWagonManager,getRemoteFile,Long Method,The method has 121 lines of code.,302
input,org.apache.maven.plugin,CacheUtils,pluginEquals,Long Statement,"The length of the statement ""return Objects.equals(a.getArtifactId()`b.getArtifactId()) && Objects.equals(a.getGroupId()`b.getGroupId()) && Objects.equals(a.getVersion()`b.getVersion())&& a.isExtensions() == b.isExtensions() && dependenciesEquals(a.getDependencies()`b.getDependencies());"" is 259.",75
input,org.apache.maven.lifecycle.internal,DependencyContext,isResolutionRequiredForAggregatedProjects,Long Identifier,The length of the field scopesToCollectForAggregatedProjects is 36.,89
input,org.apache.maven.settings.validation,DefaultSettingsValidator,validate,Long Statement,"The length of the statement ""addViolation(problems`Severity.ERROR`""pluginGroups.pluginGroup["" + i + ""]""`null`""must denote a valid group id and match the pattern "" + ID);"" is 140.",54
input,org.apache.maven.settings,SettingsUtilsV4,toLocation,Long Statement,"The length of the statement ""return new org.apache.maven.api.model.InputLocation(location.getLineNumber()`location.getColumnNumber()`source != null ? new org.apache.maven.api.model.InputSource(""""`source.getLocation()) : null`locs);"" is 202.",321
input,org.apache.maven.repository.metadata,DefaultGraphConflictResolverTest,testTestResolution,Long Statement,"The length of the statement ""assertEquals(""1.2""`res.getIncidentEdges(v2).get(0).getVersion()`""wrong edge v1-v2 in the resulting graph after resolver"");"" is 122.",160
input,org.apache.maven.execution,MavenSession,MavenSession,Long Parameter List,The method has 9 parameters. ,319
input,org.apache.maven.model.inheritance,MergerTest,testMergerPreserveLocations,Magic Number,The method contains a magic number: 22,36
input,org.apache.maven.repository.internal,AbstractRepositoryTestCase,newTestRepository,Long Statement,"The length of the statement ""return new RemoteRepository.Builder(""repo""`""default""`getTestFile(""target/test-classes/repo"").toURI().toURL().toString()).build();"" is 129.",69
input,org.apache.maven.project,DefaultProjectBuilder,initParent,Long Statement,"The length of the statement ""project.setParentArtifact(repositorySystem.createProjectArtifact(parentGroupId`parentModel.getArtifactId()`parentVersion));"" is 123.",844
input,org.apache.maven.model.validation,DefaultModelValidatorTest,testDuplicatePlugin,Magic Number,The method contains a magic number: 3,462
input,org.apache.maven.settings.validation,DefaultSettingsValidator,validateRepositories,Long Statement,"The length of the statement ""addViolation(problems`Severity.WARNING`prefix + "".id""`null`""must be unique but found duplicate repository with id "" + repository.getId());"" is 138.",212
input,org.apache.maven.plugin,DefaultBuildPluginManager,executeMojo,Magic Number,The method contains a magic number: 1024,95
input,org.apache.maven.repository.legacy.resolver,LegacyArtifactCollector,collect,Long Parameter List,The method has 8 parameters. ,43
input,org.apache.maven.artifact.repository.metadata,DefaultRepositoryMetadataManager,loadMetadata,Long Statement,"The length of the statement ""File metadataFile=new File(localRepository.getBasedir()`localRepository.pathOfLocalRepositoryMetadata(repoMetadata`remoteRepository));"" is 134.",229
input,org.apache.maven.cli,MavenCli,logging,Empty catch clause,The method has an empty catch block.,488
input,org.apache.maven.model.building,FileToRawModelMerger,mergeModel_Profiles,Long Statement,"The length of the statement ""builder.profiles(target.getProfiles().stream().map(d -> mergeProfile(d`sourceIterator.next()`sourceDominant`context)).collect(Collectors.toList()));"" is 148.",130
input,org.apache.maven.project,ProjectSorter,ProjectSorter,Magic Number,The method contains a magic number: 2,46
input,org.apache.maven.project.interpolation,AbstractStringBasedModelInterpolator,createPostProcessors,Long Statement,"The length of the statement ""return Collections.singletonList((InterpolationPostProcessor)new PathTranslatingPostProcessor(PROJECT_PREFIXES`TRANSLATED_PATH_EXPRESSIONS`projectDir`pathTranslator));"" is 167.",238
input,org.apache.maven.project,MavenProject,getProjectReferenceId,Magic Number,The method contains a magic number: 128,1121
input,org.apache.maven.repository.metadata,MetadataGraphEdge,MetadataGraphEdge,Long Parameter List,The method has 6 parameters. ,49
input,org.apache.maven.artifact.resolver,TestMavenWorkspaceReader,findModel,Long Statement,"The length of the statement ""if (GROUP_ID.equals(artifact.getGroupId()) && ARTIFACT_ID.equals(artifact.getArtifactId()) && VERSION.equals(artifact.getVersion())) {"" is 134.",62
input,org.apache.maven.model.merge,MavenModelMerger,mergeDistributionManagement_Site,Long Parameter List,The method has 5 parameters. ,428
input,org.apache.maven.repository.legacy,DefaultWagonManager,verifyChecksum,Magic Number,The method contains a magic number: 3,610
input,org.apache.maven.model.io,DefaultModelReader,read,Long Statement,"The length of the statement ""Model model=new Model(mr.read(parser`strict`source != null ? new org.apache.maven.api.model.InputSource(source.getModelId()`source.getLocation()) : null));"" is 155.",103
input,org.apache.maven.project,PomConstructionTest,testFullInterpolationOfNestedExpressions,Magic Number,The method contains a magic number: 24,851
input,org.apache.maven.project,PomConstructionTest,testPluginInheritanceSimple,Magic Number,The method contains a magic number: 2,1569
input,org.apache.maven.execution,DefaultMavenExecutionResult,getTopologicallySortedProjects,Long Statement,"The length of the statement ""return null == topologicallySortedProjects ? Collections.emptyList() : Collections.unmodifiableList(topologicallySortedProjects);"" is 129.",59
input,org.apache.maven.cli.transfer,FileSizeFormatTest,testSize,Magic Number,The method contains a magic number: 1000L,40
input,org.apache.maven.settings,SettingsUtilsTest,testRoundTripProfiles,Long Statement,"The length of the statement ""Profile p=Profile.newBuilder().id(""id"" + Long.toHexString(entropy.nextLong())).activation(a).properties(props).repositories(repos).pluginRepositories(pluginRepos).build();"" is 171.",63
input,org.apache.maven.model.building,DefaultModelBuilder,setProfileSelector,Long Identifier,The length of the field profileActivationFilePathInterpolator is 37.,392
input,org.apache.maven.plugin.internal,DefaultPluginManager,getPluginComponent,Long Statement,"The length of the statement ""pluginDescriptor=pluginManager.getPluginDescriptor(plugin`session.getCurrentProject().getRemotePluginRepositories()`session.getRepositorySession());"" is 148.",96
input,org.apache.maven.settings,SettingsUtilsV4,convertToSettingsProfile,Long Statement,"The length of the statement ""ActivationOS os=ActivationOS.newBuilder().arch(modelOs.getArch()).family(modelOs.getFamily()).name(modelOs.getName()).version(modelOs.getVersion()).build();"" is 156.",75
input,org.apache.maven.model.validation,DefaultModelValidatorTest,testBadDependencyExclusionId,Long Statement,"The length of the statement ""SimpleProblemCollector result=validateEffective(""bad-dependency-exclusion-id.xml""`ModelBuildingRequest.VALIDATION_LEVEL_MAVEN_2_0);"" is 131.",571
input,org.apache.maven.repository.internal,DefaultArtifactDescriptorReaderTest,testMng5459,Long Statement,"The length of the statement ""DefaultArtifactDescriptorReader reader=(DefaultArtifactDescriptorReader)getContainer().lookup(ArtifactDescriptorReader.class);"" is 126.",39
input,org.apache.maven.plugin.internal,DeprecatedPluginValidator,checkParameter,Long Parameter List,The method has 6 parameters. ,80
input,org.apache.maven.lifecycle.internal,LifecycleDependencyResolverTest,testCachedReactorProjectDependencies,Magic Number,The method contains a magic number: 3,48
input,org.apache.maven.repository.internal.util,ConsoleTransferListener,transferSucceeded,Magic Number,The method contains a magic number: 1024.0,101
input,org.apache.maven.model.validation,DefaultModelValidatorTest,testDeprecatedDependencyMetaversionsLatestAndRelease,Long Statement,"The length of the statement ""assertContains(result.getWarnings().get(0)`""'dependencies.dependency.version' for test:a:jar is either LATEST or RELEASE (both of them are being deprecated)"");"" is 159.",702
input,org.apache.maven.artifact.repository.metadata,MetadataTest,addSnapshotVersion,Long Parameter List,The method has 5 parameters. ,274
input,org.apache.maven.cli,CLIReportingUtilsTest,testFormatDuration,Magic Number,The method contains a magic number: 1000,27
input,org.apache.maven.cli.event,ExecutionEventLoggerTest,testTerminalWidth,Magic Number,The method contains a magic number: 30,132
input,org.apache.maven.cli.transfer,FileSizeFormatTest,testProgressedSizeWithSize,Magic Number,The method contains a magic number: 2L,248
input,org.apache.maven.project,PomConstructionTest,testBuildPluginInterpolation,Long Statement,"The length of the statement ""checkBuildPluginWithArtifactId(inactiveProfilePlugins`""plugin-all-profiles""`""Inactive all ||${project.basedir}||""`""<plugin-all-profiles-ina>Inactive all ||${project.basedir}||</plugin-all-profiles-ina>"");"" is 204.",169
input,org.apache.maven.lifecycle.internal,DefaultMojoExecutionConfigurator,checkUnknownMojoConfigurationParameters,Long Statement,"The length of the statement ""Set<String> parametersNamesGoal=mojoDescriptor.getParameters().stream().flatMap(this::getParameterNames).collect(Collectors.toSet());"" is 133.",116
input,org.apache.maven.artifact.versioning,ComparableVersionTest,testVersionEqualWithLeadingZeroes,Long Statement,"The length of the statement ""String[] arr=new String[]{""0000000000000000001""`""000000000000000001""`""00000000000000001""`""0000000000000001""`""000000000000001""`""00000000000001""`""0000000000001""`""000000000001""`""00000000001""`""0000000001""`""000000001""`""00000001""`""0000001""`""000001""`""00001""`""0001""`""001""`""01""`""1""};"" is 274.",275
input,org.apache.maven.repository.legacy.resolver,DefaultArtifactCollectorTest,collect,Long Statement,"The length of the statement ""return artifactCollector.collect(Collections.singleton(a.artifact)`projectArtifact.artifact`null`null`null`source`null`Collections.emptyList()`null);"" is 149.",714
input,org.apache.maven.internal.aether,DefaultRepositorySystemSessionFactoryTest,connectTimeoutConfigurationTest,Magic Number,The method contains a magic number: 3000,197
input,org.apache.maven.toolchain.merge,MavenToolchainMergerTest,testMergeJdkExtend,Magic Number,The method contains a magic number: 2,87
input,org.apache.maven.cli.configuration,SettingsXmlConfigurationProcessor,process,Long Statement,"The length of the statement ""LOGGER.debug(""Reading project settings from '{}'""`getLocation(settingsRequest.getProjectSettingsSource()`settingsRequest.getProjectSettingsFile()));"" is 148.",85
input,org.apache.maven.project,DefaultProjectBuilder,initProject,Long Statement,"The length of the statement ""Artifact projectArtifact=repositorySystem.createArtifact(project.getGroupId()`project.getArtifactId()`project.getVersion()`null`project.getPackaging());"" is 152.",650
input,org.apache.maven,ReactorReader,determineBuildOutputDirectoryForArtifact,Long Identifier,The length of the identifier projectHasOutputFromPreviousSession is 35.,175
input,org.apache.maven.project.collector,MultiModuleCollectionStrategy,collectProjects,Long Statement,"The length of the statement ""LOGGER.debug(""Multi module project collection failed:{}"" + ""Detected a POM file next to a .mvn directory in a parent directory ({}). "" + ""Maven assumed that POM file to be the parent of the requested project ({})` but it turned ""+ ""out that it was not. Another project collection strategy will be executed as result.""`System.lineSeparator()`moduleProjectPomFile.getAbsolutePath()`request.getPom().getAbsolutePath());"" is 416.",62
input,org.apache.maven.lifecycle.internal,DefaultLifecycleExecutionPlanCalculator,fillMojoDescriptor,Long Statement,"The length of the statement ""mojoDescriptor=pluginManager.getMojoDescriptor(execution.getPlugin()`execution.getGoal()`project.getRemotePluginRepositories()`session.getRepositorySession());"" is 159.",173
input,org.apache.maven.artifact.factory,ArtifactFactory,createDependencyArtifact,Long Parameter List,The method has 7 parameters. ,41
input,org.apache.maven.artifact.versioning,VersionRangeTest,checkInvalidRange,Long Statement,"The length of the statement ""assertThrows(InvalidVersionSpecificationException.class`() -> VersionRange.createFromVersionSpec(version)`""Version "" + version + "" should have failed to construct"");"" is 165.",694
input,org.apache.maven.model.validation,DefaultModelValidatorTest,testInvalidCoordinateIds,Long Statement,"The length of the statement ""assertEquals(""'artifactId' with value 'm$-do$' does not match a valid coordinate id pattern.""`result.getErrors().get(1));"" is 121.",152
input,org.apache.maven.cli,CLIReportingUtils,showVersion,Long Statement,"The length of the statement ""version.append(reduce(properties.getProperty(""distributionShortName"") + "" home: "" + System.getProperty(""maven.home""`""<unknown Maven "" + ""home>""))).append(ls);"" is 158.",51
input,org.apache.maven.project.artifact,DefaultProjectArtifactsCacheTest,testProjectDependencyOrder,Magic Number,The method contains a magic number: 4,40
input,org.apache.maven.project,ProjectBuilderTest,testVersionlessManagedDependency,Magic Number,The method contains a magic number: 5,94
input,org.apache.maven.artifact.versioning,Restriction,hashCode,Magic Number,The method contains a magic number: 3,86
input,org.apache.maven.project,PomConstructionTest,testReportingPluginConfig,Magic Number,The method contains a magic number: 3,1206
input,org.apache.maven.plugin.internal,DefaultPluginValidationManager,reportSessionCollectedValidationIssues,Long Statement,"The length of the statement ""logger.warn(""Fix reported issues by adjusting plugin configuration or by upgrading above listed plugins. If no upgrade available` please notify plugin maintainers about reported issues."");"" is 188.",175
input,org.apache.maven.project.artifact,DefaultMavenMetadataCache,artifactHashCode,Magic Number,The method contains a magic number: 31,108
input,org.apache.maven.model.validation,DefaultModelValidatorTest,testReservedRepositoryId,Magic Number,The method contains a magic number: 3,486
input,org.apache.maven.repository.metadata,ArtifactMetadata,ArtifactMetadata,Long Statement,"The length of the statement ""this(groupId`name`version`type`scopeString == null ? ArtifactScopeEnum.DEFAULT_SCOPE : ArtifactScopeEnum.valueOf(scopeString)`classifier`artifactUri`why`resolved`error);"" is 169.",147
input,org.apache.maven.artifact.versioning,DefaultArtifactVersionTest,testVersionParsing,Magic Number,The method contains a magic number: 3,50
input,org.apache.maven.cli.transfer,FileSizeFormatTest,testSize,Magic Number,The method contains a magic number: 1000L,40
input,org.apache.maven.model.interpolation,AbstractModelInterpolatorTest,shouldInterpolateUnprefixedBasedirExpression,Long Statement,"The length of the statement ""Model model=Model.newBuilder().dependencies(Collections.singletonList(Dependency.newBuilder().systemPath(""${basedir}/artifact.jar"").build())).build();"" is 150.",428
input,org.apache.maven.lifecycle,DefaultLifecyclesTest,getLifeCycleById,Long Statement,"The length of the statement ""return defaultLifeCycles.getLifeCycles().stream().filter(l -> id.equals(l.getId())).findFirst().orElseThrow(IllegalArgumentException::new);"" is 139.",105
input,org.apache.maven.project,ProjectBuilderTest,testDontResolveDependencies,Long Statement,"The length of the statement ""ProjectBuildingResult result=getContainer().lookup(org.apache.maven.project.ProjectBuilder.class).build(pomFile`configuration);"" is 127.",145
input,org.apache.maven.api,Session,createArtifact,Long Parameter List,The method has 6 parameters. ,237
input,org.apache.maven.internal.aether,DefaultRepositorySystemSessionFactoryTest,wagonProviderConfigurationTest,Long Statement,"The length of the statement ""PlexusConfiguration plexusConfiguration=(PlexusConfiguration)systemSessionFactory.newRepositorySession(request).getConfigProperties().get(""aether.connector.wagon.config.repository"");"" is 182.",118
input,org.apache.maven.repository.metadata,DefaultClasspathTransformationTest,setUp,Magic Number,The method contains a magic number: 2,48
input,org.apache.maven.model.validation,DefaultModelValidatorTest,testHardCodedSystemPath,Magic Number,The method contains a magic number: 3,436
input,org.apache.maven.internal.aether,DefaultRepositorySystemSessionFactoryTest,readTimeoutFromHttpConfigurationTest,Long Statement,"The length of the statement ""int requestTimeout=(Integer)systemSessionFactory.newRepositorySession(request).getConfigProperties().get(ConfigurationProperties.REQUEST_TIMEOUT + ""."" + server.getId());"" is 169.",308
input,org.apache.maven.model.validation,DefaultModelValidator,validate30RawProfileActivation,Long Parameter List,The method has 6 parameters. ,286
input,org.apache.maven.settings.validation,DefaultSettingsValidator,validate,Long Statement,"The length of the statement ""addViolation(problems`Severity.WARNING`""servers.server.id""`null`""must be unique but found duplicate server with id "" + server.getId());"" is 135.",54
input,org.apache.maven.model.validation,DefaultModelValidator,validate20RawDependenciesSelfReferencing,Long Parameter List,The method has 5 parameters. ,697
input,org.apache.maven,DefaultMaven,validateOptionalProfiles,Long Statement,"The length of the statement ""logger.info(""The requested optional profiles {} could not be activated or deactivated because they do not"" + "" exist.""`notFoundOptionalProfiles);"" is 145.",567
input,org.apache.maven.model.building,FileToRawModelMerger,mergeBuildBase_Resources,Long Parameter List,The method has 5 parameters. ,53
input,org.apache.maven,AbstractCoreMavenComponentTestCase,createMavenSession,Long Statement,"The length of the statement ""ProjectBuildingRequest configuration=new DefaultProjectBuildingRequest().setLocalRepository(request.getLocalRepository()).setRemoteRepositories(request.getRemoteRepositories()).setPluginArtifactRepositories(request.getPluginArtifactRepositories()).setSystemProperties(executionProperties).setUserProperties(new Properties());"" is 325.",113
input,org.apache.maven.cli.internal,ExtensionResolutionException,ExtensionResolutionException,Long Statement,"The length of the statement ""super(""Extension "" + extension.getId() + "" or one of its dependencies could not be resolved: ""+ cause.getMessage()`cause);"" is 122.",31
input,org.apache.maven.model.interpolation,MavenBuildTimestamp,MavenBuildTimestamp,Long Identifier,The length of the field BUILD_TIMESTAMP_FORMAT_PROPERTY is 31.,53
input,org.apache.maven.model.validation,DefaultModelValidatorTest,testMissingRepositoryId,Magic Number,The method contains a magic number: 3,287
input,org.apache.maven.settings,SettingsUtilsTest,testRoundTripProfiles,Magic Number,The method contains a magic number: 10,63
input,org.apache.maven.repository.internal,VersionsMetadataGeneratorFactory,getPriority,Magic Number,The method contains a magic number: 20,48
input,org.apache.maven.lifecycle.internal,LifecycleDependencyResolver,resolveProjectArtifacts,Long Parameter List,The method has 6 parameters. ,172
input,org.apache.maven.internal.aether,DefaultRepositorySystemSessionFactory,newRepositorySession,Long Statement,"The length of the statement ""mirrorSelector.add(mirror.getId()`mirror.getUrl()`mirror.getLayout()`false`mirror.isBlocked()`mirror.getMirrorOf()`mirror.getMirrorOfLayouts());"" is 144.",159
input,org.apache.maven.internal.xml,XmlNodeImpl,merge,Long Statement,"The length of the statement ""Map<String`Optional<String>> recessiveKeyValues=Stream.of(keys).collect(Collectors.toMap(k -> k`k -> Optional.ofNullable(recessiveChild.getAttribute(k))));"" is 155.",171
input,org.apache.maven.artifact.repository,MavenArtifactRepository,basedir,Magic Number,The method contains a magic number: 2,221
input,org.apache.maven.project,DefaultMavenProjectBuilderTest,testBuildParentVersionRangeExternallyWithChildProjectParentVersionExpression,Long Statement,"The length of the statement ""File f1=getTestFile(""src/test/resources/projects/parent-version-range-external-child-project-parent-version-expression/pom.xml"");"" is 129.",377
input,org.apache.maven.project,DefaultProjectDependenciesResolver,resolve,Complex Method,Cyclomatic complexity of the method is 18,71
input,org.apache.maven.model.building,DefaultModelBuilder,readParent,Long Statement,"The length of the statement ""problems.add(new ModelProblemCollectorRequest(Severity.ERROR`Version.BASE).setMessage(""Invalid packaging for parent POM "" + ModelProblemUtils.toSourceHint(parentModel) + ""` must be \""pom\"" but is \""""+ parentModel.getPackaging()+ ""\"""").setLocation(parentModel.getLocation(""packaging"")));"" is 286.",1353
input,org.apache.maven.model.building,ModelData,ModelData,Long Parameter List,The method has 5 parameters. ,52
input,org.apache.maven.repository.metadata,DefaultGraphConflictResolverTest,setUp,Magic Number,The method contains a magic number: 4,48
input,org.apache.maven.artifact.versioning,DefaultArtifactVersionTest,testVersionParsing,Magic Number,The method contains a magic number: 2,50
input,org.apache.maven.cli,CLIManager,CLIManager,Long Statement,"The length of the statement ""options.addOption(Option.builder(ALSO_MAKE).longOpt(""also-make"").desc(""If project list is specified` also build projects required by the list"").build());"" is 153.",127
input,org.apache.maven.project,ProjectBuilderTest,testVersionlessManagedDependency,Long Statement,"The length of the statement ""assertThat(e.getResults()`contains(projectBuildingResultWithProblemMessage(""'dependencies.dependency.version' for org.apache.maven.its:a:jar is missing"")));"" is 156.",94
input,org.apache.maven.lifecycle.providers,AbstractLifecycleProvider,AbstractLifecycleProvider,Magic Number,The method contains a magic number: 2,37
input,org.apache.maven.project.inheritance.t08,ProjectInheritanceTest,testDependencyManagement,Magic Number,The method contains a magic number: 4,50
input,org.apache.maven.model.building,DefaultModelProblemCollector,add,Complex Conditional,The conditional expression line <= 0 && column <= 0 && req.getException() instanceof ModelParseException is complex.,123
input,org.apache.maven.model.validation,DefaultModelValidatorTest,testBadPluginDependencyScope,Magic Number,The method contains a magic number: 3,325
input,org.apache.maven.model.validation,DefaultModelValidator,validateEffectiveDependency,Complex Method,Cyclomatic complexity of the method is 11,839
input,org.apache.maven.project,MavenProjectTest,testEmptyConstructor,Long Statement,"The length of the statement ""assertEquals(MavenProject.EMPTY_PROJECT_GROUP_ID + "":"" + MavenProject.EMPTY_PROJECT_ARTIFACT_ID+ "":jar:""+ MavenProject.EMPTY_PROJECT_VERSION`project.getId());"" is 158.",88
input,org.apache.maven.plugin.prefix.internal,DefaultPluginPrefixResolver,invalidMetadata,Long Parameter List,The method has 5 parameters. ,251
input,org.apache.maven.model.building,BuildModelSourceTransformerTest,testReactorDependencies,Long Statement,"The length of the statement ""Model dep=new Model(org.apache.maven.api.model.Model.newBuilder().groupId(""GROUPID"").artifactId(""ARTIFACTID"").version(""1.0-SNAPSHOT"").build());"" is 143.",81
input,org.apache.maven.project,PomConstructionTest,testDefaultPluginsExecutionContributedByPackagingExecuteBeforeUserDefinedExecutions,Magic Number,The method contains a magic number: 3,1747
input,org.apache.maven.cli.transfer,FileSizeFormatTest,testSizeWithSelectedScaleUnit,Magic Number,The method contains a magic number: 1000L,105
input,org.apache.maven.repository.internal,DefaultVersionResolver,readVersions,Long Statement,"The length of the statement ""if (versioning != null && repository instanceof LocalRepository && versioning.getSnapshot() != null && versioning.getSnapshot().getBuildNumber() > 0) {"" is 151.",234
input,org.apache.maven.repository,DelegatingLocalArtifactRepository,hashCode,Magic Number,The method contains a magic number: 31,147
input,org.apache.maven.internal.xml,XmlNodeImplTest,testCombineId,Magic Number,The method contains a magic number: 2,153
input,org.apache.maven.plugin,PluginParameterExpressionEvaluator,evaluate,Long Method,The method has 173 lines of code.,126
input,org.apache.maven.configuration.internal,EnhancedComponentConfigurator,configureComponent,Long Statement,"The length of the statement ""new EnhancedConfigurationConverter().processConfiguration(converterLookup`component`realm`configuration`evaluator`listener);"" is 124.",44
input,org.apache.maven.project.artifact,AttachedArtifact,setArtifactId,Long Statement,"The length of the statement ""throw new UnsupportedOperationException(""Cannot change the artifactId for an attached artifact."" + "" It is derived from the main artifact."");"" is 141.",73
input,org.apache.maven.artifact.versioning,ComparableVersionIT,visitFile,Long Statement,"The length of the statement ""Process p=Runtime.getRuntime().exec(new String[]{Paths.get(System.getProperty(""java.home"")`""bin/java"").toString()`""-jar""`file.toAbsolutePath().toString()`""5.32""`""5.27""});"" is 170.",42
input,org.apache.maven.artifact.repository.metadata,DefaultRepositoryMetadataManager,resolve,Complex Method,Cyclomatic complexity of the method is 13,73
input,org.apache.maven.repository.legacy.resolver,DefaultArtifactCollectorTest,createArtifactSpec,Long Parameter List,The method has 5 parameters. ,770
input,org.apache.maven.repository.legacy,WagonManager,getRemoteFile,Long Parameter List,The method has 6 parameters. ,58
input,org.apache.maven.model.building,BuildModelSourceTransformerTest,testReactorDependencies,Long Statement,"The length of the statement ""Model expected=new Model(org.apache.maven.api.model.Model.newBuilder().dependencies(Collections.singleton(org.apache.maven.api.model.Dependency.newBuilder().groupId(""GROUPID"").artifactId(""ARTIFACTID"").version(""1.0-SNAPSHOT"").build())).build());"" is 244.",81
input,org.apache.maven.artifact.resolver,DefaultArtifactResolver,DefaultArtifactResolver,Long Statement,"The length of the statement ""executor=new ThreadPoolExecutor(threads`threads`3`TimeUnit.SECONDS`new LinkedBlockingQueue<>()`new DaemonThreadCreator());"" is 122.",100
input,org.apache.maven.lifecycle,LifecycleExecutorTest,calculateExecutionPlan,Long Identifier,The length of the field lifeCycleExecutionPlanCalculator is 32.,316
input,org.apache.maven.project.inheritance.t05,ProjectInheritanceTest,testDependencyManagement,Long Statement,"The length of the statement ""System.out.println(""Artifact: "" + artifact.getDependencyConflictId() + "" ""+ artifact.getVersion()+ "" Scope: ""+ artifact.getScope());"" is 132.",49
input,org.apache.maven.internal.xml,XmlNodeImpl,merge,Long Method,The method has 119 lines of code.,171
input,org.apache.maven.plugin,PluginParameterExpressionEvaluator,isTypeCompatible,Long Statement,"The length of the statement ""return ((type.isPrimitive() || type.getName().startsWith(""java.lang."")) && value.getClass().getName().startsWith(""java.lang.""));"" is 128.",323
input,org.apache.maven.project,PomConstructionTest,testOrderOfMergedPluginDependenciesWithoutPluginManagement,Magic Number,The method contains a magic number: 5,737
input,org.apache.maven.plugin,DefaultPluginRealmCache,flush,Empty catch clause,The method has an empty catch block.,189
input,org.apache.maven.model.building,FileToRawModelMerger,mergeReportPlugin_ReportSets,Long Parameter List,The method has 5 parameters. ,197
input,org.apache.maven.lifecycle.internal,LifecycleExecutionPlanCalculatorTest,testCalculateExecutionPlanWithGoalTasks,Long Identifier,The length of the identifier lifecycleExecutionPlanCalculator is 32.,38
input,org.apache.maven.toolchain.merge,MavenToolchainMergerTest,testMergeJdkExtra,Magic Number,The method contains a magic number: 2,60
input,org.apache.maven.toolchain.building,DefaultToolchainsBuilder,interpolate,Magic Number,The method contains a magic number: 1024,84
input,org.apache.maven.repository.metadata,MetadataResolutionResult,getGraph,Complex Method,Cyclomatic complexity of the method is 10,79
input,org.apache.maven.cli.transfer,FileSizeFormatTest,testSizeWithSelectedScaleUnit,Magic Number,The method contains a magic number: 1000L,105
input,org.apache.maven.model.building,ModelProblemUtils,toSourceHint,Magic Number,The method contains a magic number: 128,31
input,org.apache.maven.model.building,FileToRawModelMerger,mergeModelBase_PluginRepositories,Long Parameter List,The method has 5 parameters. ,152
input,org.apache.maven.building,DefaultProblemCollectorTest,testSetSource,Magic Number,The method contains a magic number: 2,58
input,org.apache.maven.model.validation,DefaultModelValidatorTest,testMissingDependencyManagementGroupId,Long Statement,"The length of the statement ""assertTrue(result.getErrors().get(0).contains(""'dependencyManagement.dependencies.dependency.groupId' for null:artifactId:jar is missing""));"" is 140.",238
input,org.apache.maven.model,InputSource,clone,Long Statement,"The length of the statement ""throw (RuntimeException)new UnsupportedOperationException(getClass().getName() + "" does not support clone()"").initCause(ex);"" is 124.",68
input,org.apache.maven.project,DefaultMavenProjectBuilderTest,testBuildParentVersionRangeExternallyWithChildProjectVersionExpression,Long Statement,"The length of the statement ""ProjectBuildingException e=assertThrows(ProjectBuildingException.class`() -> getProjectFromRemoteRepository(f1)`""Expected 'ProjectBuildingException' not thrown."");"" is 163.",296
input,org.apache.maven.model.building,DefaultModelBuilder,doReadFileModel,Complex Method,Cyclomatic complexity of the method is 9,1020
input,org.apache.maven.configuration,DefaultBeanConfiguratorTest,testPreAndPostProcessing,Complex Conditional,"The conditional expression value != null && value.startsWith(""${"") && value.endsWith(""}"") is complex.",75
input,org.apache.maven.plugin,PluginParameterExpressionEvaluatorTest,testPluginDescriptorExpressionReference,Long Statement,"The length of the statement ""assertSame(exec.getMojoDescriptor().getPluginDescriptor()`result`""${plugin} expression does not return plugin descriptor."");"" is 124.",74
input,org.apache.maven.project,MavenProject,getRuntimeArtifacts,Complex Conditional,The conditional expression a.getArtifactHandler().isAddedToClasspath() && (Artifact.SCOPE_COMPILE.equals(a.getScope()) || Artifact.SCOPE_RUNTIME.equals(a.getScope())) is complex.,1456
input,org.apache.maven.model.validation,DefaultModelValidatorTest,testBadRepositoryId,Long Statement,"The length of the statement ""assertContains(result.getErrors().get(2)`""'distributionManagement.repository.id' must not contain any of these characters"");"" is 124.",552
input,org.apache.maven.settings.validation,DefaultSettingsValidatorTest,testValidateUniqueProfileId,Long Statement,"The length of the statement ""assertContains(problems.messages.get(0)`""'profiles.profile.id' must be unique but found duplicate profile with id test"");"" is 121.",150
input,org.apache.maven.repository.legacy.repository,DefaultArtifactRepositoryFactory,createArtifactRepository,Long Parameter List,The method has 5 parameters. ,73
input,org.apache.maven.cli,MavenCliTest,testVersionStringWithoutAnsi,Empty catch clause,The method has an empty catch block.,478
input,org.apache.maven.plugin.version.internal,DefaultPluginVersionResolver,mergeMetadata,Complex Conditional,The conditional expression versioning.getLatest() != null && !versioning.getLatest().isEmpty() && timestamp.compareTo(versions.latestTimestamp) > 0 is complex.,308
input,org.apache.maven,ReactorReader,cleanProjectLocalRepository,Empty catch clause,The method has an empty catch block.,360
input,org.apache.maven.api.services,DependencyCollectorRequest,build,Long Statement,"The length of the statement ""return builder().session(nonNull(session`""session cannot be null"")).rootArtifact(nonNull(root`""root cannot be null"")).build();"" is 126.",70
input,org.apache.maven.lifecycle,LifecycleExecutorTest,testLifecyclePluginsRetrievalForDefaultLifecycle,Magic Number,The method contains a magic number: 9,299
input,org.apache.maven.internal.aether,DefaultRepositorySystemSessionFactoryTest,requestTimeoutConfigurationTest,Long Statement,"The length of the statement ""DefaultRepositorySystemSessionFactory systemSessionFactory=new DefaultRepositorySystemSessionFactory(artifactHandlerManager`aetherRepositorySystem`null`settingsDecrypter`eventSpyDispatcher`mavenRepositorySystem`information);"" is 224.",273
input,org.apache.maven.model.building,ModelProblemUtils,formatLocation,Magic Number,The method contains a magic number: 256,114
input,org.apache.maven.cli,MavenCli,logSummary,Complex Method,Cyclomatic complexity of the method is 9,1050
input,org.apache.maven.toolchain.merge,MavenToolchainMerger,merge,Long Statement,"The length of the statement ""dominant.update(new org.apache.maven.toolchain.v4.MavenToolchainsMerger().merge(dominant.getDelegate()`recessive.getDelegate()`true`null));"" is 139.",29
input,org.apache.maven.model.merge,MavenModelMerger,mergeModel_Organization,Long Parameter List,The method has 5 parameters. ,139
input,org.apache.maven.cli.event,ExecutionEventLoggerTest,testTerminalWidth,Magic Number,The method contains a magic number: 200,132
input,org.apache.maven.graph,DefaultGraphBuilderTest,parameters,Long Statement,"The length of the statement ""return Stream.of(scenario(""Full reactor in order"").expectResult(PARENT_MODULE`MODULE_C`MODULE_C_1`MODULE_A`MODULE_B`MODULE_C_2`INDEPENDENT_MODULE)`scenario(""Selected project"").activeRequiredProjects(MODULE_B).expectResult(MODULE_B)`scenario(""Selected aggregator project (including child modules)"").activeRequiredProjects(MODULE_C).expectResult(MODULE_C`MODULE_C_1`MODULE_C_2)`scenario(""Selected aggregator project with non-recursive"").activeRequiredProjects(MODULE_C).nonRecursive().expectResult(MODULE_C)`scenario(""Selected optional project"").activeOptionalProjects(MODULE_B).expectResult(MODULE_B)`scenario(""Selected missing optional project"").activeOptionalProjects(""non-existing-module"").expectResult(PARENT_MODULE`MODULE_C`MODULE_C_1`MODULE_A`MODULE_B`MODULE_C_2`INDEPENDENT_MODULE)`scenario(""Selected missing optional and required project"").activeOptionalProjects(""non-existing-module"").activeRequiredProjects(MODULE_B).expectResult(MODULE_B)`scenario(""Excluded project"").inactiveRequiredProjects(MODULE_B).expectResult(PARENT_MODULE`MODULE_C`MODULE_C_1`MODULE_A`MODULE_C_2`INDEPENDENT_MODULE)`scenario(""Excluded optional project"").inactiveOptionalProjects(MODULE_B).expectResult(PARENT_MODULE`MODULE_C`MODULE_C_1`MODULE_A`MODULE_C_2`INDEPENDENT_MODULE)`scenario(""Excluded missing optional project"").inactiveOptionalProjects(""non-existing-module"").expectResult(PARENT_MODULE`MODULE_C`MODULE_C_1`MODULE_A`MODULE_B`MODULE_C_2`INDEPENDENT_MODULE)`scenario(""Excluded missing optional and required project"").inactiveOptionalProjects(""non-existing-module"").inactiveRequiredProjects(MODULE_B).expectResult(PARENT_MODULE`MODULE_C`MODULE_C_1`MODULE_A`MODULE_C_2`INDEPENDENT_MODULE)`scenario(""Excluded aggregator project with non-recursive"").inactiveRequiredProjects(MODULE_C).nonRecursive().expectResult(PARENT_MODULE`MODULE_C_1`MODULE_A`MODULE_B`MODULE_C_2`INDEPENDENT_MODULE)`scenario(""Selected and excluded same project"").activeRequiredProjects(MODULE_A).inactiveRequiredProjects(MODULE_A).expectResult(MavenExecutionException.class`""empty reactor"")`scenario(""Excluded aggregator` but selected child"").activeRequiredProjects(MODULE_C_1).inactiveRequiredProjects(MODULE_C).expectResult(MavenExecutionException.class`""empty reactor"")`scenario(""Project selected with different selector resolves to same project"").activeRequiredProjects(GROUP_ID + "":"" + MODULE_A).inactiveRequiredProjects(MODULE_A).expectResult(MavenExecutionException.class`""empty reactor"")`scenario(""Selected and excluded same project` but also selected another project"").activeRequiredProjects(MODULE_A`MODULE_B).inactiveRequiredProjects(MODULE_A).expectResult(MODULE_B)`scenario(""Selected missing project as required and as optional"").activeRequiredProjects(""non-existing-module"").activeOptionalProjects(""non-existing-module"").expectResult(MavenExecutionException.class`""not find the selected project"")`scenario(""Resuming from project"").resumeFrom(MODULE_B).expectResult(MODULE_B`MODULE_C_2`INDEPENDENT_MODULE)`scenario(""Selected project with also make dependencies"").activeRequiredProjects(MODULE_C_2).makeBehavior(REACTOR_MAKE_UPSTREAM).expectResult(PARENT_MODULE`MODULE_C`MODULE_A`MODULE_B`MODULE_C_2)`scenario(""Selected project with also make dependents"").activeRequiredProjects(MODULE_B).makeBehavior(REACTOR_MAKE_DOWNSTREAM).expectResult(MODULE_B`MODULE_C_2)`scenario(""Resuming from project with also make dependencies"").makeBehavior(REACTOR_MAKE_UPSTREAM).resumeFrom(MODULE_C_2).expectResult(PARENT_MODULE`MODULE_C`MODULE_A`MODULE_B`MODULE_C_2`INDEPENDENT_MODULE)`scenario(""Selected project with resume from and also make dependency (MNG-4960 IT#1)"").activeRequiredProjects(MODULE_C_2).resumeFrom(MODULE_B).makeBehavior(REACTOR_MAKE_UPSTREAM).expectResult(PARENT_MODULE`MODULE_C`MODULE_A`MODULE_B`MODULE_C_2)`scenario(""Selected project with resume from and also make dependent (MNG-4960 IT#2)"").activeRequiredProjects(MODULE_B).resumeFrom(MODULE_C_2).makeBehavior(REACTOR_MAKE_DOWNSTREAM).expectResult(MODULE_C_2)`scenario(""Excluding an also make dependency from selectedProject does take its transitive dependency"").activeRequiredProjects(MODULE_C_2).inactiveRequiredProjects(MODULE_B).makeBehavior(REACTOR_MAKE_UPSTREAM).expectResult(PARENT_MODULE`MODULE_C`MODULE_A`MODULE_C_2)`scenario(""Excluding a project also excludes its children"").inactiveRequiredProjects(MODULE_C).expectResult(PARENT_MODULE`MODULE_A`MODULE_B`INDEPENDENT_MODULE)`scenario(""Excluding an also make dependency from resumeFrom does take its transitive dependency"").resumeFrom(MODULE_C_2).inactiveRequiredProjects(MODULE_B).makeBehavior(REACTOR_MAKE_UPSTREAM).expectResult(PARENT_MODULE`MODULE_C`MODULE_A`MODULE_C_2`INDEPENDENT_MODULE)`scenario(""Resume from exclude project downstream"").resumeFrom(MODULE_A).inactiveRequiredProjects(MODULE_B).expectResult(MODULE_A`MODULE_C_2`INDEPENDENT_MODULE)`scenario(""Exclude the project we are resuming from (as proposed in MNG-6676)"").resumeFrom(MODULE_B).inactiveRequiredProjects(MODULE_B).expectResult(MODULE_C_2`INDEPENDENT_MODULE)`scenario(""Selected projects in wrong order are resumed correctly in order"").activeRequiredProjects(MODULE_C_2`MODULE_B`MODULE_A).resumeFrom(MODULE_B).expectResult(MODULE_B`MODULE_C_2)`scenario(""Duplicate projects are filtered out"").activeRequiredProjects(MODULE_A`MODULE_A).expectResult(MODULE_A)`scenario(""Select reactor by specific pom"").requestedPom(MODULE_C).expectResult(MODULE_C`MODULE_C_1`MODULE_C_2)`scenario(""Select reactor by specific pom with also make dependencies"").requestedPom(MODULE_C).makeBehavior(REACTOR_MAKE_UPSTREAM).expectResult(PARENT_MODULE`MODULE_C`MODULE_C_1`MODULE_A`MODULE_B`MODULE_C_2)`scenario(""Select reactor by specific pom with also make dependents"").requestedPom(MODULE_B).makeBehavior(REACTOR_MAKE_DOWNSTREAM).expectResult(MODULE_B`MODULE_C_2));"" is 5800.",111
input,org.apache.maven.lifecycle,DefaultLifecycleExecutor,DefaultLifecycleExecutor,Long Parameter List,The method has 7 parameters. ,68
input,org.apache.maven.internal.impl,DefaultArtifact,DefaultArtifact,Long Statement,"The length of the statement ""this.id=getGroupId() + ':' + getArtifactId()+ ':'+ getExtension()+ (getClassifier().isEmpty() ? """" : "":"" + getClassifier())+ ':'+ getVersion();"" is 143.",38
input,org.apache.maven.lifecycle.internal.builder.multithreaded,ConcurrencyDependencyGraphTest,testGraph,Magic Number,The method contains a magic number: 4,34
input,org.apache.maven.model.validation,DefaultModelValidatorTest,testReservedRepositoryId,Magic Number,The method contains a magic number: 2,486
input,org.apache.maven.project,PomConstructionTest,testOrderOfMergedPluginExecutionGoalsWithPluginManagement,Magic Number,The method contains a magic number: 5,707
input,org.apache.maven.execution,ProfileActivation,getProfileIds,Long Statement,"The length of the statement ""return this.activations.entrySet().stream().filter(e -> predicate.test(e.getValue())).map(Map.Entry::getKey).collect(toSet());"" is 126.",121
input,org.apache.maven.bridge,MavenRepositorySystem,createDefaultRemoteRepository,Long Statement,"The length of the statement ""return createRepository(MavenRepositorySystem.DEFAULT_REMOTE_REPO_URL`MavenRepositorySystem.DEFAULT_REMOTE_REPO_ID`true`ArtifactRepositoryPolicy.UPDATE_POLICY_DAILY`false`ArtifactRepositoryPolicy.UPDATE_POLICY_DAILY`ArtifactRepositoryPolicy.DEFAULT_CHECKSUM_POLICY);"" is 266.",531
input,org.apache.maven.plugin,PluginExecutionException,constructMessage,Long Statement,"The length of the statement ""message=""Execution "" + mojoExecution.getExecutionId() + "" of goal ""+ mojoExecution.getMojoDescriptor().getId()+ "" failed"";"" is 122.",57
input,org.apache.maven.project,MavenProjectTest,testCloneWithActiveProfile,Long Statement,"The length of the statement ""assertNotSame(activeProfilesOrig`activeProfilesClone`""The list of active profiles should have been cloned too but is same"");"" is 124.",161
input,org.apache.maven.project,ProjectModelResolver,resolveModel,Long Statement,"The length of the statement ""throw new UnresolvableModelException(String.format(""The requested dependency version range '%s' does not specify an upper bound""`dependency.getVersion())`dependency.getGroupId()`dependency.getArtifactId()`dependency.getVersion());"" is 230.",220
input,org.apache.maven.lifecycle.internal,DefaultMojoExecutionConfigurator,checkUnknownMojoConfigurationParameters,Long Statement,"The length of the statement ""MessageBuilder messageBuilder=messageBuilderFactory.builder().warning(""Parameter '"").warning(name).warning(""' is unknown for plugin '"").warning(mojoExecution.getArtifactId()).warning("":"").warning(mojoExecution.getVersion()).warning("":"").warning(mojoExecution.getGoal());"" is 270.",116
input,org.apache.maven.internal.impl,TestApi,setup,Long Statement,"The length of the statement ""this.session=session.withLocalRepository(localRepository).withRemoteRepositories(Collections.singletonList(remoteRepository));"" is 126.",95
input,org.apache.maven.repository.internal.util,ConsoleTransferListener,toKB,Magic Number,The method contains a magic number: 1023,151
input,org.apache.maven.artifact.versioning,VersionRangeTest,testIntersections,Magic Number,The method contains a magic number: 3,183
input,org.apache.maven.artifact.resolver,ArtifactNotFoundException,ArtifactNotFoundException,Long Parameter List,The method has 9 parameters. ,91
input,org.apache.maven.project.collector,MultiModuleCollectionStrategy,collectProjects,Long Statement,"The length of the statement ""LOGGER.debug(""Multi module project collection failed:{}"" + ""Detected that one of the modules of this multi-module project uses another module as "" + ""plugin extension which still needed to be built. This is not possible within the same ""+ ""reactor build. Another project collection strategy will be executed as result.""`System.lineSeparator());"" is 344.",62
input,org.apache.maven.plugin,ReflectionValueExtractorTest,testArtifactMap,Long Statement,"The length of the statement ""assertEquals(""c2""`((Artifact)ReflectionValueExtractor.evaluate(""project.artifactMap(g2:a2:c2)""`project)).getClassifier());"" is 122.",330
input,org.apache.maven,ReactorReader,findVersions,Long Statement,"The length of the statement ""return getProjects().getOrDefault(artifact.getGroupId()`Collections.emptyMap()).getOrDefault(artifact.getArtifactId()`Collections.emptyMap()).values().stream().filter(p -> Objects.nonNull(findArtifact(p`artifact))).map(MavenProject::getVersion).collect(Collectors.collectingAndThen(Collectors.toList()`Collections::unmodifiableList));"" is 334.",119
input,org.apache.maven.artifact.resolver.filter,CumulativeScopeArtifactFilter,hashCode,Magic Number,The method contains a magic number: 31,80
input,org.apache.maven.model.building,DefaultModelProblem,DefaultModelProblem,Long Parameter List,The method has 8 parameters. ,78
input,org.apache.maven.repository.legacy.resolver,DefaultLegacyArtifactCollector,checkScopeUpdate,Magic Number,The method contains a magic number: 2,595
input,org.apache.maven.plugin.internal,DefaultMavenPluginManager,getConfiguredMojo,Long Statement,"The length of the statement ""throw new PluginContainerException(mojoDescriptor`pluginRealm`""Unable to load the mojo '"" + mojoDescriptor.getGoal() + ""' (or one of its required components) from the plugin '""+ pluginDescriptor.getId()+ ""'""`e);"" is 211.",473
input,org.apache.maven.project,ProjectModelResolverTest,testResolveParentThrowsUnresolvableModelExceptionWhenNotFound,Long Statement,"The length of the statement ""UnresolvableModelException e=assertThrows(UnresolvableModelException.class`() -> newModelResolver().resolveModel(parent.getDelegate()`new AtomicReference<>())`""Expected 'UnresolvableModelException' not thrown."");"" is 212.",60
input,org.apache.maven.project.artifact,DefaultMavenMetadataCacheTest,testCacheKey,Long Statement,"The length of the statement ""@SuppressWarnings(""deprecation"") ArtifactRepository lr2=new DelegatingLocalArtifactRepository(repositorySystem.createDefaultLocalRepository());"" is 143.",47
input,org.apache.maven.repository.metadata,MetadataGraph,init,Magic Number,The method contains a magic number: 2,195
input,org.apache.maven.cli,MavenCli,toolchains,Long Statement,"The length of the statement ""slf4jLogger.debug(""Reading user toolchains from '{}'""`getLocation(toolchainsRequest.getUserToolchainsSource()`userToolchainsFile));"" is 131.",1164
input,org.apache.maven.model.building,DefaultModelBuilder,loadDependencyManagement,Long Statement,"The length of the statement ""problems.add(new ModelProblemCollectorRequest(Severity.ERROR`Version.BASE).setMessage(""'dependencyManagement.dependencies.dependency.version' for "" + dependency.getManagementKey() + "" is missing."").setLocation(dependency.getLocation("""")));"" is 239.",1656
input,org.apache.maven.project.artifact,MavenMetadataSource,retrieve,Long Statement,"The length of the statement ""pomRepositories=session.getProjects().stream().filter(p -> artifact.equals(p.getArtifact())).map(MavenProject::getRemoteArtifactRepositories).findFirst().orElseGet(() -> getRepositoriesFromModel(repositorySession`model));"" is 221.",152
input,org.apache.maven.model.validation,DefaultModelValidator,validateModelVersion,Long Statement,"The length of the statement ""addViolation(problems`Severity.ERROR`Version.V20`""modelVersion""`null`""must be one of "" + values + "" but is '""+ string+ ""'.""`tracker);"" is 133.",1492
input,org.apache.maven.repository.legacy,DefaultWagonManagerTest,createStringRepo,Long Statement,"The length of the statement ""return artifactRepositoryFactory.createArtifactRepository(""id""`""string://url""`new ArtifactRepositoryLayoutStub()`null`null);"" is 124.",173
input,org.apache.maven.repository.legacy.resolver.conflict,AbstractConflictResolverTest,createArtifact,Long Parameter List,The method has 5 parameters. ,109
input,org.apache.maven.artifact.resolver,ArtifactResolverTest,testTransitiveResolutionOrder,Long Statement,"The length of the statement ""@Override public ResolutionGroup retrieve( Artifact artifact` ArtifactRepository localRepository` List<ArtifactRepository> remoteRepositories){"" is 143.",187
input,org.apache.maven.model.building,DefaultModelBuilderFactory,setProfileActivationFilePathInterpolator,Long Identifier,The length of the parameter profileActivationFilePathInterpolator is 37.,197
input,org.apache.maven.cli,MavenCliTest,testMavenConfigInvalid,Long Statement,"The length of the statement ""System.setProperty(MavenCli.MULTIMODULE_PROJECT_DIRECTORY`new File(""src/test/projects/config-illegal"").getCanonicalPath());"" is 123.",195
input,org.apache.maven.project,ProjectModelResolver,ProjectModelResolver,Long Parameter List,The method has 7 parameters. ,82
input,org.apache.maven.model.building,DefaultModelBuilder,setLifecycleBindingsInjector,Long Statement,"The length of the statement ""return new DefaultModelBuilder(modelProcessor`modelValidator`modelNormalizer`modelInterpolator`modelPathTranslator`modelUrlNormalizer`superPomProvider`inheritanceAssembler`profileSelector`profileInjector`pluginManagementInjector`dependencyManagementInjector`dependencyManagementImporter`lifecycleBindingsInjector`pluginConfigurationExpander`reportConfigurationExpander`profileActivationFilePathInterpolator`versionProcessor`transformer);"" is 437.",534
input,org.apache.maven.model.building,BuildModelSourceTransformer,handleModelVersion,Complex Conditional,The conditional expression model.getModelVersion() == null && namespace != null && namespace.startsWith(NAMESPACE_PREFIX) is complex.,57
input,org.apache.maven.cli,CLIManager,CLIManager,Long Statement,"The length of the statement ""options.addOption(Option.builder(Character.toString(VERBOSE)).longOpt(""verbose"").desc(""Produce execution verbose output"").build());"" is 131.",127
input,org.apache.maven.project.inheritance.t07,ProjectInheritanceTest,testDependencyManagement,Long Statement,"The length of the statement ""System.out.println(""Artifact: "" + artifact.getDependencyConflictId() + "" ""+ artifact.getVersion()+ "" Optional=""+ (artifact.isOptional() ? ""true"" : ""false""));"" is 157.",50
input,org.apache.maven.repository.internal,DefaultModelResolver,resolveModel,Long Statement,"The length of the statement ""if (versionRangeResult.getVersionConstraint() != null && versionRangeResult.getVersionConstraint().getRange() != null && versionRangeResult.getVersionConstraint().getRange().getUpperBound() == null) {"" is 200.",212
input,org.apache.maven.lifecycle,DefaultLifecycleExecutor,calculateExecutionPlan,Long Identifier,The length of the field lifecycleTaskSegmentCalculator is 30.,115
input,org.apache.maven.model,InputLocation,toApiLocation,Long Statement,"The length of the statement ""return new org.apache.maven.api.model.InputLocation(lineNumber`columnNumber`source != null ? source.toApiSource() : null`locations != null ? locations.entrySet().stream().collect(Collectors.toMap(e -> e.getKey()`e -> e.getValue().toApiLocation())) : null);"" is 256.",306
input,org.apache.maven.artifact,AbstractArtifactComponentTestCase,initRepoSession,Long Statement,"The length of the statement ""DependencySelector depFilter=new AndDependencySelector(new ScopeDependencySelector(""test""`""provided"")`new OptionalDependencySelector()`new ExclusionDependencySelector());"" is 170.",300
input,org.apache.maven.project,LegacyLocalRepositoryManager,getPathForLocalArtifact,Magic Number,The method contains a magic number: 128,50
input,org.apache.maven.plugin.internal,MavenScopeDependenciesValidator,doValidate,Long Statement,"The length of the statement ""pluginValidationManager.reportPluginValidationIssue(PluginValidationManager.IssueLocality.EXTERNAL`session`pluginArtifact`""Plugin should declare Maven artifacts in `provided` scope. If the plugin already declares them in `provided` scope` update the maven-plugin-plugin to latest version. Artifacts found with wrong scope: "" + mavenArtifacts);"" is 343.",48
input,org.apache.maven.plugin,PluginParameterExceptionTest,testMissingRequiredPropertiesTypeParameter,Long Statement,"The length of the statement ""assertEquals(""One or more required plugin parameters are invalid/missing for 'goalPrefix:goal'"" + LS + LS+ ""[0] Inside the definition for plugin 'artifactId'` specify the following:""+ LS+ LS+ ""<configuration>""+ LS+ "" ...""+ LS+ "" <toAddresses>""+ LS+ "" <property>""+ LS+ "" <name>KEY</name>""+ LS+ "" <value>VALUE</value>""+ LS+ "" </property>""+ LS+ "" </toAddresses>""+ LS+ ""</configuration>.""+ LS`exception.buildDiagnosticMessage());"" is 425.",135
input,org.apache.maven.plugin,ClassMap,makeMethodKey,Complex Method,Cyclomatic complexity of the method is 11,137
input,org.apache.maven.settings.validation,DefaultSettingsValidatorTest,testValidateRepository,Magic Number,The method contains a magic number: 2,107
input,org.apache.maven.model.building,DefaultModelBuilder,setModelInterpolator,Long Identifier,The length of the field profileActivationFilePathInterpolator is 37.,252
input,org.apache.maven.cli.transfer,FileSizeFormatTest,testNegativeProgressedSize,Magic Number,The method contains a magic number: 100L,208
input,org.apache.maven.model.building,DefaultModelBuilder,setDependencyManagementInjector,Long Identifier,The length of the field profileActivationFilePathInterpolator is 37.,476
input,org.apache.maven.lifecycle.internal,DefaultLifecycleExecutionPlanCalculator,calculateLifecycleMappings,Long Statement,"The length of the statement ""throw new LifecyclePhaseNotFoundException(""Unknown lifecycle phase \"""" + lifecyclePhase + ""\"". You must specify a valid lifecycle phase""+ "" or a goal in the format <plugin-prefix>:<goal> or""+ "" <plugin-group-id>:<plugin-artifact-id>[:<plugin-version>]:<goal>. Available lifecycle phases are: ""+ defaultLifecycles.getLifecyclePhaseList()+ "".""`lifecyclePhase);"" is 358.",247
input,org.apache.maven.plugin,DefaultBuildPluginManager,executeMojo,Long Statement,"The length of the statement ""ps.println(""An API incompatibility was encountered while executing "" + mojoDescriptor.getId() + "": ""+ e.getClass().getName()+ "": ""+ e.getMessage());"" is 148.",95
input,org.apache.maven.artifact.resolver,ArtifactResolver,resolveTransitively,Long Parameter List,The method has 6 parameters. ,56
input,org.apache.maven.model.io,DefaultModelReader,read,Long Statement,"The length of the statement ""throw new ModelParseException(e.getMessage()`location != null ? location.getLineNumber() : -1`location != null ? location.getColumnNumber() : -1`e);"" is 148.",132
input,org.apache.maven.cli,CLIManager,CLIManager,Long Statement,"The length of the statement ""options.addOption(Option.builder(Character.toString(SHOW_VERSION)).longOpt(""show-version"").desc(""Display version information WITHOUT stopping build"").build());"" is 159.",127
input,org.apache.maven.model.validation,DefaultModelValidatorTest,testHardCodedSystemPath,Long Statement,"The length of the statement ""assertContains(result.getWarnings().get(1)`""'dependencies.dependency.systemPath' for test:a:jar should use a variable instead of a hard-coded path"");"" is 149.",436
input,org.apache.maven.cli.transfer,FileSizeFormatTest,testSizeWithSelectedScaleUnit,Magic Number,The method contains a magic number: 1000L,105
input,org.apache.maven.artifact.repository,MavenArtifactRepository,basedir,Magic Number,The method contains a magic number: 2,221
input,org.apache.maven.artifact.manager,DefaultWagonManager,getMirrorRepository,Long Statement,"The length of the statement ""repository=artifactRepositoryFactory.createArtifactRepository(id`mirror.getUrl()`repository.getLayout()`repository.getSnapshots()`repository.getReleases());"" is 156.",148
input,org.apache.maven.internal.xml,XmlNodeBuilder,build,Complex Conditional,The conditional expression value != null && trim && !spacePreserve is complex.,176
input,org.apache.maven.lifecycle,LifecycleExecutorTest,testCalculationOfBuildPlanTasksOfTheCleanLifecycleAndTheInstallLifecycle,Magic Number,The method contains a magic number: 5,155
input,org.apache.maven.lifecycle.internal.builder.multithreaded,ConcurrencyDependencyGraphTest,testGraph,Magic Number,The method contains a magic number: 6,34
input,org.apache.maven.project,DefaultProjectBuilder,getModelBuildingRequest,Long Statement,"The length of the statement ""ModelResolver resolver=new ProjectModelResolver(config.session`trace`repoSystem`repositoryManager`config.repositories`configuration.getRepositoryMerging()`config.modelPool);"" is 173.",243
input,org.apache.maven.plugin.internal,DefaultMavenPluginManager,extractPluginDescriptor,Long Statement,"The length of the statement ""throw new InvalidPluginDescriptorException(""Invalid plugin descriptor for "" + plugin.getId() + "" (""+ pluginFile+ "")""`errors);"" is 125.",211
input,org.apache.maven.execution,DefaultBuildResumptionDataRepository,applyResumptionProperties,Long Statement,"The length of the statement ""Stream.of(propertyValue.split(PROPERTY_DELIMITER)).filter(str -> str != null && !str.isEmpty()).forEach(request.getProjectActivation()::activateOptionalProject);"" is 161.",110
input,org.apache.maven.model.validation,DefaultModelValidator,validateEffectiveDependency,Long Statement,"The length of the statement ""validateCoordinateId(prefix`""exclusions.exclusion.groupId""`problems`Severity.WARNING`Version.V20`exclusion.getGroupId()`d.getManagementKey()`exclusion);"" is 152.",839
input,org.apache.maven.artifact,DefaultArtifact,isSnapshot,Long Statement,"The length of the statement ""return getBaseVersion() != null && (getBaseVersion().endsWith(SNAPSHOT_VERSION) || getBaseVersion().equals(LATEST_VERSION));"" is 124.",427
input,org.apache.maven.lifecycle,LifecycleExecutorTest,testLifecycleQueryingUsingADefaultLifecyclePhase,Magic Number,The method contains a magic number: 4,260
input,org.apache.maven.artifact,ArtifactUtils,copyArtifact,Long Statement,"The length of the statement ""DefaultArtifact clone=new DefaultArtifact(artifact.getGroupId()`artifact.getArtifactId()`range`artifact.getScope()`artifact.getType()`artifact.getClassifier()`artifact.getArtifactHandler()`artifact.isOptional());"" is 212.",118
input,org.apache.maven.cli,MavenCli,disableInteractiveModeIfNeeded,Long Statement,"The length of the statement ""slf4jLogger.info(""Making this build non-interactive` because the environment variable CI equals \""true\""."" + "" Disable this detection by removing that variable or adding --force-interactive."");"" is 193.",1314
input,org.apache.maven.project,DefaultProjectBuilder,build,Long Parameter List,The method has 9 parameters. ,398
input,org.apache.maven.settings.building,DefaultSettingsProblemCollector,add,Long Parameter List,The method has 5 parameters. ,48
input,org.apache.maven.settings.validation,DefaultSettingsValidatorTest,testValidateMirror,Magic Number,The method contains a magic number: 2,86
input,org.apache.maven.model.validation,DefaultModelValidatorTest,testSelfReferencingDependencyInRawModel,Long Statement,"The length of the statement ""assertEquals(""'dependencies.dependency[com.example.group:testinvalidpom:0.0.1-SNAPSHOT]' for com.example.group:testinvalidpom:0.0.1-SNAPSHOT is referencing itself.""`result.getFatals().get(0));"" is 192.",716
input,org.apache.maven.artifact.resolver,DefaultArtifactResolver,DefaultArtifactResolver,Magic Number,The method contains a magic number: 5,100
input,org.apache.maven.project,DefaultMavenProjectBuilderTest,testDuplicatePluginDefinitionsMerged,Magic Number,The method contains a magic number: 2,88
input,org.apache.maven.artifact,DefaultArtifact,DefaultArtifact,Long Parameter List,The method has 7 parameters. ,74
input,org.apache.maven.cli,CLIReportingUtilsTest,testFormatDuration,Magic Number,The method contains a magic number: 1000,27
input,org.apache.maven.plugin,PluginParameterExpressionEvaluatorV4,isTypeCompatible,Long Statement,"The length of the statement ""return ((type.isPrimitive() || type.getName().startsWith(""java.lang."")) && value.getClass().getName().startsWith(""java.lang.""));"" is 128.",335
input,org.apache.maven.project,DefaultProjectBuilder,initProject,Complex Conditional,The conditional expression r.getId() != null && !r.getId().isEmpty() && r.getUrl() != null && !r.getUrl().isEmpty() is complex.,650
input,org.apache.maven.repository.internal,ArtifactDescriptorReaderDelegate,convert,Long Statement,"The length of the statement ""return new Dependency(artifact`dependency.getScope()`dependency.getOptional() != null ? dependency.isOptional() : null`exclusions);"" is 131.",92
input,org.apache.maven.plugin.internal,AbstractMavenPluginParametersValidator,isValueSet,Empty catch clause,The method has an empty catch block.,43
input,org.apache.maven.plugin.internal,Maven2DependenciesValidator,doValidate,Long Statement,"The length of the statement ""pluginValidationManager.reportPluginValidationIssue(PluginValidationManager.IssueLocality.EXTERNAL`session`pluginArtifact`""Plugin is a Maven 2.x plugin` which will be not supported in Maven 4.x"");"" is 196.",48
input,org.apache.maven,ReactorReader,getArtifactPath,Long Statement,"The length of the statement ""return repo.resolve(groupId).resolve(artifactId).resolve(version).resolve(artifactId + ""-"" + version+ (classifier != null && !classifier.isEmpty() ? ""-"" + classifier : """")+ "".""+ extension);"" is 189.",419
input,org.apache.maven.repository.internal,DefaultModelResolverTest,testResolveParentThrowsUnresolvableModelExceptionWhenNoMatchingVersionFound,Long Statement,"The length of the statement ""UnresolvableModelException e=assertThrows(UnresolvableModelException.class`() -> newModelResolver().resolveModel(parent`new AtomicReference<>())`""Expected 'UnresolvableModelException' not thrown."");"" is 198.",70
input,org.apache.maven.artifact.versioning,VersionRange,restrict,Complex Method,Cyclomatic complexity of the method is 8,214
input,org.apache.maven.repository,DefaultMirrorSelector,isExternalHttpRepo,Long Statement,"The length of the statement ""return (""http"".equalsIgnoreCase(url.getProtocol()) || ""dav"".equalsIgnoreCase(url.getProtocol()) || ""dav:http"".equalsIgnoreCase(url.getProtocol())|| ""dav+http"".equalsIgnoreCase(url.getProtocol())) && !isLocal(url.getHost());"" is 223.",142
input,org.apache.maven.lifecycle,LifecycleExecutorTest,testLifecycleQueryingUsingADefaultLifecyclePhase,Magic Number,The method contains a magic number: 6,260
input,org.apache.maven.model.validation,DefaultModelValidator,validateFileModel,Long Statement,"The length of the statement ""addViolation(problems`Severity.ERROR`Version.V20`""modules.module["" + i + ""]""`null`""specifies duplicate child module "" + module`m.getLocation(""modules""));"" is 153.",91
input,org.apache.maven.repository.internal,PluginsMetadataGeneratorFactory,getPriority,Magic Number,The method contains a magic number: 10,48
input,org.apache.maven.model.inheritance,DefaultInheritanceAssemblerTest,testFlatTrickyUrls,Long Statement,"The length of the statement ""assertTrue(afe.getMessage().contains(""Expected text value 'http://www.apache.org/path/to/parent/child-artifact-id/' but was "" + ""'http://www.apache.org/path/to/parent/../child-artifact-id/'"")`afe.getMessage());"" is 210.",112
input,org.apache.maven.lifecycle.providers.packaging,AbstractLifecycleMappingProvider,AbstractLifecycleMappingProvider,Magic Number,The method contains a magic number: 2,65
input,org.apache.maven.lifecycle,LifecycleExecutorTest,testPluginConfigurationCreation,Long Statement,"The length of the statement ""MojoDescriptor mojoDescriptor=mojoDescriptorCreator.getMojoDescriptor(""org.apache.maven.its.plugins:maven-it-plugin:0.1:java""`session`session.getCurrentProject());"" is 163.",306
input,org.apache.maven.model.validation,DefaultModelValidatorTest,testBadDependencyVersion,Magic Number,The method contains a magic number: 2,358
input,org.apache.maven.repository.legacy.resolver,LegacyArtifactCollector,collect,Long Parameter List,The method has 8 parameters. ,65
input,org.apache.maven.project.artifact,MavenMetadataCache,put,Long Parameter List,The method has 5 parameters. ,39
input,org.apache.maven.model.validation,DefaultModelValidator,validateRawRepositories,Long Statement,"The length of the statement ""validateStringNoExpression(prefix + prefix2 + ""[""+ repository.getId()+ ""].url""`problems`Severity.ERROR`Version.V40`repository.getUrl()`repository);"" is 147.",972
input,org.apache.maven.project,DefaultProjectBuilder,build,Magic Number,The method contains a magic number: 256,351
input,org.apache.maven.graph,DefaultProjectDependencyGraphTest,testTransitivesInOrder,Magic Number,The method contains a magic number: 3,78
input,org.apache.maven.repository.legacy.resolver,DefaultLegacyArtifactCollector,manageArtifact,Long Statement,"The length of the statement ""if (Artifact.SCOPE_SYSTEM.equals(node.getArtifact().getScope()) && (node.getArtifact().getFile() == null) && (artifact.getFile() != null)) {"" is 140.",565
input,org.apache.maven.repository.legacy,LegacyRepositorySystem,createExtensionArtifact,Long Statement,"The length of the statement ""this.logger.error(String.format(""Invalid version specification '%s' creating extension artifact '%s:%s:%s'.""`version`groupId`artifactId`version)`e);"" is 148.",172
input,org.apache.maven.plugin,ClassMap,getAccessibleMethods,Empty catch clause,The method has an empty catch block.,231
input,org.apache.maven.artifact.repository.layout,DefaultRepositoryLayout,pathOf,Magic Number,The method contains a magic number: 128,44
input,org.apache.maven.artifact.resolver,DefaultResolutionErrorHandler,throwErrors,Long Statement,"The length of the statement ""throw new ArtifactResolutionException(""Unknown error during artifact resolution` "" + request + ""` ""+ result.getExceptions()`request.getArtifact()`request.getRemoteRepositories());"" is 179.",35
input,org.apache.maven.project,DefaultProjectBuildingHelper,createProjectRealm,Complex Conditional,The conditional expression !plugin.isExtensions() && artifacts.size() == 1 && artifacts.get(0).getFile() != null is complex.,139
input,org.apache.maven.internal.aether,MavenInstaller,MavenInstaller,Long Identifier,The length of the field consumerPomArtifactTransformer is 30.,48
input,org.apache.maven.lifecycle.internal,LifecyclePluginResolver,resolveMissingPluginVersions,Long Statement,"The length of the statement ""PluginVersionRequest request=new DefaultPluginVersionRequest(plugin`session.getRepositorySession()`project.getRemotePluginRepositories());"" is 138.",51
input,org.apache.maven.repository.internal,RepositorySystemTest,checkUtSimpleArtifactDependencies,Magic Number,The method contains a magic number: 4,71
input,org.apache.maven.repository.internal.util,ConsoleTransferListener,transferSucceeded,Magic Number,The method contains a magic number: 1024,101
input,org.apache.maven.exception,DefaultExceptionHandler,handle,Long Statement,"The length of the statement ""String message=System.lineSeparator() + ""The project "" + (result.getProjectId().isEmpty() ? """" : result.getProjectId() + "" "")+ ""(""+ result.getPomFile()+ "") has ""+ children.size()+ "" error""+ (children.size() == 1 ? """" : ""s"");"" is 224.",122
input,org.apache.maven.settings.building,SettingsBuildingException,toMessage,Magic Number,The method contains a magic number: 1024,59
input,org.apache.maven.cli.transfer,FileSizeFormatTest,testSizeWithSelectedScaleUnit,Magic Number,The method contains a magic number: 999L,105
input,org.apache.maven.cli,CLIReportingUtilsTest,testFormatDuration,Magic Number,The method contains a magic number: 1000,27
input,org.apache.maven.artifact.repository.metadata,AbstractRepositoryMetadata,updateRepositoryMetadata,Magic Number,The method contains a magic number: 10,67
input,org.apache.maven.repository.metadata,DefaultClasspathTransformationTest,setUp,Magic Number,The method contains a magic number: 4,48
input,org.apache.maven.cli,CLIReportingUtilsTest,testFormatDuration,Magic Number,The method contains a magic number: 1000,27
input,org.apache.maven.lifecycle.internal,DependencyContext,isResolutionRequiredForCurrentProject,Long Statement,"The length of the statement ""return lastDependencyArtifacts != project.getDependencyArtifacts() || (lastDependencyArtifacts != null && lastDependencyArtifactCount != lastDependencyArtifacts.size());"" is 169.",84
input,org.apache.maven.cli,CLIReportingUtilsTest,testFormatDuration,Magic Number,The method contains a magic number: 60,27
input,org.apache.maven.artifact.deployer,DefaultArtifactDeployer,deploy,Long Statement,"The length of the statement ""RepositorySystemSession session=LegacyLocalRepositoryManager.overlay(localRepository`legacySupport.getRepositorySession()`repoSystem);"" is 134.",82
input,org.apache.maven.cli.transfer,FileSizeFormatTest,testSizeWithSelectedScaleUnit,Magic Number,The method contains a magic number: 5L,105
input,org.apache.maven.model.interpolation,AbstractStringBasedModelInterpolator,createValueSources,Long Statement,"The length of the statement ""prefixlessObjectBasedValueSource=new ProblemDetectingValueSource(prefixlessObjectBasedValueSource`""""`PREFIX_PROJECT`problems);"" is 126.",108
input,org.apache.maven.cli.transfer,FileSizeFormatTest,testSizeWithSelectedScaleUnit,Magic Number,The method contains a magic number: 1000L,105
input,org.apache.maven.lifecycle.internal,DefaultLifecycleExecutionPlanCalculator,DefaultLifecycleExecutionPlanCalculator,Long Statement,"The length of the statement ""this.mojoExecutionConfigurators=Collections.singletonMap(""default""`(MojoExecutionConfigurator)new DefaultMojoExecutionConfigurator());"" is 134.",106
input,org.apache.maven.model.validation,DefaultModelValidatorTest,testBadPluginDependencyScope,Magic Number,The method contains a magic number: 2,325
input,org.apache.maven.lifecycle.internal,DefaultLifecyclePluginAnalyzer,parseLifecyclePhaseDefinitions,Long Identifier,The length of the field DEFAULTLIFECYCLEBINDINGS_MODELID is 32.,142
input,org.apache.maven.model.validation,DefaultModelValidatorTest,testInvalidProfileId,Magic Number,The method contains a magic number: 2,380
input,org.apache.maven.project,PomConstructionTest,testReportingPluginInterpolation,Long Statement,"The length of the statement ""Profile inactiveProfile=originalModel.getProfiles().stream().filter(profile -> profile.getId().equals(""inactiveProfile"")).findFirst().orElse(null);"" is 147.",264
input,org.apache.maven.model.building,DefaultModelBuilder,readFileModel,Long Statement,"The length of the statement ""DefaultTransformerContextBuilder contextBuilder=(DefaultTransformerContextBuilder)request.getTransformerContextBuilder();"" is 121.",999
input,org.apache.maven.artifact.repository.metadata,DefaultRepositoryMetadataManager,deploy,Empty catch clause,The method has an empty catch block.,381
input,org.apache.maven.cli,CLIReportingUtils,formatDuration,Magic Number,The method contains a magic number: 1000,166
input,org.apache.maven.lifecycle.internal.builder,BuilderCommon,resolveBuildPlan,Long Statement,"The length of the statement ""logger.warn(""Version not locked for default bindings plugins "" + unversionedPlugins + ""` you should define versions in pluginManagement section of your ""+ ""pom.xml or parent"");"" is 176.",100
input,org.apache.maven.repository.metadata,DefaultGraphConflictResolverTest,setUp,Magic Number,The method contains a magic number: 2,48
input,org.apache.maven.settings,SettingsUtilsV4,convertToSettingsProfile,Long Statement,"The length of the statement ""profile.properties(modelProfile.getProperties().entrySet().stream().collect(Collectors.toMap(e -> e.getKey().toString()`e -> e.getValue().toString())));"" is 152.",75
input,org.apache.maven.cli.transfer,FileSizeFormatTest,testSizeWithSelectedScaleUnit,Magic Number,The method contains a magic number: 1000L,105
input,org.apache.maven.project,DefaultMavenProjectBuilderTest,testPartialResultUponBadDependencyDeclaration,Long Statement,"The length of the statement ""ProjectBuildingException e=assertThrows(ProjectBuildingException.class`() -> projectBuilder.build(pomFile`request)`""Project building did not fail despite invalid POM"");"" is 168.",153
input,org.apache.maven.internal.impl,DefaultArtifactCoordinateFactory,create,Long Statement,"The length of the statement ""return new DefaultArtifactCoordinate(session`new org.eclipse.aether.artifact.DefaultArtifact(request.getGroupId()`request.getArtifactId()`classifier`extension`request.getVersion()`type));"" is 187.",36
input,org.apache.maven.internal.impl,AbstractSession,createArtifactCoordinate,Long Statement,"The length of the statement ""return getService(ArtifactCoordinateFactory.class).create(this`artifact.getGroupId()`artifact.getArtifactId()`artifact.getVersion().asString()`artifact.getClassifier()`artifact.getExtension()`null);"" is 198.",268
input,org.apache.maven.repository.legacy,LegacyRepositorySystem,resolve,Long Statement,"The length of the statement ""DelegatingLocalArtifactRepository delegatingLocalRepository=(DelegatingLocalArtifactRepository)request.getLocalRepository();"" is 124.",296
input,org.apache.maven.repository.legacy,DefaultWagonManager,verifyChecksum,Magic Number,The method contains a magic number: 2,610
input,org.apache.maven.internal.xml,XmlNodeImpl,merge,Complex Method,Cyclomatic complexity of the method is 31,171
input,org.apache.maven.repository.metadata,DefaultClasspathTransformationTest,setUp,Magic Number,The method contains a magic number: 2,48
input,org.apache.maven.cli.event,ExecutionEventLogger,projectStarted,Magic Number,The method contains a magic number: 2,292
input,org.apache.maven.cli.transfer,FileSizeFormatTest,testProgressedSizeWithSize,Magic Number,The method contains a magic number: 5L,248
input,org.apache.maven.cli,CLIManager,CLIManager,Long Statement,"The length of the statement ""options.addOption(Option.builder().longOpt(NON_INTERACTIVE).desc(""Run in non-interactive mode. Alias for --batch-mode"").build());"" is 129.",127
input,org.apache.maven.project.inheritance.t06,ProjectInheritanceTest,testDependencyManagement,Magic Number,The method contains a magic number: 4,50
input,org.apache.maven.lifecycle.internal.builder.multithreaded,MultiThreadedBuilder,multiThreadedProjectTaskSegmentBuild,Long Statement,"The length of the statement ""Set<String> duplicateArtifactIds=projectBuildList.keySet().stream().map(MavenProject::getArtifactId).collect(Collectors.groupingBy(Function.identity()`Collectors.counting())).entrySet().stream().filter(p -> p.getValue() > 1).map(Map.Entry::getKey).collect(Collectors.toSet());"" is 276.",120
input,org.apache.maven.model.validation,DefaultModelValidatorTest,testBadRepositoryId,Magic Number,The method contains a magic number: 3,552
input,org.apache.maven.plugin.internal,DefaultMavenPluginManager,setupExtensionsRealm,Complex Method,Cyclomatic complexity of the method is 8,766
input,org.apache.maven.model.building,DefaultModelBuilder,readParentLocally,Long Statement,"The length of the statement ""problems.add(new ModelProblemCollectorRequest(Severity.FATAL`Version.V31).setMessage(""Version must be a constant"").setLocation(childModel.getLocation(""version"")));"" is 163.",1381
input,org.apache.maven.settings,SettingsUtilsV4,convertFromSettingsProfile,Long Statement,"The length of the statement ""profile.pluginRepositories(pluginRepos.stream().map(SettingsUtilsV4::convertFromSettingsRepository).collect(Collectors.toList()));"" is 130.",156
input,org.apache.maven.internal.xml,XmlNodeImplTest,testCombineChildrenAppend,Long Statement,"The length of the statement ""String rhs=""<configuration>\n"" + "" <plugins>\n"" + "" <plugin>\n""+ "" <groupId>foo.bar</groupId>\n""+ "" <artifactId>foo-bar-plugin</artifactId>\n""+ "" <configuration>\n""+ "" <plugins>\n""+ "" <plugin>\n""+ "" <groupId>org.apache.maven.plugins</groupId>\n""+ "" <artifactId>maven-compiler-plugin</artifactId>\n""+ "" <bar>\n""+ "" <value>foo</value>\n""+ "" </bar>\n""+ "" </plugin>\n""+ "" <plugin>\n""+ "" <groupId>org.apache.maven.plugins</groupId>\n""+ "" <artifactId>maven-surefire-plugin</artifactId>\n""+ "" <foo>\n""+ "" <properties>\n""+ "" <property>\n""+ "" <name>prop1</name>\n""+ "" <value>value1</value>\n""+ "" </property>\n""+ "" </properties>\n""+ "" </foo>\n""+ "" </plugin>\n""+ "" </plugins>\n""+ "" </configuration>\n""+ "" </plugin>\n""+ "" </plugins>\n""+ ""</configuration>"";"" is 744.",46
input,org.apache.maven.plugin.internal,DefaultPluginValidationManager,reportPluginMojoValidationIssue,Long Parameter List,The method has 5 parameters. ,160
input,org.apache.maven.model.building,DefaultModelBuilder,setModelInterpolator,Long Statement,"The length of the statement ""return new DefaultModelBuilder(modelProcessor`modelValidator`modelNormalizer`modelInterpolator`modelPathTranslator`modelUrlNormalizer`superPomProvider`inheritanceAssembler`profileSelector`profileInjector`pluginManagementInjector`dependencyManagementInjector`dependencyManagementImporter`lifecycleBindingsInjector`pluginConfigurationExpander`reportConfigurationExpander`profileActivationFilePathInterpolator`versionProcessor`transformer);"" is 437.",252
input,org.apache.maven.internal.impl,DefaultTransportProvider,transport,Long Statement,"The length of the statement ""return new DefaultTransport(baseURI`transporterProvider.newTransporter(((DefaultSession)session).getSession()`((DefaultRemoteRepository)repository).getRepository()));"" is 166.",48
input,org.apache.maven.toolchain.building,DefaultToolchainsBuilderTest,testNonExistingEnvironmentVariablesAreNotInterpolated,Long Statement,"The length of the statement ""assertEquals(""${env.testNonExistingKey}""`result.getEffectiveToolchains().getToolchains().get(0).getProvides().get(""key""));"" is 122.",273
input,org.apache.maven.project,DefaultMavenProjectBuilderTest,testFutureSchemaModelVersion,Long Statement,"The length of the statement ""ProjectBuildingException e=assertThrows(ProjectBuildingException.class`() -> getProject(f1)`""Expected to fail for future versions"");"" is 132.",120
input,org.apache.maven.cli,CLIManager,CLIManager,Long Statement,"The length of the statement ""options.addOption(Option.builder(ALTERNATE_PROJECT_SETTINGS).longOpt(""project-settings"").desc(""Alternate path for the project settings file"").hasArg().build());"" is 160.",127
input,org.apache.maven.artifact.repository.metadata,AbstractRepositoryMetadata,updateRepositoryMetadata,Empty catch clause,The method has an empty catch block.,67
input,org.apache.maven.cli.transfer,FileSizeFormatTest,testProgressedSizeWithSize,Magic Number,The method contains a magic number: 5L,248
input,org.apache.maven.internal.aether,ReverseTreeRepositoryListenerTest,isMissingArtifactTest,Long Statement,"The length of the statement ""assertThat(ReverseTreeRepositoryListener.isLocalRepositoryArtifactOrMissing(session`localRepositoryArtifact)`equalTo(true));"" is 124.",62
input,org.apache.maven.internal.impl,DefaultArtifactDeployer,deploy,Long Statement,"The length of the statement ""DefaultSession session=cast(DefaultSession.class`request.getSession()`""request.session should be a "" + DefaultSession.class);"" is 125.",54
input,org.apache.maven.cli.logging.impl,Slf4jSimpleConfiguration,setRootLoggerLevel,Missing default,The following switch statement is missing a default case: !org.eclipse.jdt.core.dom.SwitchStatement@6281dbe8,31
input,org.apache.maven.project.inheritance.t09,ProjectInheritanceTest,testDependencyManagementExclusionsExcludeTransitively,Magic Number,The method contains a magic number: 2,50
input,org.apache.maven.plugin.internal,DefaultMavenPluginManager,createPluginRealm,Long Statement,"The length of the statement ""Artifact pluginArtifact=Objects.requireNonNull(pluginDescriptor.getPluginArtifact()`""pluginDescriptor.pluginArtifact cannot be null"");"" is 134.",375
input,org.apache.maven.lifecycle.internal.builder.multithreaded,ThreadOutputMuxerTest,testMultiThreaded,Long Statement,"The length of the statement ""final List<String> stringList=Arrays.asList(""Thinkin""`""of""`""a""`""master""`""plan""`""Cuz""`""aint""`""nuthin""`""but""`""sweat""`""inside""`""my""`""hand"");"" is 140.",87
input,org.apache.maven.internal.aether,ReverseTreeRepositoryListener,artifactResolved,Complex Method,Cyclomatic complexity of the method is 24,56
input,org.apache.maven.project,PomConstructionTest,testMultiplePluginExecutionsWithAndWithoutIdsWithoutPluginManagement,Magic Number,The method contains a magic number: 2,999
input,org.apache.maven.extension.internal,CoreExtensionEntry,discoverFrom,Empty catch clause,The method has an empty catch block.,105
input,org.apache.maven.plugin.internal,Maven3CompatDependenciesValidator,doValidate,Complex Conditional,"The conditional expression ""org.apache.maven"".equals(dependency.getArtifact().getGroupId()) && ""maven-compat"".equals(dependency.getArtifact().getArtifactId()) && !JavaScopes.TEST.equals(dependency.getScope()) is complex.",45
input,org.apache.maven.cli,MavenCliTest,testMVNConfigurationFunkyArguments,Long Statement,"The length of the statement ""CliRequest request=new CliRequest(new String[]{""-Drevision=8.1.0""`""--file=-Dpom.xml""`""\""-Dfoo=bar ""`""\""-Dfoo2=bar two\""""`""-Drevision=8.2.0""}`null);"" is 147.",291
input,org.apache.maven.repository,TestRepositorySystem,resolve,Complex Method,Cyclomatic complexity of the method is 9,196
input,org.apache.maven.cli.transfer,FileSizeFormatTest,testSizeWithSelectedScaleUnit,Magic Number,The method contains a magic number: 1000L,105
input,org.apache.maven.project.collector,MultiModuleCollectionStrategy,isModuleOutsideRequestScopeDependingOnPluginModule,Long Statement,"The length of the statement ""Predicate<Exception> pluginArtifactNotFoundException=exc -> exc instanceof PluginManagerException && exc.getCause() instanceof PluginResolutionException && exc.getCause().getCause() instanceof ArtifactResolutionException&& exc.getCause().getCause().getCause() instanceof ArtifactNotFoundException;"" is 297.",131
input,org.apache.maven.project.artifact,MavenMetadataSource,isNonTransferablePom,Long Statement,"The length of the statement ""return e.getCause() instanceof org.eclipse.aether.resolution.ArtifactResolutionException && !(e.getCause().getCause() instanceof ArtifactNotFoundException);"" is 156.",687
input,org.apache.maven.plugin,PluginParameterExpressionEvaluatorV4Test,testPluginArtifactIdExpressionReference,Long Statement,"The length of the statement ""assertSame(exec.getMojoDescriptor().getPluginDescriptor().getArtifactId()`result`""${plugin.artifactId} expression does not return plugin descriptor's artifactId."");"" is 164.",149
input,org.apache.maven.model.building,DefaultModelProcessor,locateExistingPom,Long Statement,"The length of the statement ""Path pom=modelParsers.stream().map(m -> m.locate(projectDirectory).map(s -> s.getPath()).orElse(null)).filter(Objects::nonNull).findFirst().orElseGet(() -> {"" is 157.",115
input,org.apache.maven.project,ProjectSorter,ProjectSorter,Long Statement,"The length of the statement ""addEdge(projectMap`vertexMap`null`projectVertex`parent.getGroupId()`parent.getArtifactId()`parent.getVersion()`true`false);"" is 123.",46
input,org.apache.maven.project,ProjectModelResolver,resolveModel,Long Statement,"The length of the statement ""throw new UnresolvableModelException(String.format(""No versions matched the requested parent version range '%s'""`parent.getVersion())`parent.getGroupId()`parent.getArtifactId()`parent.getVersion());"" is 198.",174
input,org.apache.maven.repository.legacy,DefaultWagonManager,putRemoteFile,Magic Number,The method contains a magic number: 2,494
input,org.apache.maven.artifact.repository.metadata,MetadataTest,mergeWithSameSnapshotWithDifferentVersionsAndNewerLastUpdated,Magic Number,The method contains a magic number: 2,115
input,org.apache.maven.cli.transfer,FileSizeFormatTest,testSize,Magic Number,The method contains a magic number: 5500L,40
input,org.apache.maven.repository.metadata,MetadataTreeNode,graphHash,Long Statement,"The length of the statement ""throw new MetadataResolutionException(""treenode without metadata` parent: "" + (parent == null ? ""null"" : parent.toString()));"" is 125.",85
input,org.apache.maven.plugin.prefix.internal,DefaultPluginPrefixResolver,resolveFromProject,Long Statement,"The length of the statement ""PluginDescriptor pluginDescriptor=pluginManager.loadPlugin(plugin`request.getRepositories()`request.getRepositorySession());"" is 124.",130
input,org.apache.maven.plugin,CacheUtils,pluginHashCode,Magic Number,The method contains a magic number: 31,49
input,org.apache.maven.execution,DefaultMavenExecutionRequestPopulator,populateFromSettings,Empty catch clause,The method has an empty catch block.,146
input,org.apache.maven.model.building,DefaultModelBuilder,readEffectiveModel,Long Statement,"The length of the statement ""problems.add(new ModelProblemCollectorRequest(ModelProblem.Severity.FATAL`ModelProblem.Version.BASE).setMessage(message.toString()));"" is 133.",738
input,org.apache.maven.model.validation,DefaultModelValidatorTest,testBadRepositoryId,Magic Number,The method contains a magic number: 4,552
input,org.apache.maven.lifecycle.internal,ConcurrencyDependencyGraphTest,testConcurrencyGraphPrimaryVersion,Magic Number,The method contains a magic number: 2,51
input,org.apache.maven.cli.transfer,FileSizeFormatTest,testSize,Magic Number,The method contains a magic number: 1000L,40
input,org.apache.maven.lifecycle.internal,DefaultLifecycleExecutionPlanCalculator,injectLifecycleOverlay,Complex Method,Cyclomatic complexity of the method is 12,444
input,org.apache.maven.project,DefaultMavenProjectBuilderTest,testBuildParentVersionRangeLocallyWithChildProjectVersionExpression,Long Statement,"The length of the statement ""ProjectBuildingException e=assertThrows(ProjectBuildingException.class`() -> getProject(f1)`""Expected 'ProjectBuildingException' not thrown."");"" is 143.",211
input,org.apache.maven.repository,MetadataResolutionResult,toString,Magic Number,The method contains a magic number: 256,288
input,org.apache.maven.model.superpom,DefaultSuperPomProvider,getSuperModel,Long Statement,"The length of the statement ""String modelId=""org.apache.maven:maven-model-builder:"" + this.getClass().getPackage().getImplementationVersion() + "":super-pom"";"" is 128.",54
input,org.apache.maven.artifact.resolver,DefaultArtifactResolver,resolveTransitively,Long Parameter List,The method has 7 parameters. ,250
input,org.apache.maven.repository,DelegatingLocalArtifactRepository,hashCode,Magic Number,The method contains a magic number: 31,147
input,org.apache.maven.cli,MavenCliTest,testCalculateDegreeOfConcurrency,Magic Number,The method contains a magic number: 2.2,155
input,org.apache.maven.project,PomConstructionTest,testPluginManagementInheritance,Long Statement,"The length of the statement ""assertEquals(""0.1-stub-SNAPSHOT""`pom.getValue(""build/pluginManagement/plugins[@artifactId='maven-compiler-plugin']/version""));"" is 126.",1554
input,org.apache.maven.graph,DefaultProjectDependencyGraphTest,testWithTransitiveOnly,Magic Number,The method contains a magic number: 2,102
input,org.apache.maven.repository.legacy,DefaultUpdateCheckManager,getRepositoryKey,Magic Number,The method contains a magic number: 256,173
input,org.apache.maven.cli.transfer,FileSizeFormatTest,testSize,Magic Number,The method contains a magic number: 15L,40
input,org.apache.maven.repository.internal,DefaultVersionResolver,merge,Long Statement,"The length of the statement ""if (dstInfo == null || (srcInfo != null && dstInfo.isOutdated(srcInfo.timestamp) && srcInfo.repository != dstInfo.repository)) {"" is 128.",342
input,org.apache.maven.lifecycle.internal,LifecycleStarter,buildExecutionRequiresProject,Long Identifier,The length of the field lifecycleTaskSegmentCalculator is 30.,138
input,org.apache.maven.lifecycle.internal,DefaultExecutionEventCatapult,fire,Complex Method,Cyclomatic complexity of the method is 19,43
input,org.apache.maven.project,MavenProject,getDistributionManagementArtifactRepository,Long Statement,"The length of the statement ""return getArtifact().isSnapshot() && (getSnapshotArtifactRepository() != null) ? getSnapshotArtifactRepository() : getReleaseArtifactRepository();"" is 146.",736
input,org.apache.maven.lifecycle.internal.builder,BuilderCommon,BuilderCommon,Long Identifier,The length of the field lifeCycleExecutionPlanCalculator is 32.,75
input,org.apache.maven.execution,ReactorManager,setFailureBehavior,Long Statement,"The length of the statement ""throw new IllegalArgumentException(""Invalid failure behavior (must be one of: '"" + FAIL_FAST + ""'` '""+ FAIL_AT_END+ ""'` '""+ FAIL_NEVER+ ""')."");"" is 143.",74
input,org.apache.maven.bridge,MavenRepositorySystem,createDependencyArtifactX,Long Parameter List,The method has 7 parameters. ,427
input,org.apache.maven.plugin.version.internal,DefaultPluginVersionResolver,mergeMetadata,Complex Conditional,The conditional expression metadata != null && metadata.getFile() != null && metadata.getFile().isFile() is complex.,272
input,org.apache.maven.artifact.versioning,VersionRange,restrict,Complex Conditional,The conditional expression version == null && restriction.getRecommendedVersion() != null && r.containsVersion(restriction.getRecommendedVersion()) is complex.,214
input,org.apache.maven.internal.impl,DefaultModelXmlFactory,read,Complex Conditional,The conditional expression path == null && url == null && reader == null && inputStream == null is complex.,48
input,org.apache.maven.repository.legacy,DefaultWagonManagerTest,testWagonTransferListenerRemovedAfterGetArtifactAndPutArtifact,Long Statement,"The length of the statement ""assertFalse(wagon.getTransferEventSupport().hasTransferListener(transferListener)`""Transfer listener is registered before test"");"" is 129.",212
input,org.apache.maven.project,DefaultMavenProjectBuilderTest,testBuildParentVersionRangeLocallyWithChildProjectVersionExpression,Long Statement,"The length of the statement ""File f1=getTestFile(""src/test/resources/projects/parent-version-range-local-child-project-version-expression/child/pom.xml"");"" is 125.",211
input,org.apache.maven.artifact.versioning,VersionRangeTest,testIntersections,Magic Number,The method contains a magic number: 2,183
input,org.apache.maven.model.building,DefaultModelProcessor,locateExistingPom,Complex Conditional,The conditional expression pom != null && !pom.equals(projectDirectory) && !pom.getParent().equals(projectDirectory) is complex.,115
input,org.apache.maven.graph,DefaultGraphBuilderTest,testGetReactorProjects,Long Identifier,The length of the parameter parameterActiveRequiredProjects is 31.,277
input,org.apache.maven.cli.configuration,SettingsXmlConfigurationProcessor,populateFromSettings,Empty catch clause,The method has an empty catch block.,186
input,org.apache.maven.plugin.internal,MavenMixedDependenciesValidator,doValidate,Long Statement,"The length of the statement ""pluginValidationManager.reportPluginValidationIssue(PluginValidationManager.IssueLocality.EXTERNAL`session`pluginArtifact`""Plugin mixes multiple Maven versions: "" + mavenVersions);"" is 180.",48
input,org.apache.maven.model.validation,DefaultModelValidatorTest,testMissingDependencyVersion,Long Statement,"The length of the statement ""assertTrue(result.getErrors().get(0).contains(""'dependencies.dependency.version' for groupId:artifactId:jar is missing""));"" is 122.",216
input,org.apache.maven.internal.impl,DefaultSession,toArtifactRepository,Long Statement,"The length of the statement ""return mavenRepositorySystem.createRepository(rr.getUrl()`rr.getId()`rr.getPolicy(false).isEnabled()`rr.getPolicy(false).getUpdatePolicy()`rr.getPolicy(true).isEnabled()`rr.getPolicy(true).getUpdatePolicy()`rr.getPolicy(false).getChecksumPolicy());"" is 248.",272
input,org.apache.maven.repository.legacy,LegacyRepositorySystem,retrieve,Long Statement,"The length of the statement ""wagonManager.getRemoteFile(repository`destination`remotePath`TransferListenerAdapter.newAdapter(transferListener)`ArtifactRepositoryPolicy.CHECKSUM_POLICY_WARN`true);"" is 166.",650
input,org.apache.maven.cli.transfer,FileSizeFormatTest,testSize,Magic Number,The method contains a magic number: 10L,40
input,org.apache.maven.artifact.repository,MavenArtifactRepository,toString,Magic Number,The method contains a magic number: 256,130
input,org.apache.maven.repository,ArtifactTransferEvent,toString,Missing default,The following switch statement is missing a default case: !org.eclipse.jdt.core.dom.SwitchStatement@9cce61b,219
input,org.apache.maven.artifact.repository.metadata,MetadataTest,mergeWithSameSnapshotWithDifferentVersionsAndNewerLastUpdated,Magic Number,The method contains a magic number: 2,115
input,org.apache.maven.settings,SettingsUtilsTest,testRoundTripProfiles,Magic Number,The method contains a magic number: 3,63
input,org.apache.maven.artifact.repository.metadata,MetadataTest,mergeLegacyWithSnapshotLegacy,Magic Number,The method contains a magic number: 2,167
input,org.apache.maven.execution,DefaultMavenExecutionRequest,setUseLegacyLocalRepository,Long Identifier,The length of the field useLegacyLocalRepositoryManager is 31.,1042
input,org.apache.maven.repository.internal,DefaultArtifactDescriptorReader,loadPom,Long Statement,"The length of the statement ""modelRequest.setModelResolver(new DefaultModelResolver(session`trace.newChild(modelRequest)`request.getRequestContext()`artifactResolver`versionRangeResolver`remoteRepositoryManager`request.getRepositories()));"" is 210.",126
input,org.apache.maven.bridge,MavenRepositorySystem,createLocalRepository,Long Statement,"The length of the statement ""return createRepository(""file://"" + localRepository.toURI().getRawPath()`MavenRepositorySystem.DEFAULT_LOCAL_REPO_ID`true`ArtifactRepositoryPolicy.UPDATE_POLICY_ALWAYS`true`ArtifactRepositoryPolicy.UPDATE_POLICY_ALWAYS`ArtifactRepositoryPolicy.CHECKSUM_POLICY_IGNORE);"" is 268.",654
input,org.apache.maven.model.validation,DefaultModelValidatorTest,testInvalidProfileId,Magic Number,The method contains a magic number: 4,380
input,org.apache.maven.project,ProjectSorter,ProjectSorter,Long Statement,"The length of the statement ""throw new DuplicateProjectException(projectId`conflictingProject.getFile()`project.getFile()`""Project '"" + projectId + ""' is duplicated in the reactor"");"" is 153.",46
input,org.apache.maven.cli.transfer,FileSizeFormatTest,testSize,Magic Number,The method contains a magic number: 5L,40
input,org.apache.maven.plugin,MethodMap,isMethodInvocationConvertible,Complex Conditional,The conditional expression formal == Long.TYPE && (actual == Long.class || actual == Integer.class || actual == Short.class || actual == Byte.class) is complex.,262
input,org.apache.maven.cli,CLIManager,displayHelp,Long Statement,"The length of the statement ""formatter.printHelp(pw`width`""mvn [args]""`System.lineSeparator() + ""Options:""`options`HelpFormatter.DEFAULT_LEFT_PAD`HelpFormatter.DEFAULT_DESC_PAD`System.lineSeparator()`false);"" is 178.",334
input,org.apache.maven.cli.transfer,FileSizeFormatTest,testSizeWithSelectedScaleUnit,Magic Number,The method contains a magic number: 1000L,105
input,org.apache.maven.artifact.repository,MavenArtifactRepository,hashCode,Magic Number,The method contains a magic number: 31,295
input,org.apache.maven.internal.xml,XmlNodeImplTest,testCombineKeys,Magic Number,The method contains a magic number: 2,199
input,org.apache.maven.repository.legacy.resolver,DefaultLegacyArtifactCollector,manageArtifact,Complex Conditional,The conditional expression (artifact.getScope() != null) && (!node.isChildOfRootNode() || node.getArtifact().getScope() == null) is complex.,565
input,org.apache.maven.internal.aether,ReverseTreeRepositoryListener,isInScope,Long Statement,"The length of the statement ""return Objects.equals(artifact.getGroupId()`nodeArtifact.getGroupId()) && Objects.equals(artifact.getArtifactId()`nodeArtifact.getArtifactId()) && Objects.equals(artifact.getVersion()`nodeArtifact.getVersion());"" is 211.",221
input,org.apache.maven.model.building,DefaultModelBuilder,setReportConfigurationExpander,Long Identifier,The length of the field profileActivationFilePathInterpolator is 37.,590
input,org.apache.maven,DefaultMaven,getAllProfiles,Long Statement,"The length of the statement ""final Stream<String> projectProfiles=projectsIncludingParents.stream().flatMap(p -> p.getModel().getDelegate().getProfiles().stream()).map(Profile::getId);"" is 155.",494
input,org.apache.maven.lifecycle.internal.builder.multithreaded,ThreadOutputMuxerTest,testSingleThreaded,Magic Number,The method contains a magic number: 2,61
input,org.apache.maven.repository,DefaultMirrorSelector,matchesLayout,Complex Conditional,The conditional expression (mirrorLayout == null || mirrorLayout.isEmpty()) || WILDCARD.equals(mirrorLayout) is complex.,166
input,org.apache.maven.settings,SettingsUtilsV4,convertFromSettingsProfile,Long Statement,"The length of the statement ""activation.property(org.apache.maven.api.model.ActivationProperty.newBuilder().name(settingsProp.getName()).value(settingsProp.getValue()).location(""name""`toLocation(settingsProp.getLocation(""name""))).location(""value""`toLocation(settingsProp.getLocation(""value""))).build());"" is 274.",156
input,org.apache.maven.cli,MavenCli,getResumeFromSelector,Long Statement,"The length of the statement ""boolean hasOverlappingArtifactId=mavenProjects.stream().filter(project -> firstFailedProject.getArtifactId().equals(project.getArtifactId())).count() > 1;"" is 154.",1020
input,org.apache.maven.project,TestProjectBuilder,TestProjectBuilder,Long Statement,"The length of the statement ""super(modelBuilder`modelProcessor`projectBuildingHelper`repositorySystem`repoSystem`repositoryManager`dependencyResolver`modelCacheFactory`rootLocator);"" is 152.",40
input,org.apache.maven.cli,CLIManager,CLIManager,Long Statement,"The length of the statement ""options.addOption(Option.builder().longOpt(COLOR).hasArg().optionalArg(true).desc(""Defines the color mode of the output. Supported are 'auto'` 'always'` 'never'."").build());"" is 173.",127
input,org.apache.maven.artifact,DefaultArtifact,getDependencyConflictId,Magic Number,The method contains a magic number: 128,222
input,org.apache.maven.cli.event,ExecutionEventLoggerTest,testTerminalWidth,Long Statement,"The length of the statement ""Mockito.verify(logger).info(""-----------------------------------------------------[ maven-plugin ]-----------------------------------------------------"");"" is 154.",132
input,org.apache.maven.repository.internal,RepositorySystemTest,testReadArtifactDescriptor,Magic Number,The method contains a magic number: 2,56
input,org.apache.maven.cli.transfer,FileSizeFormatTest,testSizeWithSelectedScaleUnit,Magic Number,The method contains a magic number: 1000L,105
input,org.apache.maven.project,DefaultProjectDependenciesResolver,resolve,Long Statement,"The length of the statement ""String key=ArtifactIdUtils.toVersionlessId(dependency.getGroupId()`dependency.getArtifactId()`dependency.getType()`classifier);"" is 127.",71
input,org.apache.maven.model.validation,DefaultModelValidator,validate20RawPlugins,Complex Method,Cyclomatic complexity of the method is 8,338
input,org.apache.maven.project,ProjectBuilderTest,testVersionlessManagedDependency,Long Statement,"The length of the statement ""ProjectBuildingException e=assertThrows(ProjectBuildingException.class`() -> getContainer().lookup(org.apache.maven.project.ProjectBuilder.class).build(pomFile`configuration));"" is 176.",94
input,org.apache.maven.model.building,ModelBuildingExceptionTest,testMessage,Long Statement,"The length of the statement ""DefaultModelProblem pb1=new DefaultModelProblem(""message1""`ModelProblem.Severity.ERROR`null`""source""`0`0`""modelId""`null);"" is 121.",29
input,org.apache.maven.lifecycle.internal.builder.multithreaded,ConcurrencyDependencyGraphTest,testGraph,Magic Number,The method contains a magic number: 2,34
input,org.apache.maven.internal.impl,DefaultProjectBuilder,build,Long Statement,"The length of the statement ""ProjectBuildingRequest req=new DefaultProjectBuildingRequest().setRepositorySession(session.getSession()).setRemoteRepositories(repositories).setPluginArtifactRepositories(repositories).setProcessPlugins(request.isProcessPlugins());"" is 232.",67
input,org.apache.maven.repository.metadata,MetadataGraph,MetadataGraph,Magic Number,The method contains a magic number: 2,96
input,org.apache.maven.project,PomConstructionTest,buildPom,Long Statement,"The length of the statement ""config.setLocalRepository(repositorySystem.createArtifactRepository(""local""`localRepoUrl`new DefaultRepositoryLayout()`null`null));"" is 131.",1863
input,org.apache.maven.project,DefaultProjectBuilder,build,Complex Method,Cyclomatic complexity of the method is 10,425
input,org.apache.maven.plugin,ReflectionValueExtractor,getMappedValue,Long Parameter List,The method has 5 parameters. ,213
input,org.apache.maven.model.validation,DefaultModelValidator,validate20ProperSnapshotVersion,Long Statement,"The length of the statement ""addViolation(problems`severity`version`fieldName`sourceHint`""uses an unsupported snapshot version format` should be '*-SNAPSHOT' instead.""`tracker);"" is 148.",1632
input,org.apache.maven.plugin,MethodMap,isStrictMethodInvocationConvertible,Long Statement,"The length of the statement ""if (formal == Double.TYPE && (actual == Float.TYPE || actual == Long.TYPE || actual == Integer.TYPE || actual == Short.TYPE || actual == Byte.TYPE)) {"" is 150.",338
input,org.apache.maven.model.validation,DefaultModelValidator,validateNotNull,Long Parameter List,The method has 8 parameters. ,1376
input,org.apache.maven.model.validation,DefaultModelValidator,validate30RawProfileActivation,Long Statement,"The length of the statement ""addViolation(problems`Severity.WARNING`Version.V30`prefix + fieldName + (missing ? "".file.missing"" : "".file.exists"")`null`""Failed to interpolate file location "" + path + "" for profile ""+ sourceHint+ "": ${project.basedir} expression not supported during profile activation` ""+ ""use ${basedir} instead""`file.getLocation(missing ? ""missing"" : ""exists""));"" is 351.",286
input,org.apache.maven.model.building,DefaultModelProblem,DefaultModelProblem,Long Statement,"The length of the statement ""this(message`severity`version`ModelProblemUtils.toPath(source)`lineNumber`columnNumber`ModelProblemUtils.toId(source)`exception);"" is 129.",47
input,org.apache.maven.lifecycle.internal,ProjectIndex,ProjectIndex,Magic Number,The method contains a magic number: 2,43
input,org.apache.maven.artifact.repository.metadata,MetadataTest,mergeWithSameSnapshotWithDifferentVersionsAndNewerLastUpdated,Magic Number,The method contains a magic number: 2,115
input,org.apache.maven.repository.legacy,LegacyRepositorySystem,createDependencyArtifact,Long Statement,"The length of the statement ""this.logger.error(String.format(""Invalid version specification '%s' creating dependency artifact '%s'.""`d.getVersion()`d)`e);"" is 125.",133
input,org.apache.maven.cli.configuration,SettingsXmlConfigurationProcessor,populateFromSettings,Complex Method,Cyclomatic complexity of the method is 12,186
input,org.apache.maven.model.building,DefaultModelBuilder,doReadFileModel,Magic Number,The method contains a magic number: 3,1020
input,org.apache.maven.project,DefaultMavenProjectHelper,attachArtifact,Long Statement,"The length of the statement ""Artifact artifact=new AttachedArtifact(projectArtifact`projectArtifact.getType()`artifactClassifier`projectArtifact.getArtifactHandler());"" is 138.",80
input,org.apache.maven.cli.transfer,AbstractMavenTransferListener,transferCorrupted,Long Statement,"The length of the statement ""out.println(""[WARNING] "" + event.getException().getMessage() + "" from ""+ resource.getRepositoryId()+ "" for ""+ resource.getRepositoryUrl()+ resource.getResourceName());"" is 167.",212
input,org.apache.maven.cli,MavenCliTest,customizeContainer,Long Statement,"The length of the statement ""((DefaultPlexusContainer)container).addPlexusInjector(Collections.emptyList()`binder -> binder.bind(EventSpyDispatcher.class).toInstance(eventSpyDispatcherMock));"" is 162.",405
input,org.apache.maven.internal.impl,DefaultNode,asString,Long Statement,"The length of the statement ""org.eclipse.aether.graph.DependencyNode winner=(org.eclipse.aether.graph.DependencyNode)node.getData().get(ConflictResolver.NODE_DATA_WINNER);"" is 142.",73
input,org.apache.maven,ReactorReader,isPackagedArtifactUpToDate,Long Statement,"The length of the statement ""LOGGER.warn(""File '{}' is more recent than the packaged artifact for '{}'` "" + ""please run a full `mvn package` build""`relativizeOutputFile(outputFile)`project.getArtifactId());"" is 177.",204
input,org.apache.maven.model.validation,DefaultModelValidator,validate20RawDependencies,Long Statement,"The length of the statement ""addViolation(problems`Severity.WARNING`Version.V31`prefix + prefix2 + ""scope""`key`""declares usage of deprecated 'system' scope ""`dependency);"" is 141.",588
input,org.apache.maven.project,MavenProject,getRuntimeClasspathElements,Long Statement,"The length of the statement ""if (a.getArtifactHandler().isAddedToClasspath() && (Artifact.SCOPE_COMPILE.equals(a.getScope()) || Artifact.SCOPE_RUNTIME.equals(a.getScope()))) {"" is 146.",369
input,org.apache.maven.settings.validation,DefaultSettingsValidatorTest,testValidateUniqueProxyId,Long Statement,"The length of the statement ""assertContains(problems.messages.get(0)`""'proxies.proxy.id' must be unique"" + "" but found duplicate proxy with id "" + id);"" is 122.",192
input,org.apache.maven.artifact.repository,MavenArtifactRepository,basedir,Complex Method,Cyclomatic complexity of the method is 9,221
input,org.apache.maven.project,PomConstructionTest,testProfileModules,Magic Number,The method contains a magic number: 4,94
input,org.apache.maven.artifact.repository,MavenArtifactRepository,basedir,Magic Number,The method contains a magic number: 2,221
input,org.apache.maven.model.path,DefaultUrlNormalizerTest,testPreservationOfDoubleSlashes,Long Statement,"The length of the statement ""assertEquals(""[fetch=]http://server.org/[push=]ssh://server.org/""`normalize(""[fetch=]http://server.org/[push=]ssh://server.org/""));"" is 131.",57
input,org.apache.maven.project.artifact,MavenMetadataSource,retrieve,Complex Conditional,The conditional expression cached != null && (!request.isForceUpdate() || hasFile(cached.getPomArtifact())) is complex.,152
input,org.apache.maven.project,PomConstructionTest,testMultipleFilters,Magic Number,The method contains a magic number: 4,367
input,org.apache.maven.exception,DefaultExceptionHandlerTest,testJdk7ipv6,Long Statement,"The length of the statement ""MojoExecutionException mojoEx=new MojoExecutionException(""Error executing Jetty: Unable to establish loopback connection""`ioEx);"" is 128.",39
input,org.apache.maven.plugin.internal,DefaultMavenPluginManager,discoverPluginComponents,Long Statement,"The length of the statement ""((DefaultPlexusContainer)container).discoverComponents(pluginRealm`new SessionScopeModule(container)`new MojoExecutionScopeModule(container)`new PluginConfigurationModule(plugin.getDelegate()));"" is 194.",417
input,org.apache.maven.configuration.internal,EnhancedConfigurationConverter,fromConfiguration,Long Parameter List,The method has 7 parameters. ,69
input,org.apache.maven.plugin.version.internal,DefaultPluginVersionResolver,selectVersion,Long Statement,"The length of the statement ""throw new PluginVersionResolutionException(request.getGroupId()`request.getArtifactId()`request.getRepositorySession().getLocalRepository()`request.getRepositories()`""Plugin not found in any plugin repository"");"" is 211.",174
input,org.apache.maven.model.validation,DefaultModelValidatorTest,testMissingDependencyExclusionId,Long Statement,"The length of the statement ""assertContains(result.getWarnings().get(0)`""'dependencies.dependency.exclusions.exclusion.groupId' for gid:aid:jar is missing"");"" is 128.",591
input,org.apache.maven.artifact.resolver.filter,ExclusionSetFilter,hashCode,Magic Number,The method contains a magic number: 31,52
input,org.apache.maven.model.io.xpp3,MavenXpp3Reader,read,Long Statement,"The length of the statement ""org.apache.maven.model.v4.MavenXpp3Reader reader=contentTransformer != null ? new org.apache.maven.model.v4.MavenXpp3Reader(contentTransformer::transform) : new org.apache.maven.model.v4.MavenXpp3Reader();"" is 205.",122
input,org.apache.maven.repository,ArtifactTransferEvent,setEventType,Missing default,The following switch statement is missing a default case: !org.eclipse.jdt.core.dom.SwitchStatement@54cf5981,151
input,org.apache.maven.model.building,DefaultModelBuilder,setDependencyManagementImporter,Long Identifier,The length of the field profileActivationFilePathInterpolator is 37.,505
input,org.apache.maven.lifecycle.internal,LifecycleExecutionPlanCalculatorTest,testCalculateExecutionPlanWithGoalTasks,Long Statement,"The length of the statement ""MavenExecutionPlan executionPlan=lifecycleExecutionPlanCalculator.calculateExecutionPlan(session1`ProjectDependencyGraphStub.A`taskSegment1.getTasks());"" is 152.",38
input,org.apache.maven.cli,CLIManager,CLIManager,Long Statement,"The length of the statement ""options.addOption(Option.builder(Character.toString(CHECKSUM_FAILURE_POLICY)).longOpt(""strict-checksums"").desc(""Fail the build if checksums don't match"").build());"" is 163.",127
input,org.apache.maven.plugin,CacheUtils,dependenciesEquals,Long Statement,"The length of the statement ""boolean r=Objects.equals(aD.getGroupId()`bD.getGroupId()) && Objects.equals(aD.getArtifactId()`bD.getArtifactId()) && Objects.equals(aD.getVersion()`bD.getVersion())&& Objects.equals(aD.getType()`bD.getType())&& Objects.equals(aD.getClassifier()`bD.getClassifier())&& Objects.equals(aD.getScope()`bD.getScope());"" is 312.",83
input,org.apache.maven.repository.metadata,DefaultGraphConflictResolverTest,setUp,Magic Number,The method contains a magic number: 2,48
input,org.apache.maven.graph,ProjectSelectorTest,getRequiredProjectsBySelectorsReturnsProjectWithChildProjects,Long Statement,"The length of the statement ""final Set<MavenProject> requiredProjectsBySelectors=sut.getRequiredProjectsBySelectors(mavenExecutionRequest`listOfProjects`selectors);"" is 135.",160
input,org.apache.maven.model.validation,DefaultModelValidator,validateEffectiveModel,Long Statement,"The length of the statement ""addViolation(problems`Severity.ERROR`Version.BASE`""packaging""`null`""with value '"" + m.getPackaging() + ""' is invalid. Aggregator projects ""+ ""require 'pom' as packaging.""`m);"" is 174.",421
input,org.apache.maven.internal.aether,DefaultRepositorySystemSessionFactory,newRepositorySession,Long Identifier,The length of the field WAGON_TRANSPORTER_PRIORITY_KEY is 30.,159
input,org.apache.maven.project,ProjectBuilderTest,testReadInvalidPom,Long Statement,"The length of the statement ""org.apache.maven.project.ProjectBuilder projectBuilder=getContainer().lookup(org.apache.maven.project.ProjectBuilder.class);"" is 124.",225
input,org.apache.maven.repository.internal,MavenRepositorySystemUtils,newSession,Long Statement,"The length of the statement ""DependencyGraphTransformer transformer=new ConflictResolver(new NearestVersionSelector()`new JavaScopeSelector()`new SimpleOptionalitySelector()`new JavaScopeDeriver());"" is 169.",55
input,org.apache.maven.repository.internal,DefaultModelResolverTest,testResolveDependencyThrowsUnresolvableModelExceptionWhenUsingRangesWithoutUpperBound,Long Statement,"The length of the statement ""UnresolvableModelException e=assertThrows(UnresolvableModelException.class`() -> newModelResolver().resolveModel(dependency`new AtomicReference<>())`""Expected 'UnresolvableModelException' not thrown."");"" is 202.",158
input,org.apache.maven.cli,MavenCli,doMain,Magic Number,The method contains a magic number: 2,271
input,org.apache.maven.lifecycle.internal,LifecycleDependencyResolver,resolveProjectDependencies,Complex Method,Cyclomatic complexity of the method is 9,105
input,org.apache.maven.lifecycle.internal,ProjectBuildList,getReactorProjectKeys,Magic Number,The method contains a magic number: 2,98
input,org.apache.maven.model.building,FileToRawModelMerger,mergePluginContainer_Plugins,Long Parameter List,The method has 5 parameters. ,207
input,org.apache.maven.execution,MavenSession,adaptSettings,Long Statement,"The length of the statement ""return new Settings(org.apache.maven.api.settings.Settings.newBuilder().localRepository(localRepo != null ? localRepo.getAbsolutePath() : null).interactiveMode(request.isInteractiveMode()).offline(request.isOffline()).proxies(request.getProxies().stream().map(Proxy::getDelegate).collect(Collectors.toList())).servers(request.getServers().stream().map(Server::getDelegate).collect(Collectors.toList())).mirrors(request.getMirrors().stream().map(Mirror::getDelegate).collect(Collectors.toList())).profiles(request.getProfiles().stream().map(Profile::getDelegate).map(SettingsUtilsV4::convertToSettingsProfile).collect(Collectors.toList())).activeProfiles(request.getActiveProfiles()).pluginGroups(request.getPluginGroups()).build());"" is 732.",381
input,org.apache.maven.repository.metadata,DefaultGraphConflictResolverTest,testTestResolution,Magic Number,The method contains a magic number: 2,160
input,org.apache.maven.project.artifact,MavenMetadataSource,retrieveRelocatedProject,Long Statement,"The length of the statement ""logger.warn(""While downloading {}:{}:{}{}""`pomArtifact.getGroupId()`pomArtifact.getArtifactId()`pomArtifact.getVersion()`message);"" is 130.",510
input,org.apache.maven,ReactorReader,installIntoProjectLocalRepository,Long Statement,"The length of the statement ""if (""pom"".equals(project.getPackaging()) && !""clean"".equals(getLifecycles(project).peekLast()) || hasBeenPackagedDuringThisSession(project)) {"" is 142.",344
input,org.apache.maven.model.building,ModelProblemUtils,toId,Magic Number,The method contains a magic number: 128,94
input,org.apache.maven.cli,CLIReportingUtilsTest,testFormatDuration,Magic Number,The method contains a magic number: 60,27
input,org.apache.maven.project,MavenProject,createArtifacts,Long Statement,"The length of the statement ""return DefaultProjectArtifactFactory.createArtifacts(artifactFactory`getModel().getDependencies()`inheritedScope`filter`this);"" is 126.",1313
input,org.apache.maven.artifact.versioning,DefaultArtifactVersionTest,checkVersionParsing,Long Parameter List,The method has 6 parameters. ,36
input,org.apache.maven.internal.impl,DefaultArtifactManager,id,Long Statement,"The length of the statement ""return artifact.getGroupId() + "":"" + artifact.getArtifactId()+ "":""+ artifact.getType()+ (artifact.getClassifier() == null || artifact.getClassifier().isEmpty() ? """" : "":"" + artifact.getClassifier())+ "":""+ artifact.getVersion();"" is 227.",90
input,org.apache.maven.lifecycle,LifecycleExecutorTest,testCalculationOfBuildPlanTasksOfTheCleanLifecycleAndTheInstallLifecycle,Magic Number,The method contains a magic number: 9,155
input,org.apache.maven.api.services,ArtifactCoordinateFactory,create,Long Parameter List,The method has 7 parameters. ,52
input,org.apache.maven.model.validation,DefaultModelValidator,validateEffectiveModelAgainstDependency,Long Statement,"The length of the statement ""String key=d.getGroupId() + "":"" + d.getArtifactId()+ "":""+ d.getVersion()+ (d.getClassifier() != null ? "":"" + d.getClassifier() : EMPTY);"" is 136.",790
input,org.apache.maven.project,ProjectModelResolver,resolveModel,Long Statement,"The length of the statement ""final Artifact artifact=new DefaultArtifact(dependency.getGroupId()`dependency.getArtifactId()`""""`""pom""`dependency.getVersion());"" is 129.",220
input,org.apache.maven.artifact.repository.metadata,MetadataTest,mergeWithSnapshotLegacy,Magic Number,The method contains a magic number: 2,202
input,org.apache.maven.model.profile.activation,FileProfileActivatorTest,testRootDirectoryWithNull,Long Statement,"The length of the statement ""IllegalStateException e=assertThrows(IllegalStateException.class`() -> assertActivation(false`newExistsProfile(""${rootDirectory}"")`context));"" is 141.",64
input,org.apache.maven.internal.impl,DefaultDependencyCoordinateFactory,create,Long Statement,"The length of the statement ""return new DefaultDependencyCoordinate(session`new org.eclipse.aether.graph.Dependency(new org.eclipse.aether.artifact.DefaultArtifact(request.getGroupId()`request.getArtifactId()`request.getClassifier()`request.getExtension()`request.getVersion()`type)`request.getScope()`request.isOptional()`request.getExclusions().stream().map(this::toExclusion).collect(Collectors.toList())));"" is 381.",40
input,org.apache.maven.graph,DefaultGraphBuilder,validateProjects,Long Statement,"The length of the statement ""LOGGER.warn(""'{}' uses '{}' as extension which is not possible within the same reactor build. "" + ""This plugin was pulled from the local repository!""`project.getName()`plugin.getKey());"" is 185.",364
input,org.apache.maven.repository.metadata,DefaultGraphConflictResolverTest,setUp,Magic Number,The method contains a magic number: 2,48
input,org.apache.maven.repository.internal,DefaultModelResolver,resolveModel,Complex Conditional,The conditional expression versionRangeResult.getVersionConstraint() != null && versionRangeResult.getVersionConstraint().getRange() != null && versionRangeResult.getVersionConstraint().getRange().getUpperBound() == null is complex.,165
input,org.apache.maven.model.validation,DefaultModelValidatorTest,testBadDependencyExclusionId,Magic Number,The method contains a magic number: 2,571
input,org.apache.maven.project,PomConstructionTest,testReportingPluginInterpolation,Long Statement,"The length of the statement ""checkReportPluginWithArtifactId(inactiveProfilePlugins`""only-inactive-profile""`""Inactive only ||${project.basedir}||""`""<plugin-in-inactive-only>Inactive only ||${project.basedir}||</plugin-in-inactive-only>"");"" is 209.",264
input,org.apache.maven,DefaultMaven,callListeners,Long Statement,"The length of the statement ""for ( AbstractMavenLifecycleParticipant listener : getExtensionComponents(session.getProjects()`AbstractMavenLifecycleParticipant.class)) {"" is 139.",372
input,org.apache.maven.artifact.versioning,DefaultArtifactVersionTest,testVersionParsing,Magic Number,The method contains a magic number: 2,50
input,org.apache.maven.model.building,DefaultModelBuilder,setModelUrlNormalizer,Long Identifier,The length of the field profileActivationFilePathInterpolator is 37.,308
input,org.apache.maven.model,InputLocation,getLocation,Missing default,The following switch statement is missing a default case: !org.eclipse.jdt.core.dom.SwitchStatement@5c27e772,133
input,org.apache.maven.model.validation,DefaultModelValidatorTest,testBadDependencyVersion,Long Statement,"The length of the statement ""assertContains(result.getErrors().get(1)`""'dependencies.dependency.version' for test:c:jar must not contain any of these characters"");"" is 134.",358
input,org.apache.maven.model.merge,MavenModelMerger,mergeModelBase_Modules,Long Parameter List,The method has 5 parameters. ,228
input,org.apache.maven.building,DefaultProblemTest,testGetLocation,Magic Number,The method contains a magic number: 42,99
input,org.apache.maven.model.interpolation,AbstractModelInterpolatorTest,testDefaultBuildTimestampFormatWithLocalTimeZoneMidnightRollover,Magic Number,The method contains a magic number: 16,119
input,org.apache.maven.model.inheritance,MergerTest,testMergerPreserveLocations,Magic Number,The method contains a magic number: 31,36
input,org.apache.maven.model.merge,MavenModelMerger,mergeModel_CiManagement,Long Parameter List,The method has 5 parameters. ,165
input,org.apache.maven.plugin.internal,ReadOnlyPluginParametersValidator,doValidate,Long Parameter List,The method has 5 parameters. ,50
input,org.apache.maven.plugin,ClassMap,getAccessibleMethods,Complex Method,Cyclomatic complexity of the method is 9,231
input,org.apache.maven.model.building,DefaultModelBuilder,readParentLocally,Long Parameter List,The method has 5 parameters. ,1381
input,org.apache.maven.bridge,MavenRepositorySystem,createArtifactX,Long Parameter List,The method has 7 parameters. ,458
input,org.apache.maven.cli.transfer,FileSizeFormatTest,testSize,Magic Number,The method contains a magic number: 1000L,40
input,org.apache.maven.artifact.resolver,TestMavenWorkspaceReader,findModel,Complex Conditional,The conditional expression GROUP_ID.equals(artifact.getGroupId()) && ARTIFACT_ID.equals(artifact.getArtifactId()) && VERSION.equals(artifact.getVersion()) is complex.,62
input,org.apache.maven.lifecycle.internal,LifecycleTaskSegmentCalculatorImplTest,testCalculateProjectBuilds,Long Identifier,The length of the identifier lifecycleTaskSegmentCalculator is 30.,34
input,org.apache.maven.model.building,DefaultModelBuilder,setPluginConfigurationExpander,Long Statement,"The length of the statement ""return new DefaultModelBuilder(modelProcessor`modelValidator`modelNormalizer`modelInterpolator`modelPathTranslator`modelUrlNormalizer`superPomProvider`inheritanceAssembler`profileSelector`profileInjector`pluginManagementInjector`dependencyManagementInjector`dependencyManagementImporter`lifecycleBindingsInjector`pluginConfigurationExpander`reportConfigurationExpander`profileActivationFilePathInterpolator`versionProcessor`transformer);"" is 437.",562
input,org.apache.maven.project.artifact,ProjectArtifactMetadata,storeInLocalRepository,Long Statement,"The length of the statement ""File destination=new File(localRepository.getBasedir()`localRepository.pathOfLocalRepositoryMetadata(this`remoteRepository));"" is 125.",64
input,org.apache.maven.cli,CLIManager,CLIManager,Long Statement,"The length of the statement ""options.addOption(Option.builder(PROJECT_LIST).longOpt(""projects"").desc(""Comma-delimited list of specified reactor projects to build instead of all projects. A project can be specified by [groupId]:artifactId or by its relative path. Prefixing a project with ! excludes it` and ? marks it as optional"").hasArg().build());"" is 321.",127
input,org.apache.maven.project,PomConstructionTest,testSingleConfigurationInheritance,Long Statement,"The length of the statement ""assertEquals(""2.0.6""`pom.getValue(""build/plugins[1]/executions[1]/configuration[1]/rules[1]/requireMavenVersion[1]/version""));"" is 126.",541
input,org.apache.maven.model.building,DefaultModelBuilderFactory,newInstance,Long Statement,"The length of the statement ""return new DefaultModelBuilder(modelProcessor != null ? modelProcessor : newModelProcessor()`modelValidator != null ? modelValidator : newModelValidator()`modelNormalizer != null ? modelNormalizer : newModelNormalizer()`modelInterpolator != null ? modelInterpolator : newModelInterpolator()`modelPathTranslator != null ? modelPathTranslator : newModelPathTranslator()`modelUrlNormalizer != null ? modelUrlNormalizer : newModelUrlNormalizer()`superPomProvider != null ? superPomProvider : newSuperPomProvider()`inheritanceAssembler != null ? inheritanceAssembler : newInheritanceAssembler()`profileSelector != null ? profileSelector : newProfileSelector()`profileInjector != null ? profileInjector : newProfileInjector()`pluginManagementInjector != null ? pluginManagementInjector : newPluginManagementInjector()`dependencyManagementInjector != null ? dependencyManagementInjector : newDependencyManagementInjector()`dependencyManagementImporter != null ? dependencyManagementImporter : newDependencyManagementImporter()`lifecycleBindingsInjector != null ? lifecycleBindingsInjector : newLifecycleBindingsInjector()`pluginConfigurationExpander != null ? pluginConfigurationExpander : newPluginConfigurationExpander()`reportConfigurationExpander != null ? reportConfigurationExpander : newReportConfigurationExpander()`profileActivationFilePathInterpolator != null ? profileActivationFilePathInterpolator : newProfileActivationFilePathInterpolator()`versionProcessor != null ? versionProcessor : newModelVersionPropertiesProcessor()`transformer != null ? transformer : newModelSourceTransformer());"" is 1596.",336
input,org.apache.maven.lifecycle,DefaultLifecycleExecutor,DefaultLifecycleExecutor,Long Identifier,The length of the parameter lifecycleExecutionPlanCalculator is 32.,68
input,org.apache.maven.artifact.repository.metadata,MetadataTest,formatDate,Long Identifier,The length of the field DEFAULT_SNAPSHOT_TIMESTAMP_FORMAT is 33.,245
input,org.apache.maven.internal.impl,DefaultProjectBuilder,build,Magic Number,The method contains a magic number: 256,67
input,org.apache.maven.project.artifact,AttachedArtifact,setRepository,Long Statement,"The length of the statement ""throw new UnsupportedOperationException(""Cannot change the repository information for an attached artifact."" + "" It is derived from the main artifact."");"" is 153.",114
input,org.apache.maven.plugin.internal,DeprecatedPluginValidator,doValidate,Long Parameter List,The method has 5 parameters. ,55
input,org.apache.maven.model.building,ModelProblemUtils,formatLocation,Complex Method,Cyclomatic complexity of the method is 8,114
input,org.apache.maven.plugin,MethodMap,isMethodInvocationConvertible,Complex Conditional,The conditional expression formal == Integer.TYPE && (actual == Integer.class || actual == Short.class || actual == Byte.class) is complex.,262
input,org.apache.maven.graph,DefaultGraphBuilderTest,testGetReactorProjects,Long Statement,"The length of the statement ""result.getProblems().forEach(p -> assertThat(p.getException()).isInstanceOf(expectedException).hasMessageContaining(partOfMessage));"" is 132.",277
input,org.apache.maven.model.validation,DefaultModelValidator,validateEffectiveDependencies,Long Statement,"The length of the statement ""validateEnum(prefix`""scope""`problems`Severity.WARNING`Version.V20`d.getScope()`d.getManagementKey()`d`""provided""`""compile""`""runtime""`""test""`""system""`""import"");"" is 159.",728
input,org.apache.maven.model.validation,DefaultModelValidator,validate20RawPlugins,Complex Conditional,The conditional expression plugin.getArtifactId() == null || (plugin.getArtifactId() != null && plugin.getArtifactId().trim().isEmpty()) is complex.,338
input,org.apache.maven.toolchain.merge,MavenToolchainMergerTest,testMergeJdkExtra,Magic Number,The method contains a magic number: 4,60
input,org.apache.maven.artifact.resolver,ArtifactResolver,resolveTransitively,Long Parameter List,The method has 5 parameters. ,79
input,org.apache.maven.cli,MavenCli,toolchains,Long Statement,"The length of the statement ""slf4jLogger.debug(""Reading global toolchains from '{}'""`getLocation(toolchainsRequest.getGlobalToolchainsSource()`globalToolchainsFile));"" is 137.",1164
input,org.apache.maven.cli,MavenCli,toolchains,Long Identifier,The length of the field DEFAULT_GLOBAL_TOOLCHAINS_FILE is 30.,1164
input,org.apache.maven.cli,MavenCli,logging,Long Statement,"The length of the statement ""boolean isBatchMode=!commandLine.hasOption(FORCE_INTERACTIVE) && (commandLine.hasOption(BATCH_MODE) || commandLine.hasOption(NON_INTERACTIVE));"" is 143.",488
input,org.apache.maven.repository.legacy,LegacyRepositorySystem,createArtifactWithClassifier,Long Parameter List,The method has 5 parameters. ,124
input,org.apache.maven.artifact,AbstractArtifactComponentTestCase,initRepoSession,Long Statement,"The length of the statement ""DependencyGraphTransformer transformer=new ConflictResolver(new NearestVersionSelector()`new JavaScopeSelector()`new SimpleOptionalitySelector()`new JavaScopeDeriver());"" is 169.",300
input,org.apache.maven.project,PomConstructionTest,testDefaultPluginsExecutionContributedByPackagingExecuteBeforeUserDefinedExecutions,Long Statement,"The length of the statement ""@SuppressWarnings(""unchecked"") List<PluginExecution> executions=(List<PluginExecution>)pom.getValue(""build/plugins[@artifactId='maven-resources-plugin']/executions"");"" is 166.",1747
input,org.apache.maven.model.building,DefaultModelBuilder,readParentExternally,Long Statement,"The length of the statement ""Objects.requireNonNull(modelResolver`String.format(""request.modelResolver cannot be null (parent POM %s and POM %s)""`ModelProblemUtils.toId(groupId`artifactId`version)`ModelProblemUtils.toSourceHint(childModel)));"" is 213.",1524
input,org.apache.maven.project.harness,Xpp3DomNodeIterator,testNode,Complex Method,Cyclomatic complexity of the method is 9,101
input,org.apache.maven.artifact.factory,DefaultArtifactFactory,createDependencyArtifact,Long Parameter List,The method has 8 parameters. ,87
input,org.apache.maven.repository.internal,DefaultVersionResolver,resolveVersion,Long Method,The method has 102 lines of code.,94
input,org.apache.maven.internal.transformation,ConsumerPomArtifactTransformer,doDeleteFiles,Empty catch clause,The method has an empty catch block.,119
input,org.apache.maven.project,ProjectModelResolverTest,testResolveParentThrowsUnresolvableModelExceptionWhenNoMatchingVersionFound,Long Statement,"The length of the statement ""UnresolvableModelException e=assertThrows(UnresolvableModelException.class`() -> newModelResolver().resolveModel(parent.getDelegate()`new AtomicReference<>())`""Expected 'UnresolvableModelException' not thrown."");"" is 212.",75
input,org.apache.maven.internal.aether,ReverseTreeRepositoryListenerTest,isLocalRepositoryArtifactTest,Long Statement,"The length of the statement ""assertThat(ReverseTreeRepositoryListener.isLocalRepositoryArtifactOrMissing(session`nonLocalReposioryArtifact)`equalTo(false));"" is 127.",41
input,org.apache.maven.lifecycle,DefaultLifecyclesTest,testCleanLifecycle,Magic Number,The method contains a magic number: 3,63
input,org.apache.maven.project.interpolation,AbstractStringBasedModelInterpolator,interpolate,Long Parameter List,The method has 5 parameters. ,155
input,org.apache.maven.cli,CLIManager,CLIManager,Long Statement,"The length of the statement ""options.addOption(Option.builder(ALSO_MAKE_DEPENDENTS).longOpt(""also-make-dependents"").desc(""If project list is specified` also build projects that depend on projects on the list"").build());"" is 190.",127
input,org.apache.maven.plugin.internal,DefaultMavenPluginManager,validateParameters,Long Statement,"The length of the statement ""String msg=""Error evaluating the expression '"" + expression + ""' for configuration value '""+ configuration.getName()+ ""'"";"" is 122.",703
input,org.apache.maven.artifact.versioning,VersionRange,intersection,Complex Method,Cyclomatic complexity of the method is 19,287
input,org.apache.maven.repository.metadata,DefaultGraphConflictResolverTest,testCompileResolution,Long Statement,"The length of the statement ""assertEquals(""1.1""`res.getIncidentEdges(v3).get(0).getVersion()`""wrong edge v1-v3 in the resulting graph after resolver"");"" is 122.",77
input,org.apache.maven.internal.impl,DefaultProjectBuilder,build,Long Method,The method has 105 lines of code.,67
input,org.apache.maven.plugin.descriptor,PluginDescriptorBuilder,buildComponentDescriptor,Long Method,The method has 121 lines of code.,165
input,org.apache.maven.model.normalization,DefaultModelNormalizer,mergeDuplicates,Magic Number,The method contains a magic number: 2,61
input,org.apache.maven.internal.impl,DefaultSessionTest,testRootDirectoryWithNull,Long Statement,"The length of the statement ""assertEquals(RootLocator.UNABLE_TO_FIND_ROOT_PROJECT_MESSAGE`assertThrows(IllegalStateException.class`session::getRootDirectory).getMessage());"" is 143.",37
input,org.apache.maven.lifecycle,LifecycleExecutorSubModulesTest,testCreation,Long Identifier,The length of the field lifeCycleTaskSegmentCalculator is 30.,67
input,org.apache.maven.repository.legacy,DefaultWagonManager,connectWagon,Empty catch clause,The method has an empty catch block.,227
input,org.apache.maven.cli,MavenCli,doMain,Empty catch clause,The method has an empty catch block.,215
input,org.apache.maven.repository.metadata,DefaultClasspathTransformationTest,setUp,Magic Number,The method contains a magic number: 2,48
input,org.apache.maven.lifecycle.providers,AbstractLifecycleProvider,AbstractLifecycleProvider,Long Statement,"The length of the statement ""this.lifecycle=new Lifecycle(id`Collections.unmodifiableList(Arrays.asList(phases))`defaultBindings == null ? null : Collections.unmodifiableMap(defaultBindings));"" is 163.",37
input,org.apache.maven,MavenLifecycleParticipantTest,testDependencyInjection,Long Statement,"The length of the statement ""ComponentDescriptor<? extends AbstractMavenLifecycleParticipant> cd=new ComponentDescriptor<>(InjectDependencyLifecycleListener.class`container.getContainerRealm());"" is 165.",97
input,org.apache.maven.repository.legacy,LegacyRepositorySystem,createArtifact,Long Parameter List,The method has 5 parameters. ,116
input,org.apache.maven.model.building,DefaultModelBuilder,checkPluginVersions,Complex Method,Cyclomatic complexity of the method is 10,1234
input,org.apache.maven.graph,DefaultProjectDependencyGraphTest,testTransitivesInOrder,Long Statement,"The length of the statement ""final ProjectDependencyGraph graph=new DefaultProjectDependencyGraph(Arrays.asList(depender1`depender4`depender2`depender3`aProject));"" is 134.",78
input,org.apache.maven.model.validation,DefaultModelValidator,validateCoordinateId,Long Statement,"The length of the statement ""addViolation(problems`severity`version`prefix + fieldName`sourceHint`""with value '"" + id + ""' does not match a valid coordinate id pattern.""`tracker);"" is 150.",1109
input,org.apache.maven.project,PomConstructionTest,testDifferentContainersWithSameId,Long Statement,"The length of the statement ""assertEquals(1`((List<?>)pom.getValue(""build/pluginManagement/plugins[@artifactId='maven-it-plugin-b']/executions[1]/goals"")).size());"" is 134.",683
input,org.apache.maven.artifact.handler,ArtifactHandlerTest,testAptConsistency,Magic Number,The method contains a magic number: 7,39
input,org.apache.maven.building,DefaultProblemTest,testGetLocation,Magic Number,The method contains a magic number: 42,99
input,org.apache.maven.repository.metadata,DefaultGraphConflictResolverTest,testCompileResolution,Long Statement,"The length of the statement ""assertEquals(""1.2""`res.getIncidentEdges(v2).get(0).getVersion()`""wrong edge v1-v2 in the resulting graph after resolver"");"" is 122.",77
input,org.apache.maven.plugin.internal,DefaultPluginDependenciesResolver,resolveInternal,Long Parameter List,The method has 5 parameters. ,172
input,org.apache.maven.lifecycle.internal.builder.multithreaded,ThreadOutputMuxerTest,testMultiThreaded,Magic Number,The method contains a magic number: 10,87
input,org.apache.maven.toolchain.building,DefaultToolchainsBuilderTest,testEnvironmentVariablesAreInterpolated,Long Statement,"The length of the statement ""doReturn(persistedToolchains).when(toolchainsReader).read(any(InputStream.class)`ArgumentMatchers.<String`Object>anyMap());"" is 123.",234
input,org.apache.maven.lifecycle.providers,AbstractLifecycleProvider,AbstractLifecycleProvider,Magic Number,The method contains a magic number: 2,37
input,org.apache.maven.plugin.internal,DefaultMavenPluginManager,populateMojoExecutionFields,Long Parameter List,The method has 6 parameters. ,615
input,org.apache.maven.project.artifact,DefaultMavenMetadataCache,artifactHashCode,Magic Number,The method contains a magic number: 17,108
input,org.apache.maven.lifecycle.internal,DefaultLifecyclePluginAnalyzer,getPluginsBoundByDefaultToAllLifecycles,Long Statement,"The length of the statement ""logger.debug(""Looking up lifecycle mappings for packaging "" + packaging + "" from ""+ Thread.currentThread().getContextClassLoader());"" is 132.",86
input,org.apache.maven.model.building,DefaultModelBuilderFactory,newProfileActivators,Long Statement,"The length of the statement ""return new ProfileActivator[]{new JdkVersionProfileActivator()`new OperatingSystemProfileActivator()`new PropertyProfileActivator()`new FileProfileActivator(newProfileActivationFilePathInterpolator())};"" is 202.",238
input,org.apache.maven.model.building,DefaultModelBuilder,loadDependencyManagement,Long Statement,"The length of the statement ""problems.add(new ModelProblemCollectorRequest(Severity.ERROR`Version.BASE).setMessage(""'dependencyManagement.dependencies.dependency.artifactId' for "" + dependency.getManagementKey() + "" is missing."").setLocation(dependency.getLocation("""")));"" is 242.",1656
input,org.apache.maven.artifact.resolver,ArtifactResolver,resolveTransitively,Long Parameter List,The method has 6 parameters. ,101
input,org.apache.maven.artifact.versioning,VersionRange,intersection,Long Method,The method has 103 lines of code.,287
input,org.apache.maven.plugin,MavenPluginManager,setupPluginRealm,Long Parameter List,The method has 5 parameters. ,86
input,org.apache.maven.model.inheritance,DefaultInheritanceAssemblerTest,testFlatTrickyUrls,Long Statement,"The length of the statement ""assertTrue(afe.getMessage().contains(""Expected text value 'http://www.apache.org/path/to/parent/../child-artifact-id/' but was "" + ""'http://www.apache.org/path/to/parent/child-artifact-id/'"")`afe.getMessage());"" is 210.",112
input,org.apache.maven.cli,CLIReportingUtilsTest,testFormatDuration,Magic Number,The method contains a magic number: 60,27
input,org.apache.maven.settings,SettingsUtilsTest,testRoundTripProfiles,Long Statement,"The length of the statement ""ActivationFile af=ActivationFile.newBuilder().exists(""exists"" + Long.toHexString(entropy.nextLong())).missing(""missing"" + Long.toHexString(entropy.nextLong())).build();"" is 168.",63
input,org.apache.maven.api.services,ArtifactFactory,create,Long Parameter List,The method has 5 parameters. ,45
input,org.apache.maven.model.merge,MavenModelMerger,mergeModel_Prerequisites,Long Parameter List,The method has 5 parameters. ,196
input,org.apache.maven.project,MavenProject,getCompileDependencies,Long Statement,"The length of the statement ""if (Artifact.SCOPE_COMPILE.equals(a.getScope()) || Artifact.SCOPE_PROVIDED.equals(a.getScope()) || Artifact.SCOPE_SYSTEM.equals(a.getScope())) {"" is 144.",1360
input,org.apache.maven.settings,DefaultMavenSettingsBuilder,buildSettings,Long Statement,"The length of the statement ""File globalSettingsFile=getFile(""${maven.conf}/settings.xml""`""maven.conf""`MavenSettingsBuilder.ALT_GLOBAL_SETTINGS_XML_LOCATION);"" is 129.",62
input,org.apache.maven,ReactorReader,getProjects,Long Statement,"The length of the statement ""allProjects.forEach(project -> map.computeIfAbsent(project.getGroupId()`k -> new HashMap<>()).computeIfAbsent(project.getArtifactId()`k -> new HashMap<>()).put(project.getVersion()`project));"" is 191.",462
input,org.apache.maven.project,ProjectModelResolver,addRepository,Long Statement,"The length of the statement ""List<RemoteRepository> newRepositories=Collections.singletonList(ArtifactDescriptorUtils.toRemoteRepository(new org.apache.maven.model.Repository(repository)));"" is 160.",120
input,org.apache.maven.model.interpolation,AbstractModelInterpolatorTest,shouldWarnPropertiesWithPomPrefix,Long Statement,"The length of the statement ""Model model=Model.newBuilder().name(uninterpolatedName).organization(Organization.newBuilder().name(orgName).build()).build();"" is 126.",509
input,org.apache.maven,DefaultMaven,validateOptionalProfiles,Long Statement,"The length of the statement ""final Set<String> notFoundOptionalProfiles=optionalProfiles.stream().filter(rap -> !allAvailableProfiles.contains(rap)).collect(toSet());"" is 137.",567
input,org.apache.maven,DefaultMaven,persistResumptionData,Long Statement,"The length of the statement ""MavenProject rootProject=session.getAllProjects().stream().filter(MavenProject::isExecutionRoot).findFirst().orElseThrow(() -> new IllegalStateException(""No project in the session is execution root""));"" is 201.",385
input,org.apache.maven.artifact,ArtifactUtils,isSnapshot,Long Statement,"The length of the statement ""if (version.regionMatches(true`version.length() - Artifact.SNAPSHOT_VERSION.length()`Artifact.SNAPSHOT_VERSION`0`Artifact.SNAPSHOT_VERSION.length())) {"" is 151.",35
input,org.apache.maven.cli.transfer,FileSizeFormatTest,testNegativeSize,Magic Number,The method contains a magic number: 100L,32
input,org.apache.maven.plugin,PluginParameterExceptionTest,testMissingRequiredCollectionTypeParameter,Long Statement,"The length of the statement ""assertEquals(""One or more required plugin parameters are invalid/missing for 'goalPrefix:goal'"" + LS + LS+ ""[0] Inside the definition for plugin 'artifactId'` specify the following:""+ LS+ LS+ ""<configuration>""+ LS+ "" ...""+ LS+ "" <toAddresses>""+ LS+ "" <item>VALUE</item>""+ LS+ "" </toAddresses>""+ LS+ ""</configuration>.""+ LS`exception.buildDiagnosticMessage());"" is 359.",71
input,org.apache.maven.project,DefaultProjectBuilder,initProject,Long Statement,"The length of the statement ""if ((dependencyManagement != null) && ((dependencyManagement.getDependencies()) != null) && (dependencyManagement.getDependencies().size() > 0)) {"" is 146.",650
input,org.apache.maven.lifecycle.internal,LifecycleModuleBuilder,LifecycleModuleBuilder,Long Identifier,The length of the parameter consumerPomArtifactTransformer is 30.,59
input,org.apache.maven.cli.configuration,SettingsXmlConfigurationProcessor,populateFromSettings,Empty catch clause,The method has an empty catch block.,186
input,org.apache.maven.repository.metadata,DefaultClasspathTransformationTest,setUp,Magic Number,The method contains a magic number: 3,48
input,org.apache.maven.lifecycle,LifecycleExecutorTest,testCalculationOfBuildPlanWithMultipleExecutionsOfModello,Magic Number,The method contains a magic number: 4,198
input,org.apache.maven.internal.xml,XmlNodeImplTest,testCombineChildrenAppend,Long Statement,"The length of the statement ""String result=""<configuration>\n"" + "" <plugins>\n"" + "" <plugin>\n""+ "" <groupId>foo.bar</groupId>\n""+ "" <artifactId>foo-bar-plugin</artifactId>\n""+ "" <configuration>\n""+ "" <plugins>\n""+ "" <plugin>\n""+ "" <groupId>org.apache.maven.plugins</groupId>\n""+ "" <artifactId>maven-compiler-plugin</artifactId>\n""+ "" <bar>\n""+ "" <value>foo</value>\n""+ "" </bar>\n""+ "" </plugin>\n""+ "" <plugin>\n""+ "" <groupId>org.apache.maven.plugins</groupId>\n""+ "" <artifactId>maven-surefire-plugin</artifactId>\n""+ "" <foo>\n""+ "" <properties combine.children=\""append\"">\n""+ "" <property>\n""+ "" <name>prop1</name>\n""+ "" <value>value1</value>\n""+ "" </property>\n""+ "" <property>\n""+ "" <name>prop2</name>\n""+ "" <value>value2</value>\n""+ "" </property>\n""+ "" </properties>\n""+ "" </foo>\n""+ "" </plugin>\n""+ "" </plugins>\n""+ "" </configuration>\n""+ "" </plugin>\n""+ "" </plugins>\n""+ ""</configuration>"";"" is 863.",46
input,org.apache.maven.artifact.transform,TransformationManagerTest,testTransformationManager,Long Statement,"The length of the statement ""assertTrue(tms.get(1) instanceof LatestArtifactTransformation`""We expected the latest transformation and got "" + tms.get(1));"" is 125.",41
input,org.apache.maven.lifecycle.internal.builder,BuilderCommonTest,getBuilderCommon,Long Statement,"The length of the statement ""return new BuilderCommon(debugLogger`new LifecycleExecutionPlanCalculatorStub()`mock(ExecutionEventCatapult.class)`logger);"" is 123.",90
input,org.apache.maven.internal.impl,AbstractSession,toArtifact,Long Statement,"The length of the statement ""return new org.eclipse.aether.artifact.DefaultArtifact(coord.getGroupId()`coord.getArtifactId()`coord.getClassifier()`coord.getExtension()`coord.getVersion().toString()`null`(File)null);"" is 186.",179
input,org.apache.maven.artifact,DefaultArtifact,DefaultArtifact,Long Parameter List,The method has 7 parameters. ,93
input,org.apache.maven.project,PomConstructionTest,testOrderOfGoalsFromPluginExecutionWithoutPluginManagement,Magic Number,The method contains a magic number: 5,594
input,org.apache.maven.internal.xml,XmlNodeImplTest,testCombineId,Magic Number,The method contains a magic number: 3,153
input,org.apache.maven.model.validation,DefaultModelValidator,validateCoordinateIdWithWildcards,Long Parameter List,The method has 8 parameters. ,1199
input,org.apache.maven.lifecycle.internal,MojoExecutor,toScopes,Long Statement,"The length of the statement ""scopes=Arrays.asList(Artifact.SCOPE_COMPILE`Artifact.SCOPE_SYSTEM`Artifact.SCOPE_PROVIDED`Artifact.SCOPE_RUNTIME`Artifact.SCOPE_TEST);"" is 134.",127
input,org.apache.maven.profiles.activation,JdkPrefixProfileActivator,canDetectActivation,Long Statement,"The length of the statement ""return profile.getActivation() != null && profile.getActivation().getJdk() != null && !profile.getActivation().getJdk().isEmpty();"" is 130.",77
input,org.apache.maven.model.validation,DefaultModelValidatorTest,testMissingDependencyExclusionId,Long Statement,"The length of the statement ""assertContains(result.getWarnings().get(1)`""'dependencies.dependency.exclusions.exclusion.artifactId' for gid:aid:jar is missing"");"" is 131.",591
input,org.apache.maven.model.validation,DefaultModelValidator,validateProfileId,Long Statement,"The length of the statement ""addViolation(problems`severity`version`prefix + fieldName`sourceHint`""with value '"" + id + ""' does not match a valid profile id pattern.""`tracker);"" is 147.",1155
input,org.apache.maven.model.plugin,DefaultLifecycleBindingsInjector,injectLifecycleBindings,Long Statement,"The length of the statement ""problems.add(new ModelProblemCollectorRequest(Severity.ERROR`Version.BASE).setMessage(""Unknown packaging: "" + packaging).setLocation(model.getLocation(""packaging"")));"" is 166.",64
input,org.apache.maven.configuration,DefaultBeanConfiguratorPathTest,testPreAndPostProcessing,Magic Number,The method contains a magic number: 2,77
input,org.apache.maven.lifecycle.internal,DefaultLifecycleExecutionPlanCalculator,DefaultLifecycleExecutionPlanCalculator,Long Parameter List,The method has 7 parameters. ,87
input,org.apache.maven.plugin,MojoNotFoundException,toMessage,Magic Number,The method contains a magic number: 256,50
input,org.apache.maven,ReactorReader,determineBuildOutputDirectoryForArtifact,Long Identifier,The length of the identifier projectCompiledDuringThisSession is 32.,175
input,org.apache.maven.api.services,ArtifactCoordinateFactory,create,Long Parameter List,The method has 5 parameters. ,46
input,org.apache.maven.plugin,ReflectionValueExtractor,getMappedValue,Long Statement,"The length of the statement ""final String message=String.format(""The token '%s' at position '%d' refers to a java.util.Map` but the value "" + ""seems is an instance of '%s'""`expression.subSequence(from`to)`from`value.getClass());"" is 199.",213
input,org.apache.maven.model.validation,DefaultModelValidator,validate20EffectiveRepository,Long Statement,"The length of the statement ""addViolation(problems`errOn31`Version.V20`prefix + ""id""`null`""must not be 'local'"" + ""` this identifier is reserved for the local repository"" + ""` using it for other repositories will corrupt your repository metadata.""`repository);"" is 231.",1032
input,org.apache.maven.cli.transfer,FileSizeFormatTest,testProgressedSizeWithSize,Magic Number,The method contains a magic number: 3L,248
input,org.apache.maven.repository.legacy.resolver,DefaultArtifactCollectorTest,testOverConstrainedVersionException,Long Statement,"The length of the statement ""OverConstrainedVersionException e=assertThrows(OverConstrainedVersionException.class`() -> collect(createSet(new Object[]{a.artifact})));"" is 137.",675
input,org.apache.maven.project,PomConstructionTest,createPath,Magic Number,The method contains a magic number: 256,1904
input,org.apache.maven.model.interpolation,AbstractStringBasedModelInterpolator,getProjectPrefixes,Long Statement,"The length of the statement ""return config.getValidationLevel() >= ModelBuildingRequest.VALIDATION_LEVEL_MAVEN_4_0 ? PROJECT_PREFIXES_4_0 : PROJECT_PREFIXES_3_1;"" is 132.",102
input,org.apache.maven.model.building,DefaultModelBuilder,setPluginConfigurationExpander,Long Identifier,The length of the field profileActivationFilePathInterpolator is 37.,562
input,org.apache.maven.repository,TestRepositorySystem,buildArtifactRepository,Long Statement,"The length of the statement ""return new MavenArtifactRepository(repository.getId()`repository.getUrl()`new DefaultRepositoryLayout()`new ArtifactRepositoryPolicy()`new ArtifactRepositoryPolicy());"" is 167.",80
input,org.apache.maven.repository.internal,DefaultModelResolverTest,testResolveDependencySuccessfullyResolvesExistingDependencyUsingHighestVersion,Long Statement,"The length of the statement ""final Dependency dependency=Dependency.newBuilder().groupId(""ut.simple"").artifactId(""artifact"").version(""(`2.0)"").build();"" is 122.",185
input,org.apache.maven.artifact.versioning,DefaultArtifactVersionTest,testVersionParsing,Magic Number,The method contains a magic number: 3,50
input,org.apache.maven.cli,CLIManager,CLIManager,Long Statement,"The length of the statement ""options.addOption(Option.builder(ENCRYPT_PASSWORD).longOpt(""encrypt-password"").hasArg().optionalArg(true).desc(""Encrypt server password"").build());"" is 147.",127
input,org.apache.maven.project,PomConstructionTest,testReportingPluginInterpolation,Long Statement,"The length of the statement ""checkReportPluginWithArtifactId(activeProfilePlugins`""only-active-profile""`""Active only ||${project.basedir}||""`""<plugin-in-active-profile-only>Active only ||${project.basedir}||</plugin-in-active-profile-only>"");"" is 213.",264
input,org.apache.maven.repository.internal.util,ConsoleTransferListener,transferSucceeded,Long Statement,"The length of the statement ""println(""transferSucceeded""`type + "": "" + resource.getRepositoryUrl()+ resource.getResourceName()+ "" (""+ len+ throughput+ "")"");"" is 127.",101
input,org.apache.maven.project,DefaultProjectBuilder,initProject,Complex Conditional,The conditional expression r.getId() != null && !r.getId().isEmpty() && r.getUrl() != null && !r.getUrl().isEmpty() is complex.,650
input,org.apache.maven.repository.internal,DefaultModelResolver,resolveModel,Complex Conditional,The conditional expression versionRangeResult.getVersionConstraint() != null && versionRangeResult.getVersionConstraint().getRange() != null && versionRangeResult.getVersionConstraint().getRange().getUpperBound() == null is complex.,212
input,org.apache.maven.toolchain.merge,MavenToolchainMergerTest,testMergeJdkExtend,Magic Number,The method contains a magic number: 2,87
input,org.apache.maven.lifecycle,LifecycleExecutorTest,testCalculationOfBuildPlanTasksOfTheCleanLifecycleAndTheInstallLifecycle,Magic Number,The method contains a magic number: 4,155
input,org.apache.maven.artifact.versioning,VersionRange,intersection,Complex Conditional,The conditional expression res1.getUpperBound() == null || res2.getLowerBound() == null || res1.getUpperBound().compareTo(res2.getLowerBound()) >= 0 is complex.,287
input,org.apache.maven.internal.xml,XmlNodeImplTest,testCombineId,Magic Number,The method contains a magic number: 2,153
input,org.apache.maven.api.services,ArtifactResolverRequest,build,Long Statement,"The length of the statement ""return builder().session(nonNull(session`""session cannot be null"")).coordinates(nonNull(coordinates`""coordinates cannot be null"")).build();"" is 139.",51
input,org.apache.maven.repository,TestRepositorySystem,createDependencyArtifact,Long Statement,"The length of the statement ""Artifact artifact=new DefaultArtifact(dependency.getGroupId()`dependency.getArtifactId()`dependency.getVersion()`dependency.getScope()`dependency.getType()`dependency.getClassifier()`new TestArtifactHandler(dependency.getType()));"" is 230.",129
input,org.apache.maven,DefaultMaven,persistResumptionData,Long Identifier,The length of the identifier hasLifecycleExecutionExceptions is 31.,385
input,org.apache.maven.artifact.resolver,ArtifactResolutionExceptionTest,testMissingArtifactMessageFormat,Long Statement,"The length of the statement ""String actual=AbstractArtifactResolutionException.constructMissingArtifactMessage(message`indentation`groupId`artifactId`version`type`classifier`downloadUrl`path);"" is 163.",35
input,org.apache.maven.project,Graph,addEdge,Long Statement,"The length of the statement ""throw new CycleDetectedException(""Edge between '"" + from.label + ""' and '""+ to.label+ ""' introduces to cycle in the graph""`cycle);"" is 130.",43
input,org.apache.maven.artifact.versioning,DefaultArtifactVersionTest,testVersionParsing,Magic Number,The method contains a magic number: 2,50
input,org.apache.maven.cli.transfer,FileSizeFormatTest,testProgressedSizeWithoutSize,Magic Number,The method contains a magic number: 1000L,223
input,org.apache.maven.model.building,DefaultModelBuilder,fromCache,Long Parameter List,The method has 5 parameters. ,1831
input,org.apache.maven.profiles,DefaultProfileManager,addProfile,Long Statement,"The length of the statement ""logger.warn(""Overriding profile: '"" + profileId + ""' (source: ""+ existing.getSource()+ "") with new instance from source: ""+ profile.getSource());"" is 145.",97
input,org.apache.maven.cli,CLIManagerDocumentationTest,getOptionsAsHtml,Magic Number,The method contains a magic number: 512,56
input,org.apache.maven.lifecycle,LifecycleExecutorTest,testLifecycleQueryingUsingADefaultLifecyclePhase,Magic Number,The method contains a magic number: 8,260
input,org.apache.maven.utils,Os,getOsFamily,Long Statement,"The length of the statement ""return Stream.of(FAMILY_DOS`FAMILY_MAC`FAMILY_NETWARE`FAMILY_NT`FAMILY_OPENVMS`FAMILY_OS2`FAMILY_OS400`FAMILY_TANDEM`FAMILY_UNIX`FAMILY_WIN9X`FAMILY_WINDOWS`FAMILY_ZOS).filter(Os::isFamily).findFirst().orElse(null);"" is 215.",192
input,org.apache.maven.plugin.internal,PlexusContainerDefaultDependenciesValidator,doValidate,Long Statement,"The length of the statement ""pluginValidationManager.reportPluginValidationIssue(PluginValidationManager.IssueLocality.EXTERNAL`session`pluginArtifact`""Plugin depends on plexus-container-default` which is EOL"");"" is 182.",44
input,org.apache.maven.repository.legacy,DefaultWagonManager,connectWagon,Long Statement,"The length of the statement ""logger.debug(""Using proxy "" + repository.getProxy().getHost() + "":""+ repository.getProxy().getPort()+ "" for ""+ repository.getUrl());"" is 132.",227
input,org.apache.maven.internal.impl,PropertiesAsMapTest,testPropertiesAsMap,Magic Number,The method contains a magic number: 2,37
input,org.apache.maven.repository.internal,ArtifactDescriptorReaderDelegate,convert,Long Statement,"The length of the statement ""Artifact artifact=new DefaultArtifact(dependency.getGroupId()`dependency.getArtifactId()`dependency.getClassifier()`null`dependency.getVersion()`props`stereotype);"" is 163.",92
input,org.apache.maven.plugin.internal,DefaultMavenPluginManager,DefaultMavenPluginManager,Long Parameter List,The method has 13 parameters. ,151
input,org.apache.maven.cli,CLIReportingUtilsTest,testFormatDuration,Magic Number,The method contains a magic number: 60,27
input,org.apache.maven.lifecycle.internal,LifecycleModuleBuilder,buildProject,Long Statement,"The length of the statement ""projectExecutionListener.beforeProjectLifecycleExecution(new ProjectExecutionEvent(session`currentProject`mojoExecutions));"" is 123.",80
input,org.apache.maven.project,PomConstructionTest,testReportingPluginInterpolation,Long Statement,"The length of the statement ""checkReportPluginWithArtifactId(outsidePlugins`""plugin-all-profiles""`""Outside ||${project.basedir}||""`""<plugin-all-profiles-out>Outside ||${project.basedir}||</plugin-all-profiles-out>"");"" is 187.",264
input,org.apache.maven.internal.aether,DefaultRepositorySystemSessionFactoryTest,transportConfigurationTest,Long Statement,"The length of the statement ""assertEquals(""Unknown resolver transport 'illegal'. Supported transports are: wagon` native` auto""`exception.getMessage());"" is 123.",349
input,org.apache.maven.cli,MavenCli,container,Long Statement,"The length of the statement ""container.discoverComponents(extension.getClassRealm()`new SessionScopeModule(container)`new MojoExecutionScopeModule(container)`new ExtensionConfigurationModule(extension`cliRequest));"" is 185.",642
